<?xml version="1.0" encoding="UTF-8"?>
<testsuites>
  <testsuite name="exporters" timestamp="2024-08-02T03:45:22Z" hostname="8acb4c36f867" tests="32" skipped="0" failures="0" errors="0" time="4.681">
    <testcase time="0.499" classname="exporters" name="exporters_work"/>
    <testcase time="0.0169999999999999" classname="exporters" name="exporters_work"/>
    <testcase time="0.0130000000000001" classname="exporters" name="exporters_work"/>
    <testcase time="0.00099999999999989" classname="exporters" name="exporters_work"/>
    <testcase time="0.337" classname="exporters" name="exporters_work"/>
    <testcase time="0.002" classname="exporters" name="exporters_work"/>
    <testcase time="0.002" classname="exporters" name="exporters_work"/>
    <testcase time="0.00100000000000011" classname="exporters" name="exporters_work"/>
    <testcase time="0.313" classname="exporters" name="exporters_work"/>
    <testcase time="0.0210000000000001" classname="exporters" name="mpf_subset_rows_works_when_there_are_newlines_wrapping_in_column_labels"/>
    <testcase time="0.00800000000000001" classname="exporters" name="mpf_subset_rows_works_when_there_are_newlines_wrapping_in_column_labels"/>
    <testcase time="0.313" classname="exporters" name="export_as_txt_maintains_repeated_columns_when_paginate_is_TRUE"/>
    <testcase time="0.00099999999999989" classname="exporters" name="export_as_txt_maintains_repeated_columns_when_paginate_is_TRUE"/>
    <testcase time="0.00099999999999989" classname="exporters" name="export_as_txt_maintains_repeated_columns_when_paginate_is_TRUE"/>
    <testcase time="0.269" classname="exporters" name="export_as_txt_maintains_horizontal_separator_from_table"/>
    <testcase time="0.308" classname="exporters" name="export_as_txt_works_with_prov_footer_and_page_numbers"/>
    <testcase time="0.004" classname="exporters" name="export_as_txt_works_with_prov_footer_and_page_numbers"/>
    <testcase time="0.00300000000000011" classname="exporters" name="export_as_txt_works_with_prov_footer_and_page_numbers"/>
    <testcase time="0.22" classname="exporters" name="export_as_pdf_works"/>
    <testcase time="0.00200000000000022" classname="exporters" name="export_as_pdf_works"/>
    <testcase time="0.0939999999999999" classname="exporters" name="export_as_pdf_works"/>
    <testcase time="0.218" classname="exporters" name="export_as_pdf_works"/>
    <testcase time="0.00200000000000022" classname="exporters" name="export_as_pdf_works"/>
    <testcase time="0.652" classname="exporters" name="exporting_lists_of_tables_and_listings_works"/>
    <testcase time="0.00199999999999978" classname="exporters" name="exporting_lists_of_tables_and_listings_works"/>
    <testcase time="0.311" classname="exporters" name="exporting_lists_of_tables_and_listings_works"/>
    <testcase time="0.208" classname="exporters" name="exporting_lists_of_tables_and_listings_works"/>
    <testcase time="0.302" classname="exporters" name="exporting_lists_of_tables_and_listings_works"/>
    <testcase time="0.00300000000000011" classname="exporters" name="exporting_lists_of_tables_and_listings_works"/>
    <testcase time="0.25" classname="exporters" name="exporting_lists_of_tables_and_listings_works"/>
    <testcase time="0.302" classname="exporters" name="exporting_lists_of_tables_and_listings_works"/>
    <testcase time="0.00199999999999978" classname="exporters" name="exporting_lists_of_tables_and_listings_works"/>
  </testsuite>
  <testsuite name="formatters" timestamp="2024-08-02T03:45:26Z" hostname="8acb4c36f867" tests="156" skipped="0" failures="0" errors="0" time="1.214">
    <testcase time="0.0149999999999997" classname="formatters" name="Default_horizontal_separator_works"/>
    <testcase time="0.00499999999999989" classname="formatters" name="Default_horizontal_separator_works"/>
    <testcase time="0.00200000000000067" classname="formatters" name="Default_horizontal_separator_works"/>
    <testcase time="0.000999999999999446" classname="formatters" name="Default_horizontal_separator_works"/>
    <testcase time="0.00100000000000033" classname="formatters" name="Default_horizontal_separator_works"/>
    <testcase time="0.00300000000000011" classname="formatters" name="Default_horizontal_separator_works"/>
    <testcase time="0.00399999999999956" classname="formatters" name="Default_horizontal_separator_works"/>
    <testcase time="0.00300000000000011" classname="formatters" name="Default_horizontal_separator_works"/>
    <testcase time="0.00100000000000033" classname="formatters" name="Default_horizontal_separator_works"/>
    <testcase time="0.000999999999999446" classname="formatters" name="Default_horizontal_separator_works"/>
    <testcase time="0.00100000000000033" classname="formatters" name="Default_horizontal_separator_works"/>
    <testcase time="0.00300000000000011" classname="formatters" name="Default_horizontal_separator_works"/>
    <testcase time="0.268" classname="formatters" name="make_row_df_produces_custom_error_message_if_used_on_MatrixPrintForm"/>
    <testcase time="0.00600000000000023" classname="formatters" name="formats_work"/>
    <testcase time="0.00100000000000033" classname="formatters" name="formats_work"/>
    <testcase time="0.000999999999999446" classname="formatters" name="formats_work"/>
    <testcase time="0.00100000000000033" classname="formatters" name="formats_work"/>
    <testcase time="0.000999999999999446" classname="formatters" name="formats_work"/>
    <testcase time="0.00100000000000033" classname="formatters" name="formats_work"/>
    <testcase time="0.00199999999999978" classname="formatters" name="formats_work"/>
    <testcase time="0.00100000000000033" classname="formatters" name="formats_work"/>
    <testcase time="0.00100000000000033" classname="formatters" name="formats_work"/>
    <testcase time="0.000999999999999446" classname="formatters" name="formats_work"/>
    <testcase time="0.00100000000000033" classname="formatters" name="formats_work"/>
    <testcase time="0.000999999999999446" classname="formatters" name="formats_work"/>
    <testcase time="0.00100000000000033" classname="formatters" name="formats_work"/>
    <testcase time="0.000999999999999446" classname="formatters" name="formats_work"/>
    <testcase time="0.00100000000000033" classname="formatters" name="formats_work"/>
    <testcase time="0.00100000000000033" classname="formatters" name="formats_work"/>
    <testcase time="0.000999999999999446" classname="formatters" name="formats_work"/>
    <testcase time="0.00199999999999978" classname="formatters" name="formats_work"/>
    <testcase time="0.00100000000000033" classname="formatters" name="formats_work"/>
    <testcase time="0.00100000000000033" classname="formatters" name="formats_work"/>
    <testcase time="0.000999999999999446" classname="formatters" name="formats_work"/>
    <testcase time="0.00199999999999978" classname="formatters" name="formats_work"/>
    <testcase time="0.00100000000000033" classname="formatters" name="formats_work"/>
    <testcase time="0.00100000000000033" classname="formatters" name="formats_work"/>
    <testcase time="0.000999999999999446" classname="formatters" name="formats_work"/>
    <testcase time="0.00200000000000067" classname="formatters" name="formats_work"/>
    <testcase time="0.000999999999999446" classname="formatters" name="formats_work"/>
    <testcase time="0.00100000000000033" classname="formatters" name="formats_work"/>
    <testcase time="0.000999999999999446" classname="formatters" name="formats_work"/>
    <testcase time="0.00200000000000067" classname="formatters" name="formats_work"/>
    <testcase time="0.000999999999999446" classname="formatters" name="formats_work"/>
    <testcase time="0.00100000000000033" classname="formatters" name="formats_work"/>
    <testcase time="0.00100000000000033" classname="formatters" name="formats_work"/>
    <testcase time="0.00199999999999978" classname="formatters" name="formats_work"/>
    <testcase time="0.000999999999999446" classname="formatters" name="formats_work"/>
    <testcase time="0.00100000000000033" classname="formatters" name="formats_work"/>
    <testcase time="0.00100000000000033" classname="formatters" name="formats_work"/>
    <testcase time="0.00100000000000033" classname="formatters" name="formats_work"/>
    <testcase time="0.00399999999999956" classname="formatters" name="formats_work"/>
    <testcase time="0.00100000000000033" classname="formatters" name="formats_work"/>
    <testcase time="0.00199999999999978" classname="formatters" name="formats_work"/>
    <testcase time="0.00100000000000033" classname="formatters" name="formats_work"/>
    <testcase time="0.00100000000000033" classname="formatters" name="formats_work"/>
    <testcase time="0.000999999999999446" classname="formatters" name="formats_work"/>
    <testcase time="0.00199999999999978" classname="formatters" name="formats_work"/>
    <testcase time="0.00100000000000033" classname="formatters" name="formats_work"/>
    <testcase time="0.00100000000000033" classname="formatters" name="formats_work"/>
    <testcase time="0.00199999999999978" classname="formatters" name="formats_work"/>
    <testcase time="0.00100000000000033" classname="formatters" name="formats_work"/>
    <testcase time="0.000999999999999446" classname="formatters" name="formats_work"/>
    <testcase time="0.00199999999999978" classname="formatters" name="formats_work"/>
    <testcase time="0.00100000000000033" classname="formatters" name="formats_work"/>
    <testcase time="0.00100000000000033" classname="formatters" name="formats_work"/>
    <testcase time="0.00199999999999978" classname="formatters" name="formats_work"/>
    <testcase time="0.00100000000000033" classname="formatters" name="formats_work"/>
    <testcase time="0.00199999999999978" classname="formatters" name="formats_work"/>
    <testcase time="0.000999999999999446" classname="formatters" name="formats_work"/>
    <testcase time="0.00100000000000033" classname="formatters" name="formats_work"/>
    <testcase time="0.00199999999999978" classname="formatters" name="formats_work"/>
    <testcase time="0.00400000000000045" classname="formatters" name="formats_work"/>
    <testcase time="0.00399999999999956" classname="formatters" name="formats_work"/>
    <testcase time="0.00499999999999989" classname="formatters" name="formats_work"/>
    <testcase time="0.00300000000000011" classname="formatters" name="formats_work"/>
    <testcase time="0.00100000000000033" classname="formatters" name="formats_work"/>
    <testcase time="0.00100000000000033" classname="formatters" name="formats_work"/>
    <testcase time="0.00199999999999978" classname="formatters" name="formats_work"/>
    <testcase time="0.000999999999999446" classname="formatters" name="formats_work"/>
    <testcase time="0.00100000000000033" classname="formatters" name="formats_work"/>
    <testcase time="0.00199999999999978" classname="formatters" name="formats_work"/>
    <testcase time="0.00100000000000033" classname="formatters" name="formats_work"/>
    <testcase time="0.00100000000000033" classname="formatters" name="formats_work"/>
    <testcase time="0.00199999999999978" classname="formatters" name="formats_work"/>
    <testcase time="0.000999999999999446" classname="formatters" name="formats_work"/>
    <testcase time="0.00200000000000067" classname="formatters" name="formats_work"/>
    <testcase time="0.000999999999999446" classname="formatters" name="formats_work"/>
    <testcase time="0.00100000000000033" classname="formatters" name="formats_work"/>
    <testcase time="0.00199999999999978" classname="formatters" name="formats_work"/>
    <testcase time="0.00400000000000045" classname="formatters" name="sprintf_formats_work"/>
    <testcase time="0.00199999999999978" classname="formatters" name="sprintf_formats_work"/>
    <testcase time="0.00499999999999989" classname="formatters" name="labels_and_miscellany"/>
    <testcase time="0.00100000000000033" classname="formatters" name="labels_and_miscellany"/>
    <testcase time="0.00300000000000011" classname="formatters" name="labels_and_miscellany"/>
    <testcase time="0.00199999999999978" classname="formatters" name="labels_and_miscellany"/>
    <testcase time="0.000999999999999446" classname="formatters" name="labels_and_miscellany"/>
    <testcase time="0.00200000000000067" classname="formatters" name="labels_and_miscellany"/>
    <testcase time="0.00199999999999978" classname="formatters" name="labels_and_miscellany"/>
    <testcase time="0.00300000000000011" classname="formatters" name="labels_and_miscellany"/>
    <testcase time="0.00300000000000011" classname="formatters" name="var_labels_works_in_self_assignment_with_named_values"/>
    <testcase time="0.016" classname="formatters" name="all_valid_format_labels_can_be_applied_without_error"/>
    <testcase time="0.00399999999999956" classname="formatters" name="all_valid_format_labels_can_be_applied_without_error"/>
    <testcase time="0.00300000000000011" classname="formatters" name="all_valid_format_labels_can_be_applied_without_error"/>
    <testcase time="0.00199999999999978" classname="formatters" name="all_valid_format_labels_can_be_applied_without_error"/>
    <testcase time="0.00400000000000045" classname="formatters" name="_unnamed_"/>
    <testcase time="0.00300000000000011" classname="formatters" name="_unnamed_"/>
    <testcase time="0.00199999999999978" classname="formatters" name="_unnamed_"/>
    <testcase time="0.00300000000000011" classname="formatters" name="_unnamed_"/>
    <testcase time="0.00399999999999956" classname="formatters" name="_unnamed_"/>
    <testcase time="0.00300000000000011" classname="formatters" name="_unnamed_"/>
    <testcase time="0.00199999999999978" classname="formatters" name="_unnamed_"/>
    <testcase time="0.00100000000000033" classname="formatters" name="_unnamed_"/>
    <testcase time="0.00399999999999956" classname="formatters" name="_unnamed_"/>
    <testcase time="0.00200000000000067" classname="formatters" name="_unnamed_"/>
    <testcase time="0.00199999999999978" classname="formatters" name="_unnamed_"/>
    <testcase time="0.00100000000000033" classname="formatters" name="_unnamed_"/>
    <testcase time="0.00199999999999978" classname="formatters" name="_unnamed_"/>
    <testcase time="0.000999999999999446" classname="formatters" name="_unnamed_"/>
    <testcase time="0.0880000000000001" classname="formatters" name="_unnamed_"/>
    <testcase time="0.00100000000000033" classname="formatters" name="_unnamed_"/>
    <testcase time="0.00699999999999967" classname="formatters" name="_unnamed_"/>
    <testcase time="0.0140000000000002" classname="formatters" name="_unnamed_"/>
    <testcase time="0.101" classname="formatters" name="error_when_widths_are_than_decimal_aligned_values"/>
    <testcase time="0.0360000000000005" classname="formatters" name="padstr_works_with_dec_left"/>
    <testcase time="0.00199999999999978" classname="formatters" name="padstr_works_with_dec_left"/>
    <testcase time="0.0259999999999998" classname="formatters" name="padstr_works_with_dec_right"/>
    <testcase time="0.0289999999999999" classname="formatters" name="padstr_works_with_decimal"/>
    <testcase time="0.0270000000000001" classname="formatters" name="decimal_alignments_work_when_there_are_numbers_but_no_decimal_places"/>
    <testcase time="0.0110000000000001" classname="formatters" name="decimal_alignments_work_when_there_are_numbers_but_no_decimal_places"/>
    <testcase time="0.0110000000000001" classname="formatters" name="decimal_alignments_work_when_there_are_numbers_but_no_decimal_places"/>
    <testcase time="0.032" classname="formatters" name="behavior_of_decimal_alignments_on_non_numbers"/>
    <testcase time="0.0169999999999995" classname="formatters" name="behavior_of_decimal_alignments_on_non_numbers"/>
    <testcase time="0.0140000000000002" classname="formatters" name="behavior_of_decimal_alignments_on_non_numbers"/>
    <testcase time="0.0140000000000002" classname="formatters" name="behavior_of_decimal_alignments_on_non_numbers"/>
    <testcase time="0.0249999999999995" classname="formatters" name="Decimal_alignment_a_specific_case_with_larger_widths"/>
    <testcase time="0.00700000000000056" classname="formatters" name="Decimal_alignment_a_specific_case_with_larger_widths"/>
    <testcase time="0.00999999999999979" classname="formatters" name="Decimal_alignment_a_specific_case_with_larger_widths"/>
    <testcase time="0.00999999999999979" classname="formatters" name="Decimal_alignment_a_specific_case_with_larger_widths"/>
    <testcase time="0.0140000000000002" classname="formatters" name="Decimal_alignment_a_specific_case_with_larger_widths"/>
    <testcase time="0.00999999999999979" classname="formatters" name="Decimal_alignment_a_specific_case_with_larger_widths"/>
    <testcase time="0.0449999999999999" classname="formatters" name="All_supported_1d_format_cases_of_decimal_alignment"/>
    <testcase time="0.0230000000000006" classname="formatters" name="All_supported_1d_format_cases_of_decimal_alignment"/>
    <testcase time="0.0259999999999998" classname="formatters" name="decimal_alignment_disallows_scientific_notation"/>
    <testcase time="0.00899999999999945" classname="formatters" name="decimal_alignment_disallows_scientific_notation"/>
    <testcase time="0.00800000000000001" classname="formatters" name="decimal_alignment_disallows_scientific_notation"/>
    <testcase time="0.0670000000000002" classname="formatters" name="All_2d_cases_for_decimal_alignment"/>
    <testcase time="0.00499999999999989" classname="formatters" name="fmt_config_works_as_expected"/>
    <testcase time="0.00200000000000067" classname="formatters" name="fmt_config_works_as_expected"/>
    <testcase time="0.000999999999999446" classname="formatters" name="fmt_config_works_as_expected"/>
    <testcase time="0.00300000000000011" classname="formatters" name="fmt_config_works_as_expected"/>
    <testcase time="0.00100000000000033" classname="formatters" name="fmt_config_works_as_expected"/>
    <testcase time="0.00199999999999978" classname="formatters" name="fmt_config_works_as_expected"/>
    <testcase time="0.00199999999999978" classname="formatters" name="fmt_config_works_as_expected"/>
    <testcase time="0.00200000000000067" classname="formatters" name="fmt_config_works_as_expected"/>
    <testcase time="0.00199999999999978" classname="formatters" name="fmt_config_works_as_expected"/>
  </testsuite>
  <testsuite name="listings" timestamp="2024-08-02T03:45:28Z" hostname="8acb4c36f867" tests="26" skipped="0" failures="0" errors="0" time="0.555">
    <testcase time="0.112" classname="listings" name="basic_listing_mf_respect_core_modifications_from_table_matrix_form"/>
    <testcase time="0.000999999999999446" classname="listings" name="basic_listing_mf_respect_core_modifications_from_table_matrix_form"/>
    <testcase time="0.00100000000000033" classname="listings" name="basic_listing_mf_respect_core_modifications_from_table_matrix_form"/>
    <testcase time="0.00100000000000033" classname="listings" name="basic_listing_mf_respect_core_modifications_from_table_matrix_form"/>
    <testcase time="0.00199999999999978" classname="listings" name="basic_listing_mf_respect_core_modifications_from_table_matrix_form"/>
    <testcase time="0.00199999999999978" classname="listings" name="basic_listing_mf_respect_core_modifications_from_table_matrix_form"/>
    <testcase time="0.00300000000000011" classname="listings" name="basic_listing_mf_respect_core_modifications_from_table_matrix_form"/>
    <testcase time="0.00199999999999978" classname="listings" name="basic_listing_mf_respect_core_modifications_from_table_matrix_form"/>
    <testcase time="0.00300000000000011" classname="listings" name="basic_listing_mf_respect_core_modifications_from_table_matrix_form"/>
    <testcase time="0.00199999999999978" classname="listings" name="basic_listing_mf_respect_core_modifications_from_table_matrix_form"/>
    <testcase time="0.00200000000000067" classname="listings" name="basic_listing_mf_respect_core_modifications_from_table_matrix_form"/>
    <testcase time="0.00299999999999923" classname="listings" name="basic_listing_mf_respect_core_modifications_from_table_matrix_form"/>
    <testcase time="0.00100000000000033" classname="listings" name="basic_listing_mf_respect_core_modifications_from_table_matrix_form"/>
    <testcase time="0.0220000000000002" classname="listings" name="basic_listing_mf_respect_core_modifications_from_table_matrix_form"/>
    <testcase time="0.00699999999999967" classname="listings" name="basic_listing_mf_respect_core_modifications_from_table_matrix_form"/>
    <testcase time="0.0369999999999999" classname="listings" name="regression_test_for_oneline_listing_pagination"/>
    <testcase time="0.024" classname="listings" name="regression_test_for_oneline_listing_pagination"/>
    <testcase time="0.0330000000000004" classname="listings" name="listings_are_correctly_paginated_when_a_wrapping_happens_on_non_dominant_keycol"/>
    <testcase time="0.0279999999999996" classname="listings" name="listings_are_correctly_paginated_when_a_wrapping_happens_on_non_dominant_keycol"/>
    <testcase time="0.0730000000000004" classname="listings" name="listings_are_correctly_paginated_when_a_wrapping_happens_on_non_dominant_keycol"/>
    <testcase time="0.0270000000000001" classname="listings" name="listings_are_correctly_paginated_when_a_wrapping_happens_on_non_dominant_keycol"/>
    <testcase time="0.0249999999999995" classname="listings" name="listings_are_correctly_paginated_when_a_wrapping_happens_on_non_dominant_keycol"/>
    <testcase time="0.0200000000000005" classname="listings" name="listings_are_correctly_paginated_when_a_wrapping_happens_on_non_dominant_keycol"/>
    <testcase time="0.0219999999999994" classname="listings" name="listings_are_correctly_paginated_when_a_wrapping_happens_on_non_dominant_keycol"/>
    <testcase time="0.0840000000000005" classname="listings" name="listings_are_correctly_paginated_when_a_wrapping_happens_on_non_dominant_keycol"/>
    <testcase time="0.0179999999999998" classname="listings" name="listings_are_correctly_paginated_when_a_wrapping_happens_on_non_dominant_keycol"/>
  </testsuite>
  <testsuite name="matrix_form" timestamp="2024-08-02T03:45:28Z" hostname="8acb4c36f867" tests="9" skipped="0" failures="0" errors="0" time="0.062">
    <testcase time="0.0510000000000002" classname="matrix_form" name="matrix_form_works_with_and_without_indentation"/>
    <testcase time="0.00100000000000033" classname="matrix_form" name="matrix_form_works_with_and_without_indentation"/>
    <testcase time="0.000999999999999446" classname="matrix_form" name="matrix_form_works_with_and_without_indentation"/>
    <testcase time="0.00100000000000033" classname="matrix_form" name="matrix_form_works_with_and_without_indentation"/>
    <testcase time="0.00199999999999978" classname="matrix_form" name="matrix_form_works_with_and_without_indentation"/>
    <testcase time="0.00100000000000033" classname="matrix_form" name="matrix_form_works_with_and_without_indentation"/>
    <testcase time="0.00199999999999978" classname="matrix_form" name="matrix_form_works_with_and_without_indentation"/>
    <testcase time="0.00100000000000033" classname="matrix_form" name="matrix_form_works_with_and_without_indentation"/>
    <testcase time="0.00199999999999978" classname="matrix_form" name="matrix_form_works_with_and_without_indentation"/>
  </testsuite>
  <testsuite name="pagination" timestamp="2024-08-02T03:45:28Z" hostname="8acb4c36f867" tests="74" skipped="0" failures="0" errors="0" time="6.809">
    <testcase time="0.0910000000000002" classname="pagination" name="pagination_works"/>
    <testcase time="0.00199999999999978" classname="pagination" name="pagination_works"/>
    <testcase time="0.00699999999999967" classname="pagination" name="pagination_works"/>
    <testcase time="0.0280000000000005" classname="pagination" name="pagination_works"/>
    <testcase time="0.161" classname="pagination" name="pagination_works"/>
    <testcase time="0.00600000000000023" classname="pagination" name="pagination_works"/>
    <testcase time="0.0259999999999998" classname="pagination" name="pagination_works"/>
    <testcase time="0.121" classname="pagination" name="pagination_works"/>
    <testcase time="0.0329999999999995" classname="pagination" name="pagination_works"/>
    <testcase time="0.0720000000000001" classname="pagination" name="pagination_works"/>
    <testcase time="0.0659999999999998" classname="pagination" name="pagination_works"/>
    <testcase time="0.153" classname="pagination" name="pagination_works"/>
    <testcase time="0.262" classname="pagination" name="pagination_works"/>
    <testcase time="0.234999999999999" classname="pagination" name="pagination_works"/>
    <testcase time="0.279000000000002" classname="pagination" name="pagination_works"/>
    <testcase time="0.0709999999999997" classname="pagination" name="pagination_works"/>
    <testcase time="0.000999999999999446" classname="pagination" name="pagination_works"/>
    <testcase time="0.000999999999999446" classname="pagination" name="pagination_works"/>
    <testcase time="0.00100000000000122" classname="pagination" name="pagination_works"/>
    <testcase time="0.0279999999999987" classname="pagination" name="pagination_works"/>
    <testcase time="0.00200000000000067" classname="pagination" name="pagination_works"/>
    <testcase time="0.00200000000000067" classname="pagination" name="pagination_works"/>
    <testcase time="0.00399999999999956" classname="pagination" name="pagination_works"/>
    <testcase time="0.00699999999999967" classname="pagination" name="pagination_works"/>
    <testcase time="0.00500000000000078" classname="pagination" name="pagination_works"/>
    <testcase time="0.00199999999999889" classname="pagination" name="pagination_works"/>
    <testcase time="0.00100000000000122" classname="pagination" name="pagination_works"/>
    <testcase time="0.000999999999999446" classname="pagination" name="pagination_works"/>
    <testcase time="0.000999999999999446" classname="pagination" name="pagination_works"/>
    <testcase time="0.00399999999999956" classname="pagination" name="pagination_works"/>
    <testcase time="0.00200000000000067" classname="pagination" name="pagination_works"/>
    <testcase time="0.000999999999999446" classname="pagination" name="pagination_works"/>
    <testcase time="0.191000000000001" classname="pagination" name="pagination_works"/>
    <testcase time="0.077" classname="pagination" name="pagination_works"/>
    <testcase time="0.423999999999999" classname="pagination" name="pagination_works"/>
    <testcase time="0.00100000000000122" classname="pagination" name="pagination_works"/>
    <testcase time="0.00299999999999834" classname="pagination" name="pagination_works"/>
    <testcase time="0.00300000000000011" classname="pagination" name="pagination_works"/>
    <testcase time="0.00200000000000067" classname="pagination" name="pagination_works"/>
    <testcase time="0.157999999999999" classname="pagination" name="pagination_works"/>
    <testcase time="0.00100000000000122" classname="pagination" name="pagination_works"/>
    <testcase time="0.0279999999999987" classname="pagination" name="pagination_works"/>
    <testcase time="0.241000000000001" classname="pagination" name="pagination_works"/>
    <testcase time="0.187999999999999" classname="pagination" name="pagination_works"/>
    <testcase time="0.301" classname="pagination" name="pagination_works"/>
    <testcase time="0.134" classname="pagination" name="pagination_works"/>
    <testcase time="0.00500000000000078" classname="pagination" name="page_to_lcpp_stuff_works"/>
    <testcase time="0.00399999999999956" classname="pagination" name="page_to_lcpp_stuff_works"/>
    <testcase time="0.00600000000000023" classname="pagination" name="non_monospaced_fonts_are_caught"/>
    <testcase time="0.113999999999999" classname="pagination" name="spans_and_string_matrix_match_after_pagination_when_table_has_single_column"/>
    <testcase time="0.264000000000001" classname="pagination" name="pag_num_works_in_paginate_to_mpfs_and_export_as_txt"/>
    <testcase time="0.347" classname="pagination" name="pag_num_works_in_paginate_to_mpfs_and_export_as_txt"/>
    <testcase time="0.00300000000000011" classname="pagination" name="pag_num_works_in_paginate_to_mpfs_and_export_as_txt"/>
    <testcase time="0.000999999999999446" classname="pagination" name="pag_num_works_in_paginate_to_mpfs_and_export_as_txt"/>
    <testcase time="0.00200000000000067" classname="pagination" name="pag_num_works_in_paginate_to_mpfs_and_export_as_txt"/>
    <testcase time="0.448" classname="pagination" name="pag_num_works_in_paginate_to_mpfs_and_export_as_txt"/>
    <testcase time="0.359999999999999" classname="pagination" name="pag_num_works_in_paginate_to_mpfs_and_export_as_txt"/>
    <testcase time="0.180999999999999" classname="pagination" name="colwidths_and_num_rep_cols_work_when_using_lists_of_tables_and_listings"/>
    <testcase time="0.00200000000000067" classname="pagination" name="colwidths_and_num_rep_cols_work_when_using_lists_of_tables_and_listings"/>
    <testcase time="0.406000000000001" classname="pagination" name="colwidths_and_num_rep_cols_work_when_using_lists_of_tables_and_listings"/>
    <testcase time="0.00300000000000011" classname="pagination" name="colwidths_and_num_rep_cols_work_when_using_lists_of_tables_and_listings"/>
    <testcase time="0.000999999999999446" classname="pagination" name="colwidths_and_num_rep_cols_work_when_using_lists_of_tables_and_listings"/>
    <testcase time="0.00199999999999889" classname="pagination" name="colwidths_and_num_rep_cols_work_when_using_lists_of_tables_and_listings"/>
    <testcase time="0.00200000000000067" classname="pagination" name="colwidths_and_num_rep_cols_work_when_using_lists_of_tables_and_listings"/>
    <testcase time="0.00900000000000034" classname="pagination" name="colwidths_and_num_rep_cols_work_when_using_lists_of_tables_and_listings"/>
    <testcase time="0.395999999999999" classname="pagination" name="colwidths_and_num_rep_cols_work_when_using_lists_of_tables_and_listings"/>
    <testcase time="0.183000000000002" classname="pagination" name="rep_cols_works_as_intended_for_listings_and_tables"/>
    <testcase time="0.00199999999999889" classname="pagination" name="rep_cols_works_as_intended_for_listings_and_tables"/>
    <testcase time="0.229000000000001" classname="pagination" name="rep_cols_works_as_intended_for_listings_and_tables"/>
    <testcase time="0.00300000000000011" classname="pagination" name="rep_cols_works_as_intended_for_listings_and_tables"/>
    <testcase time="0.206" classname="pagination" name="rep_cols_works_as_intended_for_listings_and_tables"/>
    <testcase time="0.00300000000000011" classname="pagination" name="rep_cols_works_as_intended_for_listings_and_tables"/>
    <testcase time="0.196" classname="pagination" name="rep_cols_works_as_intended_for_listings_and_tables"/>
    <testcase time="0.00300000000000011" classname="pagination" name="rep_cols_works_as_intended_for_listings_and_tables"/>
  </testsuite>
  <testsuite name="print" timestamp="2024-08-02T03:45:35Z" hostname="8acb4c36f867" tests="4" skipped="0" failures="0" errors="0" time="0.108">
    <testcase time="0.0760000000000005" classname="print" name="toString_works_with_and_without_indentation"/>
    <testcase time="0.00699999999999967" classname="print" name="toString_works_with_and_without_indentation"/>
    <testcase time="0.00900000000000034" classname="print" name="toString_works_with_and_without_indentation"/>
    <testcase time="0.016" classname="print" name="toString_works_with_and_without_indentation"/>
  </testsuite>
  <testsuite name="ref_fnotes" timestamp="2024-08-02T03:45:35Z" hostname="8acb4c36f867" tests="3" skipped="0" failures="0" errors="0" time="0.008">
    <testcase time="0.00599999999999845" classname="ref_fnotes" name="reorder_ref_fnotes_orders_referential_footnotes_correctly"/>
    <testcase time="0.00100000000000122" classname="ref_fnotes" name="reorder_ref_fnotes_orders_referential_footnotes_correctly"/>
    <testcase time="0.000999999999999446" classname="ref_fnotes" name="reorder_ref_fnotes_orders_referential_footnotes_correctly"/>
  </testsuite>
  <testsuite name="table_inset and titles and footers word wrapping" timestamp="2024-08-02T03:45:35Z" hostname="8acb4c36f867" tests="57" skipped="0" failures="0" errors="0" time="1.192">
    <testcase time="0.027000000000001" classname="table_inset_and_titles_and_footers_word_wrapping" name="tf_wrap_and_table_inset_work_including_together_"/>
    <testcase time="0.00499999999999901" classname="table_inset_and_titles_and_footers_word_wrapping" name="tf_wrap_and_table_inset_work_including_together_"/>
    <testcase time="0.00600000000000023" classname="table_inset_and_titles_and_footers_word_wrapping" name="tf_wrap_and_table_inset_work_including_together_"/>
    <testcase time="0.000999999999999446" classname="table_inset_and_titles_and_footers_word_wrapping" name="tf_wrap_and_table_inset_work_including_together_"/>
    <testcase time="0.523" classname="table_inset_and_titles_and_footers_word_wrapping" name="toString_is_silent_when_newline_is_in_decorations_footnotes_titles_as_matrix_form_constructor_expands_all_newlines"/>
    <testcase time="0.175000000000001" classname="table_inset_and_titles_and_footers_word_wrapping" name="toString_is_silent_when_newline_is_in_decorations_footnotes_titles_as_matrix_form_constructor_expands_all_newlines"/>
    <testcase time="0.0240000000000009" classname="table_inset_and_titles_and_footers_word_wrapping" name="wrapping_works_with_words_that_are_too_big_no_warning_"/>
    <testcase time="0.0259999999999998" classname="table_inset_and_titles_and_footers_word_wrapping" name="auto_wrapping_works_with_inset_and_col_gap"/>
    <testcase time="0.00300000000000011" classname="table_inset_and_titles_and_footers_word_wrapping" name="regression_tests_for_rtables_empty_title_underlying_issue"/>
    <testcase time="0.000999999999999446" classname="table_inset_and_titles_and_footers_word_wrapping" name="regression_tests_for_rtables_empty_title_underlying_issue"/>
    <testcase time="0.0199999999999996" classname="table_inset_and_titles_and_footers_word_wrapping" name="row_label_wrapping_has_identical_indentation"/>
    <testcase time="0.00699999999999967" classname="table_inset_and_titles_and_footers_word_wrapping" name="row_label_wrapping_has_identical_indentation"/>
    <testcase time="0.0330000000000013" classname="table_inset_and_titles_and_footers_word_wrapping" name="wrap_strings_work"/>
    <testcase time="0.0350000000000001" classname="table_inset_and_titles_and_footers_word_wrapping" name="wrap_strings_work"/>
    <testcase time="0.0329999999999995" classname="table_inset_and_titles_and_footers_word_wrapping" name="wrap_strings_work"/>
    <testcase time="0.00999999999999979" classname="table_inset_and_titles_and_footers_word_wrapping" name="wrap_strings_work"/>
    <testcase time="0.00799999999999912" classname="table_inset_and_titles_and_footers_word_wrapping" name="wrap_strings_work"/>
    <testcase time="0.0390000000000015" classname="table_inset_and_titles_and_footers_word_wrapping" name="wrap_strings_work"/>
    <testcase time="0.0219999999999985" classname="table_inset_and_titles_and_footers_word_wrapping" name="wrap_strings_work"/>
    <testcase time="0.0230000000000015" classname="table_inset_and_titles_and_footers_word_wrapping" name="wrap_strings_work"/>
    <testcase time="0.020999999999999" classname="table_inset_and_titles_and_footers_word_wrapping" name="toString_wrapping_avoid_trimming_whitespaces"/>
    <testcase time="0.00999999999999979" classname="table_inset_and_titles_and_footers_word_wrapping" name="toString_wrapping_avoid_trimming_whitespaces"/>
    <testcase time="0.00999999999999979" classname="table_inset_and_titles_and_footers_word_wrapping" name="toString_wrapping_avoid_trimming_whitespaces"/>
    <testcase time="0.0330000000000013" classname="table_inset_and_titles_and_footers_word_wrapping" name="toString_and_wrapping_cooperates_well_with_separator_divisors"/>
    <testcase time="0.00300000000000011" classname="table_inset_and_titles_and_footers_word_wrapping" name="max_width_is_handled_correctly_as_expected"/>
    <testcase time="0.00300000000000011" classname="table_inset_and_titles_and_footers_word_wrapping" name="max_width_is_handled_correctly_as_expected"/>
    <testcase time="0.00300000000000011" classname="table_inset_and_titles_and_footers_word_wrapping" name="max_width_is_handled_correctly_as_expected"/>
    <testcase time="0.000999999999999446" classname="table_inset_and_titles_and_footers_word_wrapping" name="max_width_is_handled_correctly_as_expected"/>
    <testcase time="0.000999999999999446" classname="table_inset_and_titles_and_footers_word_wrapping" name="max_width_is_handled_correctly_as_expected"/>
    <testcase time="0.000999999999999446" classname="table_inset_and_titles_and_footers_word_wrapping" name="max_width_is_handled_correctly_as_expected"/>
    <testcase time="0.00500000000000078" classname="table_inset_and_titles_and_footers_word_wrapping" name="max_width_is_handled_correctly_as_expected"/>
    <testcase time="0.00399999999999956" classname="table_inset_and_titles_and_footers_word_wrapping" name="max_width_is_handled_correctly_as_expected"/>
    <testcase time="0.00100000000000122" classname="table_inset_and_titles_and_footers_word_wrapping" name="max_width_is_handled_correctly_as_expected"/>
    <testcase time="0.00599999999999845" classname="table_inset_and_titles_and_footers_word_wrapping" name="wrapping_works_with_truetype_font"/>
    <testcase time="0.00300000000000011" classname="table_inset_and_titles_and_footers_word_wrapping" name="wrapping_works_with_truetype_font"/>
    <testcase time="0.00200000000000067" classname="table_inset_and_titles_and_footers_word_wrapping" name="wrapping_works_with_truetype_font"/>
    <testcase time="0.00200000000000067" classname="table_inset_and_titles_and_footers_word_wrapping" name="wrapping_works_with_truetype_font"/>
    <testcase time="0.00199999999999889" classname="table_inset_and_titles_and_footers_word_wrapping" name="wrapping_works_with_truetype_font"/>
    <testcase time="0.00300000000000011" classname="table_inset_and_titles_and_footers_word_wrapping" name="wrapping_works_with_truetype_font"/>
    <testcase time="0.00500000000000078" classname="table_inset_and_titles_and_footers_word_wrapping" name="misc_font_device_related_test_coverage"/>
    <testcase time="0.000999999999999446" classname="table_inset_and_titles_and_footers_word_wrapping" name="misc_font_device_related_test_coverage"/>
    <testcase time="0.00300000000000011" classname="table_inset_and_titles_and_footers_word_wrapping" name="misc_font_device_related_test_coverage"/>
    <testcase time="0.00200000000000067" classname="table_inset_and_titles_and_footers_word_wrapping" name="misc_font_device_related_test_coverage"/>
    <testcase time="0.00199999999999889" classname="table_inset_and_titles_and_footers_word_wrapping" name="misc_font_device_related_test_coverage"/>
    <testcase time="0.00300000000000011" classname="table_inset_and_titles_and_footers_word_wrapping" name="misc_font_device_related_test_coverage"/>
    <testcase time="0.00100000000000122" classname="table_inset_and_titles_and_footers_word_wrapping" name="misc_font_device_related_test_coverage"/>
    <testcase time="0.00399999999999956" classname="table_inset_and_titles_and_footers_word_wrapping" name="misc_font_device_related_test_coverage"/>
    <testcase time="0.00199999999999889" classname="table_inset_and_titles_and_footers_word_wrapping" name="misc_font_device_related_test_coverage"/>
    <testcase time="0.00400000000000134" classname="table_inset_and_titles_and_footers_word_wrapping" name="misc_font_device_related_test_coverage"/>
    <testcase time="0.00399999999999956" classname="table_inset_and_titles_and_footers_word_wrapping" name="misc_font_device_related_test_coverage"/>
    <testcase time="0.00300000000000011" classname="table_inset_and_titles_and_footers_word_wrapping" name="misc_font_device_related_test_coverage"/>
    <testcase time="0.00600000000000023" classname="table_inset_and_titles_and_footers_word_wrapping" name="misc_font_device_related_test_coverage"/>
    <testcase time="0.00399999999999956" classname="table_inset_and_titles_and_footers_word_wrapping" name="misc_font_device_related_test_coverage"/>
    <testcase time="0.000999999999999446" classname="table_inset_and_titles_and_footers_word_wrapping" name="misc_font_device_related_test_coverage"/>
    <testcase time="0.00399999999999956" classname="table_inset_and_titles_and_footers_word_wrapping" name="misc_font_device_related_test_coverage"/>
    <testcase time="0.00400000000000134" classname="table_inset_and_titles_and_footers_word_wrapping" name="misc_font_device_related_test_coverage"/>
    <testcase time="0.00399999999999956" classname="table_inset_and_titles_and_footers_word_wrapping" name="misc_font_device_related_test_coverage"/>
  </testsuite>
</testsuites>
