<?xml version="1.0" encoding="UTF-8"?>
<testsuites>
  <testsuite name="exporters" timestamp="2023-10-04T15:55:18Z" hostname="2f2ab8191f93" tests="14" skipped="0" failures="0" errors="0" time="1.524">
    <testcase time="0.467" classname="exporters" name="exporters_work"/>
    <testcase time="0.0170000000000001" classname="exporters" name="exporters_work"/>
    <testcase time="0.054" classname="exporters" name="exporters_work"/>
    <testcase time="0.00099999999999989" classname="exporters" name="exporters_work"/>
    <testcase time="0.309" classname="exporters" name="exporters_work"/>
    <testcase time="0.002" classname="exporters" name="exporters_work"/>
    <testcase time="0.00300000000000011" classname="exporters" name="exporters_work"/>
    <testcase time="0.00099999999999989" classname="exporters" name="exporters_work"/>
    <testcase time="0.387" classname="exporters" name="exporters_work"/>
    <testcase time="0.01" classname="exporters" name="mpf_subset_rows_works_when_there_are_newlines_wrapping_in_column_labels"/>
    <testcase time="0.00600000000000001" classname="exporters" name="mpf_subset_rows_works_when_there_are_newlines_wrapping_in_column_labels"/>
    <testcase time="0.264" classname="exporters" name="export_as_txt_maintains_repeated_columns_when_paginate_is_TRUE"/>
    <testcase time="0.00199999999999978" classname="exporters" name="export_as_txt_maintains_repeated_columns_when_paginate_is_TRUE"/>
    <testcase time="0.00099999999999989" classname="exporters" name="export_as_txt_maintains_repeated_columns_when_paginate_is_TRUE"/>
  </testsuite>
  <testsuite name="formatters" timestamp="2023-10-04T15:55:20Z" hostname="2f2ab8191f93" tests="141" skipped="0" failures="0" errors="0" time="1.023">
    <testcase time="0.02" classname="formatters" name="Default_hsep_works"/>
    <testcase time="0.246" classname="formatters" name="make_row_df_produces_custom_error_message_if_used_on_MatrixPrintForm"/>
    <testcase time="0.00800000000000001" classname="formatters" name="formats_work"/>
    <testcase time="0.00099999999999989" classname="formatters" name="formats_work"/>
    <testcase time="0.00099999999999989" classname="formatters" name="formats_work"/>
    <testcase time="0.00099999999999989" classname="formatters" name="formats_work"/>
    <testcase time="0.00100000000000033" classname="formatters" name="formats_work"/>
    <testcase time="0.00099999999999989" classname="formatters" name="formats_work"/>
    <testcase time="0.00099999999999989" classname="formatters" name="formats_work"/>
    <testcase time="0.00099999999999989" classname="formatters" name="formats_work"/>
    <testcase time="0.00100000000000033" classname="formatters" name="formats_work"/>
    <testcase time="0.00099999999999989" classname="formatters" name="formats_work"/>
    <testcase time="0.00099999999999989" classname="formatters" name="formats_work"/>
    <testcase time="0.00200000000000022" classname="formatters" name="formats_work"/>
    <testcase time="0.00099999999999989" classname="formatters" name="formats_work"/>
    <testcase time="0.00099999999999989" classname="formatters" name="formats_work"/>
    <testcase time="0.00099999999999989" classname="formatters" name="formats_work"/>
    <testcase time="0.00100000000000033" classname="formatters" name="formats_work"/>
    <testcase time="0.00099999999999989" classname="formatters" name="formats_work"/>
    <testcase time="0.00099999999999989" classname="formatters" name="formats_work"/>
    <testcase time="0.00099999999999989" classname="formatters" name="formats_work"/>
    <testcase time="0.00100000000000033" classname="formatters" name="formats_work"/>
    <testcase time="0.00199999999999978" classname="formatters" name="formats_work"/>
    <testcase time="0.00099999999999989" classname="formatters" name="formats_work"/>
    <testcase time="0.00100000000000033" classname="formatters" name="formats_work"/>
    <testcase time="0.00099999999999989" classname="formatters" name="formats_work"/>
    <testcase time="0.00099999999999989" classname="formatters" name="formats_work"/>
    <testcase time="0.00200000000000022" classname="formatters" name="formats_work"/>
    <testcase time="0.00099999999999989" classname="formatters" name="formats_work"/>
    <testcase time="0.00099999999999989" classname="formatters" name="formats_work"/>
    <testcase time="0.00099999999999989" classname="formatters" name="formats_work"/>
    <testcase time="0.00100000000000033" classname="formatters" name="formats_work"/>
    <testcase time="0.00199999999999978" classname="formatters" name="formats_work"/>
    <testcase time="0.004" classname="formatters" name="formats_work"/>
    <testcase time="0.00099999999999989" classname="formatters" name="formats_work"/>
    <testcase time="0.00200000000000022" classname="formatters" name="formats_work"/>
    <testcase time="0.00099999999999989" classname="formatters" name="formats_work"/>
    <testcase time="0.00099999999999989" classname="formatters" name="formats_work"/>
    <testcase time="0.00100000000000033" classname="formatters" name="formats_work"/>
    <testcase time="0.00199999999999978" classname="formatters" name="formats_work"/>
    <testcase time="0.00099999999999989" classname="formatters" name="formats_work"/>
    <testcase time="0.00100000000000033" classname="formatters" name="formats_work"/>
    <testcase time="0.00099999999999989" classname="formatters" name="formats_work"/>
    <testcase time="0.00199999999999978" classname="formatters" name="formats_work"/>
    <testcase time="0.00100000000000033" classname="formatters" name="formats_work"/>
    <testcase time="0.00099999999999989" classname="formatters" name="formats_work"/>
    <testcase time="0.00099999999999989" classname="formatters" name="formats_work"/>
    <testcase time="0.00199999999999978" classname="formatters" name="formats_work"/>
    <testcase time="0.00100000000000033" classname="formatters" name="formats_work"/>
    <testcase time="0.00099999999999989" classname="formatters" name="formats_work"/>
    <testcase time="0.00199999999999978" classname="formatters" name="formats_work"/>
    <testcase time="0.00100000000000033" classname="formatters" name="formats_work"/>
    <testcase time="0.00099999999999989" classname="formatters" name="formats_work"/>
    <testcase time="0.00099999999999989" classname="formatters" name="formats_work"/>
    <testcase time="0.00100000000000033" classname="formatters" name="formats_work"/>
    <testcase time="0.00099999999999989" classname="formatters" name="formats_work"/>
    <testcase time="0.00099999999999989" classname="formatters" name="formats_work"/>
    <testcase time="0.00200000000000022" classname="formatters" name="formats_work"/>
    <testcase time="0.00099999999999989" classname="formatters" name="formats_work"/>
    <testcase time="0.00599999999999978" classname="formatters" name="formats_work"/>
    <testcase time="0.00500000000000034" classname="formatters" name="formats_work"/>
    <testcase time="0.00599999999999978" classname="formatters" name="formats_work"/>
    <testcase time="0.004" classname="formatters" name="formats_work"/>
    <testcase time="0.00099999999999989" classname="formatters" name="formats_work"/>
    <testcase time="0.00200000000000022" classname="formatters" name="formats_work"/>
    <testcase time="0.00099999999999989" classname="formatters" name="formats_work"/>
    <testcase time="0.00099999999999989" classname="formatters" name="formats_work"/>
    <testcase time="0.00200000000000022" classname="formatters" name="formats_work"/>
    <testcase time="0.00099999999999989" classname="formatters" name="formats_work"/>
    <testcase time="0.00099999999999989" classname="formatters" name="formats_work"/>
    <testcase time="0.00100000000000033" classname="formatters" name="formats_work"/>
    <testcase time="0.00099999999999989" classname="formatters" name="formats_work"/>
    <testcase time="0.00099999999999989" classname="formatters" name="formats_work"/>
    <testcase time="0.00200000000000022" classname="formatters" name="formats_work"/>
    <testcase time="0.00099999999999989" classname="formatters" name="formats_work"/>
    <testcase time="0.00099999999999989" classname="formatters" name="formats_work"/>
    <testcase time="0.00700000000000012" classname="formatters" name="sprintf_formats_work"/>
    <testcase time="0.00200000000000022" classname="formatters" name="sprintf_formats_work"/>
    <testcase time="0.00699999999999967" classname="formatters" name="labels_and_miscellany"/>
    <testcase time="0.004" classname="formatters" name="labels_and_miscellany"/>
    <testcase time="0.004" classname="formatters" name="labels_and_miscellany"/>
    <testcase time="0.00200000000000022" classname="formatters" name="labels_and_miscellany"/>
    <testcase time="0.00099999999999989" classname="formatters" name="labels_and_miscellany"/>
    <testcase time="0.00200000000000022" classname="formatters" name="labels_and_miscellany"/>
    <testcase time="0.00199999999999978" classname="formatters" name="labels_and_miscellany"/>
    <testcase time="0.004" classname="formatters" name="labels_and_miscellany"/>
    <testcase time="0.00700000000000012" classname="formatters" name="all_valid_format_labels_can_be_applied_without_error"/>
    <testcase time="0.00599999999999978" classname="formatters" name="all_valid_format_labels_can_be_applied_without_error"/>
    <testcase time="0.004" classname="formatters" name="all_valid_format_labels_can_be_applied_without_error"/>
    <testcase time="0.00100000000000033" classname="formatters" name="all_valid_format_labels_can_be_applied_without_error"/>
    <testcase time="0.004" classname="formatters" name="_unnamed_"/>
    <testcase time="0.00199999999999978" classname="formatters" name="_unnamed_"/>
    <testcase time="0.00099999999999989" classname="formatters" name="_unnamed_"/>
    <testcase time="0.00200000000000022" classname="formatters" name="_unnamed_"/>
    <testcase time="0.004" classname="formatters" name="_unnamed_"/>
    <testcase time="0.004" classname="formatters" name="_unnamed_"/>
    <testcase time="0.00199999999999978" classname="formatters" name="_unnamed_"/>
    <testcase time="0.00200000000000022" classname="formatters" name="_unnamed_"/>
    <testcase time="0.00499999999999989" classname="formatters" name="_unnamed_"/>
    <testcase time="0.00300000000000011" classname="formatters" name="_unnamed_"/>
    <testcase time="0.00199999999999978" classname="formatters" name="_unnamed_"/>
    <testcase time="0.00200000000000022" classname="formatters" name="_unnamed_"/>
    <testcase time="0.00099999999999989" classname="formatters" name="_unnamed_"/>
    <testcase time="0.00199999999999978" classname="formatters" name="_unnamed_"/>
    <testcase time="0.0610000000000004" classname="formatters" name="_unnamed_"/>
    <testcase time="0.00199999999999978" classname="formatters" name="_unnamed_"/>
    <testcase time="0.00499999999999989" classname="formatters" name="_unnamed_"/>
    <testcase time="0.00699999999999967" classname="formatters" name="_unnamed_"/>
    <testcase time="0.0800000000000001" classname="formatters" name="error_when_widths_are_than_decimal_aligned_values"/>
    <testcase time="0.028" classname="formatters" name="padstr_works_with_dec_left"/>
    <testcase time="0.00099999999999989" classname="formatters" name="padstr_works_with_dec_left"/>
    <testcase time="0.0210000000000004" classname="formatters" name="padstr_works_with_dec_right"/>
    <testcase time="0.024" classname="formatters" name="padstr_works_with_decimal"/>
    <testcase time="0.02" classname="formatters" name="decimal_alignments_work_when_there_are_numbers_but_no_decimal_places"/>
    <testcase time="0.00800000000000001" classname="formatters" name="decimal_alignments_work_when_there_are_numbers_but_no_decimal_places"/>
    <testcase time="0.00800000000000001" classname="formatters" name="decimal_alignments_work_when_there_are_numbers_but_no_decimal_places"/>
    <testcase time="0.024" classname="formatters" name="behavior_of_decimal_alignments_on_non_numbers"/>
    <testcase time="0.0129999999999999" classname="formatters" name="behavior_of_decimal_alignments_on_non_numbers"/>
    <testcase time="0.0089999999999999" classname="formatters" name="behavior_of_decimal_alignments_on_non_numbers"/>
    <testcase time="0.0100000000000002" classname="formatters" name="behavior_of_decimal_alignments_on_non_numbers"/>
    <testcase time="0.02" classname="formatters" name="Decimal_alignment_a_specific_case_with_larger_widths"/>
    <testcase time="0.00700000000000012" classname="formatters" name="Decimal_alignment_a_specific_case_with_larger_widths"/>
    <testcase time="0.00800000000000001" classname="formatters" name="Decimal_alignment_a_specific_case_with_larger_widths"/>
    <testcase time="0.00800000000000001" classname="formatters" name="Decimal_alignment_a_specific_case_with_larger_widths"/>
    <testcase time="0.0109999999999997" classname="formatters" name="Decimal_alignment_a_specific_case_with_larger_widths"/>
    <testcase time="0.00700000000000012" classname="formatters" name="Decimal_alignment_a_specific_case_with_larger_widths"/>
    <testcase time="0.0379999999999998" classname="formatters" name="All_supported_1d_format_cases_of_decimal_alignment"/>
    <testcase time="0.0150000000000001" classname="formatters" name="All_supported_1d_format_cases_of_decimal_alignment"/>
    <testcase time="0.0209999999999999" classname="formatters" name="decimal_alignment_disallows_scientific_notation"/>
    <testcase time="0.00700000000000012" classname="formatters" name="decimal_alignment_disallows_scientific_notation"/>
    <testcase time="0.00700000000000012" classname="formatters" name="decimal_alignment_disallows_scientific_notation"/>
    <testcase time="0.0619999999999998" classname="formatters" name="All_2d_cases_for_decimal_alignment"/>
    <testcase time="0.00700000000000012" classname="formatters" name="fmt_config_works_as_expected"/>
    <testcase time="0.00099999999999989" classname="formatters" name="fmt_config_works_as_expected"/>
    <testcase time="0.00200000000000022" classname="formatters" name="fmt_config_works_as_expected"/>
    <testcase time="0.00199999999999978" classname="formatters" name="fmt_config_works_as_expected"/>
    <testcase time="0.00200000000000022" classname="formatters" name="fmt_config_works_as_expected"/>
    <testcase time="0.00199999999999978" classname="formatters" name="fmt_config_works_as_expected"/>
    <testcase time="0.00200000000000022" classname="formatters" name="fmt_config_works_as_expected"/>
    <testcase time="0.00199999999999978" classname="formatters" name="fmt_config_works_as_expected"/>
    <testcase time="0.00200000000000022" classname="formatters" name="fmt_config_works_as_expected"/>
  </testsuite>
  <testsuite name="pagination" timestamp="2023-10-04T15:55:21Z" hostname="2f2ab8191f93" tests="51" skipped="0" failures="0" errors="0" time="4.086">
    <testcase time="0.0799999999999996" classname="pagination" name="pagination_works"/>
    <testcase time="0.00100000000000033" classname="pagination" name="pagination_works"/>
    <testcase time="0.0089999999999999" classname="pagination" name="pagination_works"/>
    <testcase time="0.0449999999999999" classname="pagination" name="pagination_works"/>
    <testcase time="0.148" classname="pagination" name="pagination_works"/>
    <testcase time="0.0640000000000001" classname="pagination" name="pagination_works"/>
    <testcase time="0.016" classname="pagination" name="pagination_works"/>
    <testcase time="0.0819999999999999" classname="pagination" name="pagination_works"/>
    <testcase time="0.0169999999999999" classname="pagination" name="pagination_works"/>
    <testcase time="0.0430000000000001" classname="pagination" name="pagination_works"/>
    <testcase time="0.0459999999999998" classname="pagination" name="pagination_works"/>
    <testcase time="0.105" classname="pagination" name="pagination_works"/>
    <testcase time="0.338" classname="pagination" name="pagination_works"/>
    <testcase time="0.309" classname="pagination" name="pagination_works"/>
    <testcase time="0.359" classname="pagination" name="pagination_works"/>
    <testcase time="0.123" classname="pagination" name="pagination_works"/>
    <testcase time="0.000999999999999446" classname="pagination" name="pagination_works"/>
    <testcase time="0.00100000000000033" classname="pagination" name="pagination_works"/>
    <testcase time="0.00100000000000033" classname="pagination" name="pagination_works"/>
    <testcase time="0.0219999999999994" classname="pagination" name="pagination_works"/>
    <testcase time="0.00300000000000011" classname="pagination" name="pagination_works"/>
    <testcase time="0.00199999999999978" classname="pagination" name="pagination_works"/>
    <testcase time="0.00500000000000078" classname="pagination" name="pagination_works"/>
    <testcase time="0.0129999999999999" classname="pagination" name="pagination_works"/>
    <testcase time="0.00699999999999967" classname="pagination" name="pagination_works"/>
    <testcase time="0.00100000000000033" classname="pagination" name="pagination_works"/>
    <testcase time="0.000999999999999446" classname="pagination" name="pagination_works"/>
    <testcase time="0.00100000000000033" classname="pagination" name="pagination_works"/>
    <testcase time="0.00100000000000033" classname="pagination" name="pagination_works"/>
    <testcase time="0.000999999999999446" classname="pagination" name="pagination_works"/>
    <testcase time="0.00199999999999978" classname="pagination" name="pagination_works"/>
    <testcase time="0.00100000000000033" classname="pagination" name="pagination_works"/>
    <testcase time="0.177" classname="pagination" name="pagination_works"/>
    <testcase time="0.0800000000000001" classname="pagination" name="pagination_works"/>
    <testcase time="0.554" classname="pagination" name="pagination_works"/>
    <testcase time="0.00100000000000033" classname="pagination" name="pagination_works"/>
    <testcase time="0.00399999999999956" classname="pagination" name="pagination_works"/>
    <testcase time="0.00300000000000011" classname="pagination" name="pagination_works"/>
    <testcase time="0.00400000000000045" classname="pagination" name="pagination_works"/>
    <testcase time="0.125" classname="pagination" name="pagination_works"/>
    <testcase time="0.00199999999999978" classname="pagination" name="pagination_works"/>
    <testcase time="0.0270000000000001" classname="pagination" name="pagination_works"/>
    <testcase time="0.281" classname="pagination" name="pagination_works"/>
    <testcase time="0.221" classname="pagination" name="pagination_works"/>
    <testcase time="0.403" classname="pagination" name="pagination_works"/>
    <testcase time="0.143000000000001" classname="pagination" name="pagination_works"/>
    <testcase time="0.00699999999999967" classname="pagination" name="page_to_lcpp_stuff_works"/>
    <testcase time="0.00400000000000045" classname="pagination" name="page_to_lcpp_stuff_works"/>
    <testcase time="0.00999999999999979" classname="pagination" name="non_monospaced_fonts_are_caught"/>
    <testcase time="0.00399999999999956" classname="pagination" name="non_monospaced_fonts_are_caught"/>
    <testcase time="0.188000000000001" classname="pagination" name="spans_and_string_matrix_match_after_pagination_when_table_has_single_column"/>
  </testsuite>
  <testsuite name="table_inset and titles and footers word wrapping" timestamp="2023-10-04T15:55:25Z" hostname="2f2ab8191f93" tests="11" skipped="0" failures="0" errors="0" time="0.516">
    <testcase time="0.0169999999999995" classname="table_inset_and_titles_and_footers_word_wrapping" name="tf_wordwrap_and_table_inset_work_including_together_"/>
    <testcase time="0.00300000000000011" classname="table_inset_and_titles_and_footers_word_wrapping" name="tf_wordwrap_and_table_inset_work_including_together_"/>
    <testcase time="0.00400000000000045" classname="table_inset_and_titles_and_footers_word_wrapping" name="tf_wordwrap_and_table_inset_work_including_together_"/>
    <testcase time="0.000999999999999446" classname="table_inset_and_titles_and_footers_word_wrapping" name="tf_wordwrap_and_table_inset_work_including_together_"/>
    <testcase time="0.33" classname="table_inset_and_titles_and_footers_word_wrapping" name="toString_throws_a_warning_when_newline_is_in_string"/>
    <testcase time="0.105" classname="table_inset_and_titles_and_footers_word_wrapping" name="toString_throws_a_warning_when_newline_is_in_string"/>
    <testcase time="0.0190000000000001" classname="table_inset_and_titles_and_footers_word_wrapping" name="works_with_words_that_are_too_big_no_warning_"/>
    <testcase time="0.016" classname="table_inset_and_titles_and_footers_word_wrapping" name="auto_works_with_inset_and_col_gap"/>
    <testcase time="0.00400000000000045" classname="table_inset_and_titles_and_footers_word_wrapping" name="regression_tests_for_rtables_empty_title_underlying_issue"/>
    <testcase time="0.000999999999999446" classname="table_inset_and_titles_and_footers_word_wrapping" name="regression_tests_for_rtables_empty_title_underlying_issue"/>
    <testcase time="0.016" classname="table_inset_and_titles_and_footers_word_wrapping" name="row_label_wrapping_has_identical_indentation"/>
  </testsuite>
</testsuites>
