<?xml version="1.0" encoding="UTF-8"?>
<testsuites>
  <testsuite name="exporters" timestamp="2023-10-10T09:06:31Z" hostname="2afdcf2ebabf" tests="2" skipped="0" failures="0" errors="2" time="0.35">
    <testcase time="0.136" classname="exporters" name="exporters_work">
      <error type="error" message="Error in `paginate_to_mpfs(x, page_type = page_type, font_family = font_family,  ('test-exporters.R:33:5')">Error in `paginate_to_mpfs(x, page_type = page_type, font_family = font_family, 
    font_size = font_size, lineheight = lineheight, landscape = landscape, 
    pg_width = pg_width, pg_height = pg_height, margins = margins, 
    lpp = lpp, cpp = cpp, min_siblings = min_siblings, nosplitin = nosplitin, 
    colwidths = colwidths, tf_wrap = tf_wrap, max_width = max_width, 
    indent_size = indent_size, verbose = verbose, rep_cols = rep_cols)`: non-interactive browser() -- left over from debugging?
Backtrace:
    ▆
 1. └─formatters::export_as_txt(...) at test-exporters.R:33:4
 2.   └─formatters::paginate_to_mpfs(...)</error>
    </testcase>
    <testcase time="0.214" classname="exporters" name="export_as_txt_maintains_repeated_columns_when_paginate_is_TRUE">
      <error type="error" message="Error in `paginate_to_mpfs(x, page_type = page_type, font_family = font_family,  ('test-exporters.R:124:3')">Error in `paginate_to_mpfs(x, page_type = page_type, font_family = font_family, 
    font_size = font_size, lineheight = lineheight, landscape = landscape, 
    pg_width = pg_width, pg_height = pg_height, margins = margins, 
    lpp = lpp, cpp = cpp, min_siblings = min_siblings, nosplitin = nosplitin, 
    colwidths = colwidths, tf_wrap = tf_wrap, max_width = max_width, 
    indent_size = indent_size, verbose = verbose, rep_cols = rep_cols)`: non-interactive browser() -- left over from debugging?
Backtrace:
    ▆
 1. └─formatters::export_as_txt(dfmf, cpp = 90, rep_cols = 3) at test-exporters.R:124:2
 2.   └─formatters::paginate_to_mpfs(...)</error>
    </testcase>
  </testsuite>
  <testsuite name="formatters" timestamp="2023-10-10T09:06:32Z" hostname="2afdcf2ebabf" tests="141" skipped="0" failures="0" errors="0" time="1.125">
    <testcase time="0.0519999999999999" classname="formatters" name="Default_hsep_works"/>
    <testcase time="0.231" classname="formatters" name="make_row_df_produces_custom_error_message_if_used_on_MatrixPrintForm"/>
    <testcase time="0.00900000000000012" classname="formatters" name="formats_work"/>
    <testcase time="0.00099999999999989" classname="formatters" name="formats_work"/>
    <testcase time="0.002" classname="formatters" name="formats_work"/>
    <testcase time="0.00100000000000011" classname="formatters" name="formats_work"/>
    <testcase time="0.00099999999999989" classname="formatters" name="formats_work"/>
    <testcase time="0.002" classname="formatters" name="formats_work"/>
    <testcase time="0.00100000000000011" classname="formatters" name="formats_work"/>
    <testcase time="0.002" classname="formatters" name="formats_work"/>
    <testcase time="0.00099999999999989" classname="formatters" name="formats_work"/>
    <testcase time="0.00100000000000011" classname="formatters" name="formats_work"/>
    <testcase time="0.002" classname="formatters" name="formats_work"/>
    <testcase time="0.00099999999999989" classname="formatters" name="formats_work"/>
    <testcase time="0.002" classname="formatters" name="formats_work"/>
    <testcase time="0.00100000000000011" classname="formatters" name="formats_work"/>
    <testcase time="0.00099999999999989" classname="formatters" name="formats_work"/>
    <testcase time="0.002" classname="formatters" name="formats_work"/>
    <testcase time="0.00100000000000011" classname="formatters" name="formats_work"/>
    <testcase time="0.002" classname="formatters" name="formats_work"/>
    <testcase time="0.00099999999999989" classname="formatters" name="formats_work"/>
    <testcase time="0.002" classname="formatters" name="formats_work"/>
    <testcase time="0.00100000000000011" classname="formatters" name="formats_work"/>
    <testcase time="0.002" classname="formatters" name="formats_work"/>
    <testcase time="0.004" classname="formatters" name="formats_work"/>
    <testcase time="0.00099999999999989" classname="formatters" name="formats_work"/>
    <testcase time="0.002" classname="formatters" name="formats_work"/>
    <testcase time="0.00100000000000011" classname="formatters" name="formats_work"/>
    <testcase time="0.002" classname="formatters" name="formats_work"/>
    <testcase time="0.00099999999999989" classname="formatters" name="formats_work"/>
    <testcase time="0.002" classname="formatters" name="formats_work"/>
    <testcase time="0.00100000000000011" classname="formatters" name="formats_work"/>
    <testcase time="0.002" classname="formatters" name="formats_work"/>
    <testcase time="0.002" classname="formatters" name="formats_work"/>
    <testcase time="0.00099999999999989" classname="formatters" name="formats_work"/>
    <testcase time="0.002" classname="formatters" name="formats_work"/>
    <testcase time="0.00100000000000011" classname="formatters" name="formats_work"/>
    <testcase time="0.002" classname="formatters" name="formats_work"/>
    <testcase time="0.00099999999999989" classname="formatters" name="formats_work"/>
    <testcase time="0.002" classname="formatters" name="formats_work"/>
    <testcase time="0.00100000000000011" classname="formatters" name="formats_work"/>
    <testcase time="0.002" classname="formatters" name="formats_work"/>
    <testcase time="0.002" classname="formatters" name="formats_work"/>
    <testcase time="0.00099999999999989" classname="formatters" name="formats_work"/>
    <testcase time="0.002" classname="formatters" name="formats_work"/>
    <testcase time="0.00100000000000011" classname="formatters" name="formats_work"/>
    <testcase time="0.00100000000000011" classname="formatters" name="formats_work"/>
    <testcase time="0.002" classname="formatters" name="formats_work"/>
    <testcase time="0.00099999999999989" classname="formatters" name="formats_work"/>
    <testcase time="0.002" classname="formatters" name="formats_work"/>
    <testcase time="0.00099999999999989" classname="formatters" name="formats_work"/>
    <testcase time="0.002" classname="formatters" name="formats_work"/>
    <testcase time="0.002" classname="formatters" name="formats_work"/>
    <testcase time="0.00100000000000011" classname="formatters" name="formats_work"/>
    <testcase time="0.002" classname="formatters" name="formats_work"/>
    <testcase time="0.002" classname="formatters" name="formats_work"/>
    <testcase time="0.00099999999999989" classname="formatters" name="formats_work"/>
    <testcase time="0.002" classname="formatters" name="formats_work"/>
    <testcase time="0.002" classname="formatters" name="formats_work"/>
    <testcase time="0.00600000000000001" classname="formatters" name="formats_work"/>
    <testcase time="0.00500000000000012" classname="formatters" name="formats_work"/>
    <testcase time="0.00600000000000001" classname="formatters" name="formats_work"/>
    <testcase time="0.004" classname="formatters" name="formats_work"/>
    <testcase time="0.002" classname="formatters" name="formats_work"/>
    <testcase time="0.00099999999999989" classname="formatters" name="formats_work"/>
    <testcase time="0.002" classname="formatters" name="formats_work"/>
    <testcase time="0.002" classname="formatters" name="formats_work"/>
    <testcase time="0.00100000000000011" classname="formatters" name="formats_work"/>
    <testcase time="0.002" classname="formatters" name="formats_work"/>
    <testcase time="0.00099999999999989" classname="formatters" name="formats_work"/>
    <testcase time="0.00500000000000012" classname="formatters" name="formats_work"/>
    <testcase time="0.00099999999999989" classname="formatters" name="formats_work"/>
    <testcase time="0.002" classname="formatters" name="formats_work"/>
    <testcase time="0.002" classname="formatters" name="formats_work"/>
    <testcase time="0.002" classname="formatters" name="formats_work"/>
    <testcase time="0.00100000000000011" classname="formatters" name="formats_work"/>
    <testcase time="0.0069999999999999" classname="formatters" name="sprintf_formats_work"/>
    <testcase time="0.002" classname="formatters" name="sprintf_formats_work"/>
    <testcase time="0.00700000000000012" classname="formatters" name="labels_and_miscellany"/>
    <testcase time="0.002" classname="formatters" name="labels_and_miscellany"/>
    <testcase time="0.004" classname="formatters" name="labels_and_miscellany"/>
    <testcase time="0.002" classname="formatters" name="labels_and_miscellany"/>
    <testcase time="0.002" classname="formatters" name="labels_and_miscellany"/>
    <testcase time="0.00299999999999989" classname="formatters" name="labels_and_miscellany"/>
    <testcase time="0.002" classname="formatters" name="labels_and_miscellany"/>
    <testcase time="0.004" classname="formatters" name="labels_and_miscellany"/>
    <testcase time="0.00700000000000012" classname="formatters" name="all_valid_format_labels_can_be_applied_without_error"/>
    <testcase time="0.00600000000000001" classname="formatters" name="all_valid_format_labels_can_be_applied_without_error"/>
    <testcase time="0.004" classname="formatters" name="all_valid_format_labels_can_be_applied_without_error"/>
    <testcase time="0.002" classname="formatters" name="all_valid_format_labels_can_be_applied_without_error"/>
    <testcase time="0.004" classname="formatters" name="_unnamed_"/>
    <testcase time="0.002" classname="formatters" name="_unnamed_"/>
    <testcase time="0.00099999999999989" classname="formatters" name="_unnamed_"/>
    <testcase time="0.002" classname="formatters" name="_unnamed_"/>
    <testcase time="0.00499999999999989" classname="formatters" name="_unnamed_"/>
    <testcase time="0.004" classname="formatters" name="_unnamed_"/>
    <testcase time="0.002" classname="formatters" name="_unnamed_"/>
    <testcase time="0.00500000000000012" classname="formatters" name="_unnamed_"/>
    <testcase time="0.00499999999999989" classname="formatters" name="_unnamed_"/>
    <testcase time="0.00300000000000011" classname="formatters" name="_unnamed_"/>
    <testcase time="0.002" classname="formatters" name="_unnamed_"/>
    <testcase time="0.002" classname="formatters" name="_unnamed_"/>
    <testcase time="0.00099999999999989" classname="formatters" name="_unnamed_"/>
    <testcase time="0.002" classname="formatters" name="_unnamed_"/>
    <testcase time="0.0590000000000002" classname="formatters" name="_unnamed_"/>
    <testcase time="0.00099999999999989" classname="formatters" name="_unnamed_"/>
    <testcase time="0.00600000000000001" classname="formatters" name="_unnamed_"/>
    <testcase time="0.0579999999999998" classname="formatters" name="_unnamed_"/>
    <testcase time="0.0810000000000002" classname="formatters" name="error_when_widths_are_than_decimal_aligned_values"/>
    <testcase time="0.0269999999999999" classname="formatters" name="padstr_works_with_dec_left"/>
    <testcase time="0.002" classname="formatters" name="padstr_works_with_dec_left"/>
    <testcase time="0.022" classname="formatters" name="padstr_works_with_dec_right"/>
    <testcase time="0.024" classname="formatters" name="padstr_works_with_decimal"/>
    <testcase time="0.0189999999999999" classname="formatters" name="decimal_alignments_work_when_there_are_numbers_but_no_decimal_places"/>
    <testcase time="0.00800000000000001" classname="formatters" name="decimal_alignments_work_when_there_are_numbers_but_no_decimal_places"/>
    <testcase time="0.00800000000000001" classname="formatters" name="decimal_alignments_work_when_there_are_numbers_but_no_decimal_places"/>
    <testcase time="0.0250000000000001" classname="formatters" name="behavior_of_decimal_alignments_on_non_numbers"/>
    <testcase time="0.01" classname="formatters" name="behavior_of_decimal_alignments_on_non_numbers"/>
    <testcase time="0.0129999999999999" classname="formatters" name="behavior_of_decimal_alignments_on_non_numbers"/>
    <testcase time="0.01" classname="formatters" name="behavior_of_decimal_alignments_on_non_numbers"/>
    <testcase time="0.02" classname="formatters" name="Decimal_alignment_a_specific_case_with_larger_widths"/>
    <testcase time="0.0069999999999999" classname="formatters" name="Decimal_alignment_a_specific_case_with_larger_widths"/>
    <testcase time="0.00800000000000001" classname="formatters" name="Decimal_alignment_a_specific_case_with_larger_widths"/>
    <testcase time="0.00800000000000001" classname="formatters" name="Decimal_alignment_a_specific_case_with_larger_widths"/>
    <testcase time="0.00800000000000001" classname="formatters" name="Decimal_alignment_a_specific_case_with_larger_widths"/>
    <testcase time="0.00800000000000001" classname="formatters" name="Decimal_alignment_a_specific_case_with_larger_widths"/>
    <testcase time="0.0390000000000001" classname="formatters" name="All_supported_1d_format_cases_of_decimal_alignment"/>
    <testcase time="0.0149999999999999" classname="formatters" name="All_supported_1d_format_cases_of_decimal_alignment"/>
    <testcase time="0.0189999999999999" classname="formatters" name="decimal_alignment_disallows_scientific_notation"/>
    <testcase time="0.00900000000000012" classname="formatters" name="decimal_alignment_disallows_scientific_notation"/>
    <testcase time="0.0069999999999999" classname="formatters" name="decimal_alignment_disallows_scientific_notation"/>
    <testcase time="0.0600000000000003" classname="formatters" name="All_2d_cases_for_decimal_alignment"/>
    <testcase time="0.00800000000000001" classname="formatters" name="fmt_config_works_as_expected"/>
    <testcase time="0.00199999999999978" classname="formatters" name="fmt_config_works_as_expected"/>
    <testcase time="0.00099999999999989" classname="formatters" name="fmt_config_works_as_expected"/>
    <testcase time="0.00300000000000011" classname="formatters" name="fmt_config_works_as_expected"/>
    <testcase time="0.00200000000000022" classname="formatters" name="fmt_config_works_as_expected"/>
    <testcase time="0.00199999999999978" classname="formatters" name="fmt_config_works_as_expected"/>
    <testcase time="0.00300000000000011" classname="formatters" name="fmt_config_works_as_expected"/>
    <testcase time="0.00199999999999978" classname="formatters" name="fmt_config_works_as_expected"/>
    <testcase time="0.00300000000000011" classname="formatters" name="fmt_config_works_as_expected"/>
  </testsuite>
  <testsuite name="pagination" timestamp="2023-10-10T09:06:33Z" hostname="2afdcf2ebabf" tests="18" skipped="0" failures="2" errors="2" time="0.683">
    <testcase time="0.0779999999999998" classname="pagination" name="pagination_works"/>
    <testcase time="0.00100000000000033" classname="pagination" name="pagination_works"/>
    <testcase time="0.00999999999999979" classname="pagination" name="pagination_works"/>
    <testcase time="0.036" classname="pagination" name="pagination_works"/>
    <testcase time="0.0649999999999999" classname="pagination" name="pagination_works">
      <failure type="failure" message="`paginate_to_mpfs(...)` threw an error with unexpected message. ('test-pagination.R:36:5')">`paginate_to_mpfs(...)` threw an error with unexpected message.
Expected match: "Unable to find any valid pagination"
Actual message: "non-interactive browser() -- left over from debugging?"
Backtrace:
    ▆
 1. ├─testthat::expect_error(...) at test-pagination.R:36:4
 2. │ └─testthat:::quasi_capture(...)
 3. │   ├─testthat (local) .capture(...)
 4. │   │ └─base::withCallingHandlers(...)
 5. │   └─rlang::eval_bare(quo_get_expr(.quo), quo_get_env(.quo))
 6. └─formatters::paginate_to_mpfs(...)</failure>
    </testcase>
    <testcase time="0.0750000000000002" classname="pagination" name="pagination_works"/>
    <testcase time="0.02" classname="pagination" name="pagination_works"/>
    <testcase time="0.00599999999999978" classname="pagination" name="pagination_works">
      <failure type="failure" message="`paginate_to_mpfs(dfmf_cont, lpp = 8 + 2, min_siblings = 0, verbose = TRUE)` threw an error with unexpected message. ('test-pagination.R:59:5')">`paginate_to_mpfs(dfmf_cont, lpp = 8 + 2, min_siblings = 0, verbose = TRUE)` threw an error with unexpected message.
Expected match: "Unable to find any valid pagination"
Actual message: "non-interactive browser() -- left over from debugging?"
Backtrace:
    ▆
 1. ├─testthat::expect_error(...) at test-pagination.R:59:4
 2. │ └─testthat:::quasi_capture(...)
 3. │   ├─testthat (local) .capture(...)
 4. │   │ └─base::withCallingHandlers(...)
 5. │   └─rlang::eval_bare(quo_get_expr(.quo), quo_get_env(.quo))
 6. └─formatters::paginate_to_mpfs(...)</failure>
    </testcase>
    <testcase time="0.0310000000000001" classname="pagination" name="pagination_works"/>
    <testcase time="0.0449999999999999" classname="pagination" name="pagination_works"/>
    <testcase time="0.044" classname="pagination" name="pagination_works"/>
    <testcase time="0.0979999999999999" classname="pagination" name="pagination_works"/>
    <testcase time="0.00800000000000001" classname="pagination" name="pagination_works">
      <error type="error" message="Error in `paginate_to_mpfs(df2mf, lpp = 8 + 2, min_siblings = 0, verbose = TRUE)`: non-interactive browser() -- left over from debugging? ('test-pagination.R:110:5')">Error in `paginate_to_mpfs(df2mf, lpp = 8 + 2, min_siblings = 0, verbose = TRUE)`: non-interactive browser() -- left over from debugging?
Backtrace:
    ▆
 1. └─formatters::paginate_to_mpfs(...) at test-pagination.R:110:4</error>
    </testcase>
    <testcase time="0.0620000000000003" classname="pagination" name="page_to_lcpp_stuff_works"/>
    <testcase time="0.004" classname="pagination" name="page_to_lcpp_stuff_works"/>
    <testcase time="0.036" classname="pagination" name="non_monospaced_fonts_are_caught"/>
    <testcase time="0.00499999999999989" classname="pagination" name="non_monospaced_fonts_are_caught"/>
    <testcase time="0.0589999999999997" classname="pagination" name="spans_and_string_matrix_match_after_pagination_when_table_has_single_column">
      <error type="error" message="Error in `paginate_to_mpfs(test)`: non-interactive browser() -- left over from debugging? ('test-pagination.R:325:3')">Error in `paginate_to_mpfs(test)`: non-interactive browser() -- left over from debugging?
Backtrace:
    ▆
 1. └─formatters::paginate_to_mpfs(test) at test-pagination.R:325:2</error>
    </testcase>
  </testsuite>
  <testsuite name="table_inset and titles and footers word wrapping" timestamp="2023-10-10T09:06:33Z" hostname="2afdcf2ebabf" tests="11" skipped="0" failures="0" errors="0" time="0.553">
    <testcase time="0.0370000000000004" classname="table_inset_and_titles_and_footers_word_wrapping" name="tf_wordwrap_and_table_inset_work_including_together_"/>
    <testcase time="0.004" classname="table_inset_and_titles_and_footers_word_wrapping" name="tf_wordwrap_and_table_inset_work_including_together_"/>
    <testcase time="0.004" classname="table_inset_and_titles_and_footers_word_wrapping" name="tf_wordwrap_and_table_inset_work_including_together_"/>
    <testcase time="0.00099999999999989" classname="table_inset_and_titles_and_footers_word_wrapping" name="tf_wordwrap_and_table_inset_work_including_together_"/>
    <testcase time="0.344" classname="table_inset_and_titles_and_footers_word_wrapping" name="toString_throws_a_warning_when_newline_is_in_string"/>
    <testcase time="0.108" classname="table_inset_and_titles_and_footers_word_wrapping" name="toString_throws_a_warning_when_newline_is_in_string"/>
    <testcase time="0.0169999999999999" classname="table_inset_and_titles_and_footers_word_wrapping" name="works_with_words_that_are_too_big_no_warning_"/>
    <testcase time="0.016" classname="table_inset_and_titles_and_footers_word_wrapping" name="auto_works_with_inset_and_col_gap"/>
    <testcase time="0.00499999999999989" classname="table_inset_and_titles_and_footers_word_wrapping" name="regression_tests_for_rtables_empty_title_underlying_issue"/>
    <testcase time="0.00100000000000033" classname="table_inset_and_titles_and_footers_word_wrapping" name="regression_tests_for_rtables_empty_title_underlying_issue"/>
    <testcase time="0.016" classname="table_inset_and_titles_and_footers_word_wrapping" name="row_label_wrapping_has_identical_indentation"/>
  </testsuite>
</testsuites>
