<?xml version="1.0" encoding="UTF-8"?>
<testsuites>
  <testsuite name="exporters" timestamp="2023-10-10T09:59:58Z" hostname="75deba09ed25" tests="14" skipped="0" failures="0" errors="0" time="2.118">
    <testcase time="0.66" classname="exporters" name="exporters_work"/>
    <testcase time="0.0230000000000001" classname="exporters" name="exporters_work"/>
    <testcase time="0.071" classname="exporters" name="exporters_work"/>
    <testcase time="0.00100000000000011" classname="exporters" name="exporters_work"/>
    <testcase time="0.437" classname="exporters" name="exporters_work"/>
    <testcase time="0.002" classname="exporters" name="exporters_work"/>
    <testcase time="0.00500000000000012" classname="exporters" name="exporters_work"/>
    <testcase time="0.002" classname="exporters" name="exporters_work"/>
    <testcase time="0.512" classname="exporters" name="exporters_work"/>
    <testcase time="0.0150000000000001" classname="exporters" name="mpf_subset_rows_works_when_there_are_newlines_wrapping_in_column_labels"/>
    <testcase time="0.00800000000000001" classname="exporters" name="mpf_subset_rows_works_when_there_are_newlines_wrapping_in_column_labels"/>
    <testcase time="0.378" classname="exporters" name="export_as_txt_maintains_repeated_columns_when_paginate_is_TRUE"/>
    <testcase time="0.00199999999999978" classname="exporters" name="export_as_txt_maintains_repeated_columns_when_paginate_is_TRUE"/>
    <testcase time="0.00200000000000022" classname="exporters" name="export_as_txt_maintains_repeated_columns_when_paginate_is_TRUE"/>
  </testsuite>
  <testsuite name="formatters" timestamp="2023-10-10T10:00:00Z" hostname="75deba09ed25" tests="141" skipped="0" failures="0" errors="0" time="1.436">
    <testcase time="0.0259999999999998" classname="formatters" name="Default_hsep_works"/>
    <testcase time="0.354" classname="formatters" name="make_row_df_produces_custom_error_message_if_used_on_MatrixPrintForm"/>
    <testcase time="0.0110000000000001" classname="formatters" name="formats_work"/>
    <testcase time="0.00199999999999978" classname="formatters" name="formats_work"/>
    <testcase time="0.00200000000000022" classname="formatters" name="formats_work"/>
    <testcase time="0.00199999999999978" classname="formatters" name="formats_work"/>
    <testcase time="0.00100000000000033" classname="formatters" name="formats_work"/>
    <testcase time="0.00199999999999978" classname="formatters" name="formats_work"/>
    <testcase time="0.00200000000000022" classname="formatters" name="formats_work"/>
    <testcase time="0.00199999999999978" classname="formatters" name="formats_work"/>
    <testcase time="0.00200000000000022" classname="formatters" name="formats_work"/>
    <testcase time="0.00099999999999989" classname="formatters" name="formats_work"/>
    <testcase time="0.00199999999999978" classname="formatters" name="formats_work"/>
    <testcase time="0.00200000000000022" classname="formatters" name="formats_work"/>
    <testcase time="0.00199999999999978" classname="formatters" name="formats_work"/>
    <testcase time="0.00200000000000022" classname="formatters" name="formats_work"/>
    <testcase time="0.00099999999999989" classname="formatters" name="formats_work"/>
    <testcase time="0.00200000000000022" classname="formatters" name="formats_work"/>
    <testcase time="0.00199999999999978" classname="formatters" name="formats_work"/>
    <testcase time="0.00200000000000022" classname="formatters" name="formats_work"/>
    <testcase time="0.00199999999999978" classname="formatters" name="formats_work"/>
    <testcase time="0.00200000000000022" classname="formatters" name="formats_work"/>
    <testcase time="0.00199999999999978" classname="formatters" name="formats_work"/>
    <testcase time="0.00600000000000023" classname="formatters" name="formats_work"/>
    <testcase time="0.00199999999999978" classname="formatters" name="formats_work"/>
    <testcase time="0.00199999999999978" classname="formatters" name="formats_work"/>
    <testcase time="0.00200000000000022" classname="formatters" name="formats_work"/>
    <testcase time="0.00199999999999978" classname="formatters" name="formats_work"/>
    <testcase time="0.00200000000000022" classname="formatters" name="formats_work"/>
    <testcase time="0.00199999999999978" classname="formatters" name="formats_work"/>
    <testcase time="0.00200000000000022" classname="formatters" name="formats_work"/>
    <testcase time="0.00199999999999978" classname="formatters" name="formats_work"/>
    <testcase time="0.00100000000000033" classname="formatters" name="formats_work"/>
    <testcase time="0.00299999999999967" classname="formatters" name="formats_work"/>
    <testcase time="0.00100000000000033" classname="formatters" name="formats_work"/>
    <testcase time="0.00199999999999978" classname="formatters" name="formats_work"/>
    <testcase time="0.00200000000000022" classname="formatters" name="formats_work"/>
    <testcase time="0.00199999999999978" classname="formatters" name="formats_work"/>
    <testcase time="0.00200000000000022" classname="formatters" name="formats_work"/>
    <testcase time="0.00199999999999978" classname="formatters" name="formats_work"/>
    <testcase time="0.00200000000000022" classname="formatters" name="formats_work"/>
    <testcase time="0.00199999999999978" classname="formatters" name="formats_work"/>
    <testcase time="0.00200000000000022" classname="formatters" name="formats_work"/>
    <testcase time="0.00199999999999978" classname="formatters" name="formats_work"/>
    <testcase time="0.00200000000000022" classname="formatters" name="formats_work"/>
    <testcase time="0.00199999999999978" classname="formatters" name="formats_work"/>
    <testcase time="0.00200000000000022" classname="formatters" name="formats_work"/>
    <testcase time="0.00199999999999978" classname="formatters" name="formats_work"/>
    <testcase time="0.00200000000000022" classname="formatters" name="formats_work"/>
    <testcase time="0.00199999999999978" classname="formatters" name="formats_work"/>
    <testcase time="0.00100000000000033" classname="formatters" name="formats_work"/>
    <testcase time="0.00199999999999978" classname="formatters" name="formats_work"/>
    <testcase time="0.00300000000000011" classname="formatters" name="formats_work"/>
    <testcase time="0.00199999999999978" classname="formatters" name="formats_work"/>
    <testcase time="0.00200000000000022" classname="formatters" name="formats_work"/>
    <testcase time="0.00199999999999978" classname="formatters" name="formats_work"/>
    <testcase time="0.00200000000000022" classname="formatters" name="formats_work"/>
    <testcase time="0.00199999999999978" classname="formatters" name="formats_work"/>
    <testcase time="0.00300000000000011" classname="formatters" name="formats_work"/>
    <testcase time="0.00700000000000012" classname="formatters" name="formats_work"/>
    <testcase time="0.00800000000000001" classname="formatters" name="formats_work"/>
    <testcase time="0.00700000000000012" classname="formatters" name="formats_work"/>
    <testcase time="0.00499999999999989" classname="formatters" name="formats_work"/>
    <testcase time="0.00199999999999978" classname="formatters" name="formats_work"/>
    <testcase time="0.00200000000000022" classname="formatters" name="formats_work"/>
    <testcase time="0.00199999999999978" classname="formatters" name="formats_work"/>
    <testcase time="0.00200000000000022" classname="formatters" name="formats_work"/>
    <testcase time="0.00599999999999978" classname="formatters" name="formats_work"/>
    <testcase time="0.00200000000000022" classname="formatters" name="formats_work"/>
    <testcase time="0.00199999999999978" classname="formatters" name="formats_work"/>
    <testcase time="0.00200000000000022" classname="formatters" name="formats_work"/>
    <testcase time="0.00199999999999978" classname="formatters" name="formats_work"/>
    <testcase time="0.00300000000000011" classname="formatters" name="formats_work"/>
    <testcase time="0.00200000000000022" classname="formatters" name="formats_work"/>
    <testcase time="0.00199999999999978" classname="formatters" name="formats_work"/>
    <testcase time="0.00200000000000022" classname="formatters" name="formats_work"/>
    <testcase time="0.00999999999999979" classname="formatters" name="sprintf_formats_work"/>
    <testcase time="0.00199999999999978" classname="formatters" name="sprintf_formats_work"/>
    <testcase time="0.0100000000000002" classname="formatters" name="labels_and_miscellany"/>
    <testcase time="0.00199999999999978" classname="formatters" name="labels_and_miscellany"/>
    <testcase time="0.00500000000000034" classname="formatters" name="labels_and_miscellany"/>
    <testcase time="0.00299999999999967" classname="formatters" name="labels_and_miscellany"/>
    <testcase time="0.00200000000000022" classname="formatters" name="labels_and_miscellany"/>
    <testcase time="0.00300000000000011" classname="formatters" name="labels_and_miscellany"/>
    <testcase time="0.00199999999999978" classname="formatters" name="labels_and_miscellany"/>
    <testcase time="0.00600000000000023" classname="formatters" name="labels_and_miscellany"/>
    <testcase time="0.00999999999999979" classname="formatters" name="all_valid_format_labels_can_be_applied_without_error"/>
    <testcase time="0.00800000000000001" classname="formatters" name="all_valid_format_labels_can_be_applied_without_error"/>
    <testcase time="0.00499999999999989" classname="formatters" name="all_valid_format_labels_can_be_applied_without_error"/>
    <testcase time="0.00200000000000022" classname="formatters" name="all_valid_format_labels_can_be_applied_without_error"/>
    <testcase time="0.00599999999999978" classname="formatters" name="_unnamed_"/>
    <testcase time="0.00200000000000022" classname="formatters" name="_unnamed_"/>
    <testcase time="0.00199999999999978" classname="formatters" name="_unnamed_"/>
    <testcase time="0.00100000000000033" classname="formatters" name="_unnamed_"/>
    <testcase time="0.00999999999999979" classname="formatters" name="_unnamed_"/>
    <testcase time="0.00499999999999989" classname="formatters" name="_unnamed_"/>
    <testcase time="0.00200000000000022" classname="formatters" name="_unnamed_"/>
    <testcase time="0.00300000000000011" classname="formatters" name="_unnamed_"/>
    <testcase time="0.00599999999999978" classname="formatters" name="_unnamed_"/>
    <testcase time="0.004" classname="formatters" name="_unnamed_"/>
    <testcase time="0.00200000000000022" classname="formatters" name="_unnamed_"/>
    <testcase time="0.00299999999999967" classname="formatters" name="_unnamed_"/>
    <testcase time="0.00200000000000022" classname="formatters" name="_unnamed_"/>
    <testcase time="0.00199999999999978" classname="formatters" name="_unnamed_"/>
    <testcase time="0.085" classname="formatters" name="_unnamed_"/>
    <testcase time="0.00200000000000022" classname="formatters" name="_unnamed_"/>
    <testcase time="0.00700000000000012" classname="formatters" name="_unnamed_"/>
    <testcase time="0.00999999999999979" classname="formatters" name="_unnamed_"/>
    <testcase time="0.104" classname="formatters" name="error_when_widths_are_than_decimal_aligned_values"/>
    <testcase time="0.0409999999999999" classname="formatters" name="padstr_works_with_dec_left"/>
    <testcase time="0.00200000000000022" classname="formatters" name="padstr_works_with_dec_left"/>
    <testcase time="0.0299999999999998" classname="formatters" name="padstr_works_with_dec_right"/>
    <testcase time="0.0289999999999999" classname="formatters" name="padstr_works_with_decimal"/>
    <testcase time="0.0270000000000001" classname="formatters" name="decimal_alignments_work_when_there_are_numbers_but_no_decimal_places"/>
    <testcase time="0.0129999999999999" classname="formatters" name="decimal_alignments_work_when_there_are_numbers_but_no_decimal_places"/>
    <testcase time="0.0110000000000001" classname="formatters" name="decimal_alignments_work_when_there_are_numbers_but_no_decimal_places"/>
    <testcase time="0.0329999999999999" classname="formatters" name="behavior_of_decimal_alignments_on_non_numbers"/>
    <testcase time="0.0129999999999999" classname="formatters" name="behavior_of_decimal_alignments_on_non_numbers"/>
    <testcase time="0.012" classname="formatters" name="behavior_of_decimal_alignments_on_non_numbers"/>
    <testcase time="0.0129999999999999" classname="formatters" name="behavior_of_decimal_alignments_on_non_numbers"/>
    <testcase time="0.0310000000000001" classname="formatters" name="Decimal_alignment_a_specific_case_with_larger_widths"/>
    <testcase time="0.0089999999999999" classname="formatters" name="Decimal_alignment_a_specific_case_with_larger_widths"/>
    <testcase time="0.00999999999999979" classname="formatters" name="Decimal_alignment_a_specific_case_with_larger_widths"/>
    <testcase time="0.0100000000000002" classname="formatters" name="Decimal_alignment_a_specific_case_with_larger_widths"/>
    <testcase time="0.00999999999999979" classname="formatters" name="Decimal_alignment_a_specific_case_with_larger_widths"/>
    <testcase time="0.0110000000000001" classname="formatters" name="Decimal_alignment_a_specific_case_with_larger_widths"/>
    <testcase time="0.0540000000000003" classname="formatters" name="All_supported_1d_format_cases_of_decimal_alignment"/>
    <testcase time="0.0190000000000001" classname="formatters" name="All_supported_1d_format_cases_of_decimal_alignment"/>
    <testcase time="0.0269999999999992" classname="formatters" name="decimal_alignment_disallows_scientific_notation"/>
    <testcase time="0.00900000000000034" classname="formatters" name="decimal_alignment_disallows_scientific_notation"/>
    <testcase time="0.00900000000000034" classname="formatters" name="decimal_alignment_disallows_scientific_notation"/>
    <testcase time="0.0880000000000001" classname="formatters" name="All_2d_cases_for_decimal_alignment"/>
    <testcase time="0.00899999999999945" classname="formatters" name="fmt_config_works_as_expected"/>
    <testcase time="0.00300000000000011" classname="formatters" name="fmt_config_works_as_expected"/>
    <testcase time="0.00600000000000023" classname="formatters" name="fmt_config_works_as_expected"/>
    <testcase time="0.00300000000000011" classname="formatters" name="fmt_config_works_as_expected"/>
    <testcase time="0.00300000000000011" classname="formatters" name="fmt_config_works_as_expected"/>
    <testcase time="0.00199999999999978" classname="formatters" name="fmt_config_works_as_expected"/>
    <testcase time="0.00300000000000011" classname="formatters" name="fmt_config_works_as_expected"/>
    <testcase time="0.00300000000000011" classname="formatters" name="fmt_config_works_as_expected"/>
    <testcase time="0.00299999999999923" classname="formatters" name="fmt_config_works_as_expected"/>
  </testsuite>
  <testsuite name="pagination" timestamp="2023-10-10T10:00:02Z" hostname="75deba09ed25" tests="51" skipped="0" failures="0" errors="0" time="5.647">
    <testcase time="0.119000000000001" classname="pagination" name="pagination_works"/>
    <testcase time="0.00199999999999978" classname="pagination" name="pagination_works"/>
    <testcase time="0.0119999999999996" classname="pagination" name="pagination_works"/>
    <testcase time="0.0580000000000007" classname="pagination" name="pagination_works"/>
    <testcase time="0.206" classname="pagination" name="pagination_works"/>
    <testcase time="0.0750000000000002" classname="pagination" name="pagination_works"/>
    <testcase time="0.0309999999999997" classname="pagination" name="pagination_works"/>
    <testcase time="0.119000000000001" classname="pagination" name="pagination_works"/>
    <testcase time="0.0169999999999995" classname="pagination" name="pagination_works"/>
    <testcase time="0.0650000000000004" classname="pagination" name="pagination_works"/>
    <testcase time="0.0640000000000001" classname="pagination" name="pagination_works"/>
    <testcase time="0.141" classname="pagination" name="pagination_works"/>
    <testcase time="0.484999999999999" classname="pagination" name="pagination_works"/>
    <testcase time="0.433" classname="pagination" name="pagination_works"/>
    <testcase time="0.491000000000001" classname="pagination" name="pagination_works"/>
    <testcase time="0.172" classname="pagination" name="pagination_works"/>
    <testcase time="0.00199999999999978" classname="pagination" name="pagination_works"/>
    <testcase time="0.00200000000000067" classname="pagination" name="pagination_works"/>
    <testcase time="0.00199999999999978" classname="pagination" name="pagination_works"/>
    <testcase time="0.0289999999999999" classname="pagination" name="pagination_works"/>
    <testcase time="0.00499999999999989" classname="pagination" name="pagination_works"/>
    <testcase time="0.00199999999999978" classname="pagination" name="pagination_works"/>
    <testcase time="0.00700000000000056" classname="pagination" name="pagination_works"/>
    <testcase time="0.0110000000000001" classname="pagination" name="pagination_works"/>
    <testcase time="0.00899999999999945" classname="pagination" name="pagination_works"/>
    <testcase time="0.00200000000000067" classname="pagination" name="pagination_works"/>
    <testcase time="0.00199999999999978" classname="pagination" name="pagination_works"/>
    <testcase time="0.00499999999999989" classname="pagination" name="pagination_works"/>
    <testcase time="0.00199999999999978" classname="pagination" name="pagination_works"/>
    <testcase time="0.00199999999999978" classname="pagination" name="pagination_works"/>
    <testcase time="0.00200000000000067" classname="pagination" name="pagination_works"/>
    <testcase time="0.00199999999999978" classname="pagination" name="pagination_works"/>
    <testcase time="0.226" classname="pagination" name="pagination_works"/>
    <testcase time="0.112" classname="pagination" name="pagination_works"/>
    <testcase time="0.774999999999999" classname="pagination" name="pagination_works"/>
    <testcase time="0.00200000000000067" classname="pagination" name="pagination_works"/>
    <testcase time="0.00499999999999989" classname="pagination" name="pagination_works"/>
    <testcase time="0.00499999999999989" classname="pagination" name="pagination_works"/>
    <testcase time="0.00600000000000023" classname="pagination" name="pagination_works"/>
    <testcase time="0.168" classname="pagination" name="pagination_works"/>
    <testcase time="0.00199999999999889" classname="pagination" name="pagination_works"/>
    <testcase time="0.0380000000000003" classname="pagination" name="pagination_works"/>
    <testcase time="0.391" classname="pagination" name="pagination_works"/>
    <testcase time="0.311" classname="pagination" name="pagination_works"/>
    <testcase time="0.565000000000001" classname="pagination" name="pagination_works"/>
    <testcase time="0.196999999999999" classname="pagination" name="pagination_works"/>
    <testcase time="0.00900000000000034" classname="pagination" name="page_to_lcpp_stuff_works"/>
    <testcase time="0.00499999999999901" classname="pagination" name="page_to_lcpp_stuff_works"/>
    <testcase time="0.0129999999999999" classname="pagination" name="non_monospaced_fonts_are_caught"/>
    <testcase time="0.00500000000000078" classname="pagination" name="non_monospaced_fonts_are_caught"/>
    <testcase time="0.236000000000001" classname="pagination" name="spans_and_string_matrix_match_after_pagination_when_table_has_single_column"/>
  </testsuite>
  <testsuite name="table_inset and titles and footers word wrapping" timestamp="2023-10-10T10:00:07Z" hostname="75deba09ed25" tests="11" skipped="0" failures="0" errors="0" time="0.711">
    <testcase time="0.0259999999999998" classname="table_inset_and_titles_and_footers_word_wrapping" name="tf_wordwrap_and_table_inset_work_including_together_"/>
    <testcase time="0.00399999999999956" classname="table_inset_and_titles_and_footers_word_wrapping" name="tf_wordwrap_and_table_inset_work_including_together_"/>
    <testcase time="0.00500000000000078" classname="table_inset_and_titles_and_footers_word_wrapping" name="tf_wordwrap_and_table_inset_work_including_together_"/>
    <testcase time="0.00199999999999889" classname="table_inset_and_titles_and_footers_word_wrapping" name="tf_wordwrap_and_table_inset_work_including_together_"/>
    <testcase time="0.459" classname="table_inset_and_titles_and_footers_word_wrapping" name="toString_throws_a_warning_when_newline_is_in_string"/>
    <testcase time="0.142000000000001" classname="table_inset_and_titles_and_footers_word_wrapping" name="toString_throws_a_warning_when_newline_is_in_string"/>
    <testcase time="0.0249999999999986" classname="table_inset_and_titles_and_footers_word_wrapping" name="works_with_words_that_are_too_big_no_warning_"/>
    <testcase time="0.0210000000000008" classname="table_inset_and_titles_and_footers_word_wrapping" name="auto_works_with_inset_and_col_gap"/>
    <testcase time="0.00600000000000023" classname="table_inset_and_titles_and_footers_word_wrapping" name="regression_tests_for_rtables_empty_title_underlying_issue"/>
    <testcase time="0.000999999999999446" classname="table_inset_and_titles_and_footers_word_wrapping" name="regression_tests_for_rtables_empty_title_underlying_issue"/>
    <testcase time="0.0199999999999996" classname="table_inset_and_titles_and_footers_word_wrapping" name="row_label_wrapping_has_identical_indentation"/>
  </testsuite>
</testsuites>
