<?xml version="1.0" encoding="UTF-8"?>
<testsuites>
  <testsuite name="exporters" timestamp="2024-05-08T10:34:15Z" hostname="77a4258b7f51" tests="29" skipped="0" failures="0" errors="0" time="4.837">
    <testcase time="0.504" classname="exporters" name="exporters_work"/>
    <testcase time="0.0150000000000001" classname="exporters" name="exporters_work"/>
    <testcase time="0.0149999999999999" classname="exporters" name="exporters_work"/>
    <testcase time="0.00100000000000011" classname="exporters" name="exporters_work"/>
    <testcase time="0.363" classname="exporters" name="exporters_work"/>
    <testcase time="0.00099999999999989" classname="exporters" name="exporters_work"/>
    <testcase time="0.00300000000000011" classname="exporters" name="exporters_work"/>
    <testcase time="0.00099999999999989" classname="exporters" name="exporters_work"/>
    <testcase time="0.36" classname="exporters" name="exporters_work"/>
    <testcase time="0.014" classname="exporters" name="mpf_subset_rows_works_when_there_are_newlines_wrapping_in_column_labels"/>
    <testcase time="0.01" classname="exporters" name="mpf_subset_rows_works_when_there_are_newlines_wrapping_in_column_labels"/>
    <testcase time="0.331" classname="exporters" name="export_as_txt_maintains_repeated_columns_when_paginate_is_TRUE"/>
    <testcase time="0.00200000000000022" classname="exporters" name="export_as_txt_maintains_repeated_columns_when_paginate_is_TRUE"/>
    <testcase time="0.00099999999999989" classname="exporters" name="export_as_txt_maintains_repeated_columns_when_paginate_is_TRUE"/>
    <testcase time="0.287" classname="exporters" name="export_as_txt_maintains_horizontal_separator_from_table"/>
    <testcase time="0.216" classname="exporters" name="export_as_pdf_works"/>
    <testcase time="0.00299999999999967" classname="exporters" name="export_as_pdf_works"/>
    <testcase time="0.1" classname="exporters" name="export_as_pdf_works"/>
    <testcase time="0.258" classname="exporters" name="export_as_pdf_works"/>
    <testcase time="0.00200000000000022" classname="exporters" name="export_as_pdf_works"/>
    <testcase time="0.664" classname="exporters" name="exporting_lists_of_tables_and_listings_works"/>
    <testcase time="0.00200000000000022" classname="exporters" name="exporting_lists_of_tables_and_listings_works"/>
    <testcase time="0.476" classname="exporters" name="exporting_lists_of_tables_and_listings_works"/>
    <testcase time="0.229" classname="exporters" name="exporting_lists_of_tables_and_listings_works"/>
    <testcase time="0.343999999999999" classname="exporters" name="exporting_lists_of_tables_and_listings_works"/>
    <testcase time="0.00300000000000011" classname="exporters" name="exporting_lists_of_tables_and_listings_works"/>
    <testcase time="0.282" classname="exporters" name="exporting_lists_of_tables_and_listings_works"/>
    <testcase time="0.343" classname="exporters" name="exporting_lists_of_tables_and_listings_works"/>
    <testcase time="0.00700000000000056" classname="exporters" name="exporting_lists_of_tables_and_listings_works"/>
  </testsuite>
  <testsuite name="formatters" timestamp="2024-05-08T10:34:19Z" hostname="77a4258b7f51" tests="156" skipped="0" failures="0" errors="0" time="1.116">
    <testcase time="0.0169999999999995" classname="formatters" name="Default_horizontal_separator_works"/>
    <testcase time="0.00499999999999989" classname="formatters" name="Default_horizontal_separator_works"/>
    <testcase time="0.00200000000000067" classname="formatters" name="Default_horizontal_separator_works"/>
    <testcase time="0.000999999999999446" classname="formatters" name="Default_horizontal_separator_works"/>
    <testcase time="0.00200000000000067" classname="formatters" name="Default_horizontal_separator_works"/>
    <testcase time="0.00299999999999923" classname="formatters" name="Default_horizontal_separator_works"/>
    <testcase time="0.00400000000000045" classname="formatters" name="Default_horizontal_separator_works"/>
    <testcase time="0.00300000000000011" classname="formatters" name="Default_horizontal_separator_works"/>
    <testcase time="0.000999999999999446" classname="formatters" name="Default_horizontal_separator_works"/>
    <testcase time="0.00100000000000033" classname="formatters" name="Default_horizontal_separator_works"/>
    <testcase time="0.00199999999999978" classname="formatters" name="Default_horizontal_separator_works"/>
    <testcase time="0.00300000000000011" classname="formatters" name="Default_horizontal_separator_works"/>
    <testcase time="0.268" classname="formatters" name="make_row_df_produces_custom_error_message_if_used_on_MatrixPrintForm"/>
    <testcase time="0.00600000000000023" classname="formatters" name="formats_work"/>
    <testcase time="0.000999999999999446" classname="formatters" name="formats_work"/>
    <testcase time="0.00100000000000033" classname="formatters" name="formats_work"/>
    <testcase time="0.00100000000000033" classname="formatters" name="formats_work"/>
    <testcase time="0.000999999999999446" classname="formatters" name="formats_work"/>
    <testcase time="0.00200000000000067" classname="formatters" name="formats_work"/>
    <testcase time="0.000999999999999446" classname="formatters" name="formats_work"/>
    <testcase time="0.00100000000000033" classname="formatters" name="formats_work"/>
    <testcase time="0.000999999999999446" classname="formatters" name="formats_work"/>
    <testcase time="0.00100000000000033" classname="formatters" name="formats_work"/>
    <testcase time="0.00199999999999978" classname="formatters" name="formats_work"/>
    <testcase time="0.00100000000000033" classname="formatters" name="formats_work"/>
    <testcase time="0.00100000000000033" classname="formatters" name="formats_work"/>
    <testcase time="0.000999999999999446" classname="formatters" name="formats_work"/>
    <testcase time="0.00499999999999989" classname="formatters" name="formats_work"/>
    <testcase time="0.00100000000000033" classname="formatters" name="formats_work"/>
    <testcase time="0.00100000000000033" classname="formatters" name="formats_work"/>
    <testcase time="0.000999999999999446" classname="formatters" name="formats_work"/>
    <testcase time="0.00199999999999978" classname="formatters" name="formats_work"/>
    <testcase time="0.00100000000000033" classname="formatters" name="formats_work"/>
    <testcase time="0.00100000000000033" classname="formatters" name="formats_work"/>
    <testcase time="0.00199999999999978" classname="formatters" name="formats_work"/>
    <testcase time="0.00100000000000033" classname="formatters" name="formats_work"/>
    <testcase time="0.000999999999999446" classname="formatters" name="formats_work"/>
    <testcase time="0.00100000000000033" classname="formatters" name="formats_work"/>
    <testcase time="0.00199999999999978" classname="formatters" name="formats_work"/>
    <testcase time="0.00100000000000033" classname="formatters" name="formats_work"/>
    <testcase time="0.000999999999999446" classname="formatters" name="formats_work"/>
    <testcase time="0.00100000000000033" classname="formatters" name="formats_work"/>
    <testcase time="0.000999999999999446" classname="formatters" name="formats_work"/>
    <testcase time="0.00100000000000033" classname="formatters" name="formats_work"/>
    <testcase time="0.000999999999999446" classname="formatters" name="formats_work"/>
    <testcase time="0.00200000000000067" classname="formatters" name="formats_work"/>
    <testcase time="0.000999999999999446" classname="formatters" name="formats_work"/>
    <testcase time="0.00100000000000033" classname="formatters" name="formats_work"/>
    <testcase time="0.00199999999999978" classname="formatters" name="formats_work"/>
    <testcase time="0.00100000000000033" classname="formatters" name="formats_work"/>
    <testcase time="0.000999999999999446" classname="formatters" name="formats_work"/>
    <testcase time="0.00200000000000067" classname="formatters" name="formats_work"/>
    <testcase time="0.000999999999999446" classname="formatters" name="formats_work"/>
    <testcase time="0.00100000000000033" classname="formatters" name="formats_work"/>
    <testcase time="0.00199999999999978" classname="formatters" name="formats_work"/>
    <testcase time="0.00100000000000033" classname="formatters" name="formats_work"/>
    <testcase time="0.000999999999999446" classname="formatters" name="formats_work"/>
    <testcase time="0.00200000000000067" classname="formatters" name="formats_work"/>
    <testcase time="0.000999999999999446" classname="formatters" name="formats_work"/>
    <testcase time="0.00100000000000033" classname="formatters" name="formats_work"/>
    <testcase time="0.00199999999999978" classname="formatters" name="formats_work"/>
    <testcase time="0.00100000000000033" classname="formatters" name="formats_work"/>
    <testcase time="0.000999999999999446" classname="formatters" name="formats_work"/>
    <testcase time="0.00200000000000067" classname="formatters" name="formats_work"/>
    <testcase time="0.000999999999999446" classname="formatters" name="formats_work"/>
    <testcase time="0.00100000000000033" classname="formatters" name="formats_work"/>
    <testcase time="0.00100000000000033" classname="formatters" name="formats_work"/>
    <testcase time="0.00100000000000033" classname="formatters" name="formats_work"/>
    <testcase time="0.00199999999999978" classname="formatters" name="formats_work"/>
    <testcase time="0.00100000000000033" classname="formatters" name="formats_work"/>
    <testcase time="0.00199999999999978" classname="formatters" name="formats_work"/>
    <testcase time="0.000999999999999446" classname="formatters" name="formats_work"/>
    <testcase time="0.00500000000000078" classname="formatters" name="formats_work"/>
    <testcase time="0.00499999999999989" classname="formatters" name="formats_work"/>
    <testcase time="0.00499999999999989" classname="formatters" name="formats_work"/>
    <testcase time="0.00300000000000011" classname="formatters" name="formats_work"/>
    <testcase time="0.000999999999999446" classname="formatters" name="formats_work"/>
    <testcase time="0.00200000000000067" classname="formatters" name="formats_work"/>
    <testcase time="0.00199999999999978" classname="formatters" name="formats_work"/>
    <testcase time="0.00199999999999978" classname="formatters" name="formats_work"/>
    <testcase time="0.00199999999999978" classname="formatters" name="formats_work"/>
    <testcase time="0.00100000000000033" classname="formatters" name="formats_work"/>
    <testcase time="0.00199999999999978" classname="formatters" name="formats_work"/>
    <testcase time="0.00100000000000033" classname="formatters" name="formats_work"/>
    <testcase time="0.00199999999999978" classname="formatters" name="formats_work"/>
    <testcase time="0.00100000000000033" classname="formatters" name="formats_work"/>
    <testcase time="0.000999999999999446" classname="formatters" name="formats_work"/>
    <testcase time="0.00200000000000067" classname="formatters" name="formats_work"/>
    <testcase time="0.000999999999999446" classname="formatters" name="formats_work"/>
    <testcase time="0.00199999999999978" classname="formatters" name="formats_work"/>
    <testcase time="0.00800000000000001" classname="formatters" name="sprintf_formats_work"/>
    <testcase time="0.00200000000000067" classname="formatters" name="sprintf_formats_work"/>
    <testcase time="0.00499999999999989" classname="formatters" name="labels_and_miscellany"/>
    <testcase time="0.00199999999999978" classname="formatters" name="labels_and_miscellany"/>
    <testcase time="0.00199999999999978" classname="formatters" name="labels_and_miscellany"/>
    <testcase time="0.00200000000000067" classname="formatters" name="labels_and_miscellany"/>
    <testcase time="0.00199999999999978" classname="formatters" name="labels_and_miscellany"/>
    <testcase time="0.00199999999999978" classname="formatters" name="labels_and_miscellany"/>
    <testcase time="0.00100000000000033" classname="formatters" name="labels_and_miscellany"/>
    <testcase time="0.00399999999999956" classname="formatters" name="labels_and_miscellany"/>
    <testcase time="0.00400000000000045" classname="formatters" name="var_labels_works_in_self_assignment_with_named_values"/>
    <testcase time="0.00499999999999989" classname="formatters" name="all_valid_format_labels_can_be_applied_without_error"/>
    <testcase time="0.00499999999999989" classname="formatters" name="all_valid_format_labels_can_be_applied_without_error"/>
    <testcase time="0.00300000000000011" classname="formatters" name="all_valid_format_labels_can_be_applied_without_error"/>
    <testcase time="0.00199999999999978" classname="formatters" name="all_valid_format_labels_can_be_applied_without_error"/>
    <testcase time="0.00300000000000011" classname="formatters" name="_unnamed_"/>
    <testcase time="0.00199999999999978" classname="formatters" name="_unnamed_"/>
    <testcase time="0.00100000000000033" classname="formatters" name="_unnamed_"/>
    <testcase time="0.000999999999999446" classname="formatters" name="_unnamed_"/>
    <testcase time="0.00400000000000045" classname="formatters" name="_unnamed_"/>
    <testcase time="0.00399999999999956" classname="formatters" name="_unnamed_"/>
    <testcase time="0.00200000000000067" classname="formatters" name="_unnamed_"/>
    <testcase time="0.000999999999999446" classname="formatters" name="_unnamed_"/>
    <testcase time="0.00400000000000045" classname="formatters" name="_unnamed_"/>
    <testcase time="0.00300000000000011" classname="formatters" name="_unnamed_"/>
    <testcase time="0.000999999999999446" classname="formatters" name="_unnamed_"/>
    <testcase time="0.00200000000000067" classname="formatters" name="_unnamed_"/>
    <testcase time="0.000999999999999446" classname="formatters" name="_unnamed_"/>
    <testcase time="0.00199999999999978" classname="formatters" name="_unnamed_"/>
    <testcase time="0.0730000000000004" classname="formatters" name="_unnamed_"/>
    <testcase time="0.00100000000000033" classname="formatters" name="_unnamed_"/>
    <testcase time="0.00499999999999989" classname="formatters" name="_unnamed_"/>
    <testcase time="0.00899999999999945" classname="formatters" name="_unnamed_"/>
    <testcase time="0.0940000000000003" classname="formatters" name="error_when_widths_are_than_decimal_aligned_values"/>
    <testcase time="0.032" classname="formatters" name="padstr_works_with_dec_left"/>
    <testcase time="0.00199999999999978" classname="formatters" name="padstr_works_with_dec_left"/>
    <testcase time="0.0209999999999999" classname="formatters" name="padstr_works_with_dec_right"/>
    <testcase time="0.0209999999999999" classname="formatters" name="padstr_works_with_decimal"/>
    <testcase time="0.0200000000000005" classname="formatters" name="decimal_alignments_work_when_there_are_numbers_but_no_decimal_places"/>
    <testcase time="0.00899999999999945" classname="formatters" name="decimal_alignments_work_when_there_are_numbers_but_no_decimal_places"/>
    <testcase time="0.0130000000000008" classname="formatters" name="decimal_alignments_work_when_there_are_numbers_but_no_decimal_places"/>
    <testcase time="0.0249999999999995" classname="formatters" name="behavior_of_decimal_alignments_on_non_numbers"/>
    <testcase time="0.0120000000000005" classname="formatters" name="behavior_of_decimal_alignments_on_non_numbers"/>
    <testcase time="0.0119999999999996" classname="formatters" name="behavior_of_decimal_alignments_on_non_numbers"/>
    <testcase time="0.0120000000000005" classname="formatters" name="behavior_of_decimal_alignments_on_non_numbers"/>
    <testcase time="0.0199999999999996" classname="formatters" name="Decimal_alignment_a_specific_case_with_larger_widths"/>
    <testcase time="0.00600000000000023" classname="formatters" name="Decimal_alignment_a_specific_case_with_larger_widths"/>
    <testcase time="0.0129999999999999" classname="formatters" name="Decimal_alignment_a_specific_case_with_larger_widths"/>
    <testcase time="0.00900000000000034" classname="formatters" name="Decimal_alignment_a_specific_case_with_larger_widths"/>
    <testcase time="0.00999999999999979" classname="formatters" name="Decimal_alignment_a_specific_case_with_larger_widths"/>
    <testcase time="0.00999999999999979" classname="formatters" name="Decimal_alignment_a_specific_case_with_larger_widths"/>
    <testcase time="0.0380000000000003" classname="formatters" name="All_supported_1d_format_cases_of_decimal_alignment"/>
    <testcase time="0.0220000000000002" classname="formatters" name="All_supported_1d_format_cases_of_decimal_alignment"/>
    <testcase time="0.0169999999999995" classname="formatters" name="decimal_alignment_disallows_scientific_notation"/>
    <testcase time="0.00699999999999967" classname="formatters" name="decimal_alignment_disallows_scientific_notation"/>
    <testcase time="0.00700000000000056" classname="formatters" name="decimal_alignment_disallows_scientific_notation"/>
    <testcase time="0.0620000000000003" classname="formatters" name="All_2d_cases_for_decimal_alignment"/>
    <testcase time="0.00499999999999989" classname="formatters" name="fmt_config_works_as_expected"/>
    <testcase time="0.00199999999999978" classname="formatters" name="fmt_config_works_as_expected"/>
    <testcase time="0.00199999999999978" classname="formatters" name="fmt_config_works_as_expected"/>
    <testcase time="0.00199999999999978" classname="formatters" name="fmt_config_works_as_expected"/>
    <testcase time="0.00100000000000033" classname="formatters" name="fmt_config_works_as_expected"/>
    <testcase time="0.00199999999999978" classname="formatters" name="fmt_config_works_as_expected"/>
    <testcase time="0.00200000000000067" classname="formatters" name="fmt_config_works_as_expected"/>
    <testcase time="0.00199999999999978" classname="formatters" name="fmt_config_works_as_expected"/>
    <testcase time="0.00199999999999978" classname="formatters" name="fmt_config_works_as_expected"/>
  </testsuite>
  <testsuite name="listings" timestamp="2024-05-08T10:34:21Z" hostname="77a4258b7f51" tests="26" skipped="0" failures="1" errors="0" time="0.557">
    <testcase time="0.0969999999999995" classname="listings" name="basic_listing_mf_respect_core_modifications_from_table_matrix_form"/>
    <testcase time="0.00100000000000033" classname="listings" name="basic_listing_mf_respect_core_modifications_from_table_matrix_form"/>
    <testcase time="0.000999999999999446" classname="listings" name="basic_listing_mf_respect_core_modifications_from_table_matrix_form"/>
    <testcase time="0.00100000000000033" classname="listings" name="basic_listing_mf_respect_core_modifications_from_table_matrix_form"/>
    <testcase time="0.00100000000000033" classname="listings" name="basic_listing_mf_respect_core_modifications_from_table_matrix_form"/>
    <testcase time="0.00300000000000011" classname="listings" name="basic_listing_mf_respect_core_modifications_from_table_matrix_form"/>
    <testcase time="0.00299999999999923" classname="listings" name="basic_listing_mf_respect_core_modifications_from_table_matrix_form"/>
    <testcase time="0.00200000000000067" classname="listings" name="basic_listing_mf_respect_core_modifications_from_table_matrix_form"/>
    <testcase time="0.00300000000000011" classname="listings" name="basic_listing_mf_respect_core_modifications_from_table_matrix_form"/>
    <testcase time="0.00199999999999978" classname="listings" name="basic_listing_mf_respect_core_modifications_from_table_matrix_form"/>
    <testcase time="0.00300000000000011" classname="listings" name="basic_listing_mf_respect_core_modifications_from_table_matrix_form"/>
    <testcase time="0.00199999999999978" classname="listings" name="basic_listing_mf_respect_core_modifications_from_table_matrix_form"/>
    <testcase time="0.00100000000000033" classname="listings" name="basic_listing_mf_respect_core_modifications_from_table_matrix_form"/>
    <testcase time="0.0119999999999996" classname="listings" name="basic_listing_mf_respect_core_modifications_from_table_matrix_form"/>
    <testcase time="0.00800000000000001" classname="listings" name="basic_listing_mf_respect_core_modifications_from_table_matrix_form">
      <failure type="failure" message="strsplit(toString(lmf), &quot;\n&quot;)[[1]] not identical to `print_out`. ('test-listings.R:49:3')">strsplit(toString(lmf), "\n")[[1]] not identical to `print_out`.
3/15 mismatches
x[5]: "-------------------------------"
y[5]: "\u2014\u2014\u2014\u2014\u2014\u2014\u2014\u2014\u2014\u2014\u2014\u2014\
y[5]: u2014\u2014\u2014\u2014\u2014\u2014\u2014\u2014\u2014\u2014\u2014\u2014\u2
y[5]: 014\u2014\u2014\u2014\u2014\u2014\u2014"

x[7]: "-------------------------------"
y[7]: "\u2014\u2014\u2014\u2014\u2014\u2014\u2014\u2014\u2014\u2014\u2014\u2014\
y[7]: u2014\u2014\u2014\u2014\u2014\u2014\u2014\u2014\u2014\u2014\u2014\u2014\u2
y[7]: 014\u2014\u2014\u2014\u2014\u2014\u2014"

x[10]: "-------------------------------"
y[10]: "\u2014\u2014\u2014\u2014\u2014\u2014\u2014\u2014\u2014\u2014\u2014\u2014\
y[10]: u2014\u2014\u2014\u2014\u2014\u2014\u2014\u2014\u2014\u2014\u2014\u2014\u2
y[10]: 014\u2014\u2014\u2014\u2014\u2014\u2014"</failure>
    </testcase>
    <testcase time="0.0369999999999999" classname="listings" name="regression_test_for_oneline_listing_pagination"/>
    <testcase time="0.0499999999999998" classname="listings" name="regression_test_for_oneline_listing_pagination"/>
    <testcase time="0.0289999999999999" classname="listings" name="listings_are_correctly_paginated_when_a_wrapping_happens_on_non_dominant_keycol"/>
    <testcase time="0.024" classname="listings" name="listings_are_correctly_paginated_when_a_wrapping_happens_on_non_dominant_keycol"/>
    <testcase time="0.0780000000000003" classname="listings" name="listings_are_correctly_paginated_when_a_wrapping_happens_on_non_dominant_keycol"/>
    <testcase time="0.0209999999999999" classname="listings" name="listings_are_correctly_paginated_when_a_wrapping_happens_on_non_dominant_keycol"/>
    <testcase time="0.0190000000000001" classname="listings" name="listings_are_correctly_paginated_when_a_wrapping_happens_on_non_dominant_keycol"/>
    <testcase time="0.0289999999999999" classname="listings" name="listings_are_correctly_paginated_when_a_wrapping_happens_on_non_dominant_keycol"/>
    <testcase time="0.032" classname="listings" name="listings_are_correctly_paginated_when_a_wrapping_happens_on_non_dominant_keycol"/>
    <testcase time="0.0840000000000005" classname="listings" name="listings_are_correctly_paginated_when_a_wrapping_happens_on_non_dominant_keycol"/>
    <testcase time="0.0139999999999993" classname="listings" name="listings_are_correctly_paginated_when_a_wrapping_happens_on_non_dominant_keycol"/>
  </testsuite>
  <testsuite name="matrix_form" timestamp="2024-05-08T10:34:21Z" hostname="77a4258b7f51" tests="9" skipped="0" failures="0" errors="0" time="0.06">
    <testcase time="0.0440000000000005" classname="matrix_form" name="matrix_form_works_with_and_without_indentation"/>
    <testcase time="0.000999999999999446" classname="matrix_form" name="matrix_form_works_with_and_without_indentation"/>
    <testcase time="0.00100000000000033" classname="matrix_form" name="matrix_form_works_with_and_without_indentation"/>
    <testcase time="0.00199999999999978" classname="matrix_form" name="matrix_form_works_with_and_without_indentation"/>
    <testcase time="0.00199999999999978" classname="matrix_form" name="matrix_form_works_with_and_without_indentation"/>
    <testcase time="0.00200000000000067" classname="matrix_form" name="matrix_form_works_with_and_without_indentation"/>
    <testcase time="0.00399999999999956" classname="matrix_form" name="matrix_form_works_with_and_without_indentation"/>
    <testcase time="0.00199999999999978" classname="matrix_form" name="matrix_form_works_with_and_without_indentation"/>
    <testcase time="0.00200000000000067" classname="matrix_form" name="matrix_form_works_with_and_without_indentation"/>
  </testsuite>
  <testsuite name="pagination" timestamp="2024-05-08T10:34:21Z" hostname="77a4258b7f51" tests="75" skipped="0" failures="0" errors="0" time="7.299">
    <testcase time="0.0800000000000001" classname="pagination" name="pagination_works"/>
    <testcase time="0.000999999999999446" classname="pagination" name="pagination_works"/>
    <testcase time="0.00700000000000056" classname="pagination" name="pagination_works"/>
    <testcase time="0.0289999999999999" classname="pagination" name="pagination_works"/>
    <testcase time="0.164" classname="pagination" name="pagination_works"/>
    <testcase time="0.00600000000000023" classname="pagination" name="pagination_works"/>
    <testcase time="0.0289999999999999" classname="pagination" name="pagination_works"/>
    <testcase time="0.146" classname="pagination" name="pagination_works"/>
    <testcase time="0.0250000000000004" classname="pagination" name="pagination_works"/>
    <testcase time="0.0599999999999996" classname="pagination" name="pagination_works"/>
    <testcase time="0.0549999999999997" classname="pagination" name="pagination_works"/>
    <testcase time="0.116000000000001" classname="pagination" name="pagination_works"/>
    <testcase time="0.296" classname="pagination" name="pagination_works"/>
    <testcase time="0.267999999999999" classname="pagination" name="pagination_works"/>
    <testcase time="0.297000000000001" classname="pagination" name="pagination_works"/>
    <testcase time="0.0999999999999996" classname="pagination" name="pagination_works"/>
    <testcase time="0.00100000000000122" classname="pagination" name="pagination_works"/>
    <testcase time="0.00199999999999889" classname="pagination" name="pagination_works"/>
    <testcase time="0.000999999999999446" classname="pagination" name="pagination_works"/>
    <testcase time="0.0210000000000008" classname="pagination" name="pagination_works"/>
    <testcase time="0.00300000000000011" classname="pagination" name="pagination_works"/>
    <testcase time="0.000999999999999446" classname="pagination" name="pagination_works"/>
    <testcase time="0.00500000000000078" classname="pagination" name="pagination_works"/>
    <testcase time="0.0109999999999992" classname="pagination" name="pagination_works"/>
    <testcase time="0.00500000000000078" classname="pagination" name="pagination_works"/>
    <testcase time="0.000999999999999446" classname="pagination" name="pagination_works"/>
    <testcase time="0.000999999999999446" classname="pagination" name="pagination_works"/>
    <testcase time="0.00200000000000067" classname="pagination" name="pagination_works"/>
    <testcase time="0.000999999999999446" classname="pagination" name="pagination_works"/>
    <testcase time="0.00100000000000122" classname="pagination" name="pagination_works"/>
    <testcase time="0.000999999999999446" classname="pagination" name="pagination_works"/>
    <testcase time="0.000999999999999446" classname="pagination" name="pagination_works"/>
    <testcase time="0.185" classname="pagination" name="pagination_works"/>
    <testcase time="0.0869999999999997" classname="pagination" name="pagination_works"/>
    <testcase time="0.524000000000001" classname="pagination" name="pagination_works"/>
    <testcase time="0.00199999999999889" classname="pagination" name="pagination_works"/>
    <testcase time="0.00300000000000011" classname="pagination" name="pagination_works"/>
    <testcase time="0.00200000000000067" classname="pagination" name="pagination_works"/>
    <testcase time="0.00300000000000011" classname="pagination" name="pagination_works"/>
    <testcase time="0.141999999999999" classname="pagination" name="pagination_works"/>
    <testcase time="0.00200000000000067" classname="pagination" name="pagination_works"/>
    <testcase time="0.0250000000000004" classname="pagination" name="pagination_works"/>
    <testcase time="0.280999999999999" classname="pagination" name="pagination_works"/>
    <testcase time="0.233000000000001" classname="pagination" name="pagination_works"/>
    <testcase time="0.391" classname="pagination" name="pagination_works"/>
    <testcase time="0.175000000000001" classname="pagination" name="pagination_works"/>
    <testcase time="0.00499999999999901" classname="pagination" name="page_to_lcpp_stuff_works"/>
    <testcase time="0.00400000000000134" classname="pagination" name="page_to_lcpp_stuff_works"/>
    <testcase time="0.00799999999999912" classname="pagination" name="non_monospaced_fonts_are_caught"/>
    <testcase time="0.00399999999999956" classname="pagination" name="non_monospaced_fonts_are_caught"/>
    <testcase time="0.116000000000001" classname="pagination" name="spans_and_string_matrix_match_after_pagination_when_table_has_single_column"/>
    <testcase time="0.276" classname="pagination" name="pag_num_works_in_paginate_to_mpfs_and_export_as_txt"/>
    <testcase time="0.347" classname="pagination" name="pag_num_works_in_paginate_to_mpfs_and_export_as_txt"/>
    <testcase time="0.00300000000000011" classname="pagination" name="pag_num_works_in_paginate_to_mpfs_and_export_as_txt"/>
    <testcase time="0.000999999999999446" classname="pagination" name="pag_num_works_in_paginate_to_mpfs_and_export_as_txt"/>
    <testcase time="0.00200000000000067" classname="pagination" name="pag_num_works_in_paginate_to_mpfs_and_export_as_txt"/>
    <testcase time="0.478999999999999" classname="pagination" name="pag_num_works_in_paginate_to_mpfs_and_export_as_txt"/>
    <testcase time="0.353" classname="pagination" name="pag_num_works_in_paginate_to_mpfs_and_export_as_txt"/>
    <testcase time="0.159000000000001" classname="pagination" name="colwidths_and_num_rep_cols_work_when_using_lists_of_tables_and_listings"/>
    <testcase time="0.00200000000000067" classname="pagination" name="colwidths_and_num_rep_cols_work_when_using_lists_of_tables_and_listings"/>
    <testcase time="0.440999999999999" classname="pagination" name="colwidths_and_num_rep_cols_work_when_using_lists_of_tables_and_listings"/>
    <testcase time="0.00300000000000011" classname="pagination" name="colwidths_and_num_rep_cols_work_when_using_lists_of_tables_and_listings"/>
    <testcase time="0.00200000000000067" classname="pagination" name="colwidths_and_num_rep_cols_work_when_using_lists_of_tables_and_listings"/>
    <testcase time="0.000999999999999446" classname="pagination" name="colwidths_and_num_rep_cols_work_when_using_lists_of_tables_and_listings"/>
    <testcase time="0.00200000000000067" classname="pagination" name="colwidths_and_num_rep_cols_work_when_using_lists_of_tables_and_listings"/>
    <testcase time="0.00799999999999912" classname="pagination" name="colwidths_and_num_rep_cols_work_when_using_lists_of_tables_and_listings"/>
    <testcase time="0.448" classname="pagination" name="colwidths_and_num_rep_cols_work_when_using_lists_of_tables_and_listings"/>
    <testcase time="0.156000000000001" classname="pagination" name="rep_cols_works_as_intended_for_listings_and_tables"/>
    <testcase time="0.00199999999999889" classname="pagination" name="rep_cols_works_as_intended_for_listings_and_tables"/>
    <testcase time="0.243" classname="pagination" name="rep_cols_works_as_intended_for_listings_and_tables"/>
    <testcase time="0.00300000000000011" classname="pagination" name="rep_cols_works_as_intended_for_listings_and_tables"/>
    <testcase time="0.218" classname="pagination" name="rep_cols_works_as_intended_for_listings_and_tables"/>
    <testcase time="0.00399999999999956" classname="pagination" name="rep_cols_works_as_intended_for_listings_and_tables"/>
    <testcase time="0.214" classname="pagination" name="rep_cols_works_as_intended_for_listings_and_tables"/>
    <testcase time="0.00300000000000011" classname="pagination" name="rep_cols_works_as_intended_for_listings_and_tables"/>
  </testsuite>
  <testsuite name="print" timestamp="2024-05-08T10:34:29Z" hostname="77a4258b7f51" tests="4" skipped="0" failures="0" errors="0" time="0.091">
    <testcase time="0.0640000000000001" classname="print" name="toString_works_with_and_without_indentation"/>
    <testcase time="0.00600000000000023" classname="print" name="toString_works_with_and_without_indentation"/>
    <testcase time="0.00699999999999967" classname="print" name="toString_works_with_and_without_indentation"/>
    <testcase time="0.0139999999999993" classname="print" name="toString_works_with_and_without_indentation"/>
  </testsuite>
  <testsuite name="ref_fnotes" timestamp="2024-05-08T10:34:29Z" hostname="77a4258b7f51" tests="3" skipped="0" failures="0" errors="0" time="0.008">
    <testcase time="0.00600000000000023" classname="ref_fnotes" name="reorder_ref_fnotes_orders_referential_footnotes_correctly"/>
    <testcase time="0.00100000000000122" classname="ref_fnotes" name="reorder_ref_fnotes_orders_referential_footnotes_correctly"/>
    <testcase time="0.000999999999999446" classname="ref_fnotes" name="reorder_ref_fnotes_orders_referential_footnotes_correctly"/>
  </testsuite>
  <testsuite name="table_inset and titles and footers word wrapping" timestamp="2024-05-08T10:34:29Z" hostname="77a4258b7f51" tests="33" skipped="0" failures="0" errors="0" time="0.83">
    <testcase time="0.100999999999999" classname="table_inset_and_titles_and_footers_word_wrapping" name="tf_wrap_and_table_inset_work_including_together_"/>
    <testcase time="0.00400000000000134" classname="table_inset_and_titles_and_footers_word_wrapping" name="tf_wrap_and_table_inset_work_including_together_"/>
    <testcase time="0.00399999999999956" classname="table_inset_and_titles_and_footers_word_wrapping" name="tf_wrap_and_table_inset_work_including_together_"/>
    <testcase time="0.000999999999999446" classname="table_inset_and_titles_and_footers_word_wrapping" name="tf_wrap_and_table_inset_work_including_together_"/>
    <testcase time="0.403" classname="table_inset_and_titles_and_footers_word_wrapping" name="toString_is_silent_when_newline_is_in_decorations_footnotes_titles_as_matrix_form_constructor_expands_all_newlines"/>
    <testcase time="0.154999999999999" classname="table_inset_and_titles_and_footers_word_wrapping" name="toString_is_silent_when_newline_is_in_decorations_footnotes_titles_as_matrix_form_constructor_expands_all_newlines"/>
    <testcase time="0.0200000000000014" classname="table_inset_and_titles_and_footers_word_wrapping" name="wrapping_works_with_words_that_are_too_big_no_warning_"/>
    <testcase time="0.016" classname="table_inset_and_titles_and_footers_word_wrapping" name="auto_wrapping_works_with_inset_and_col_gap"/>
    <testcase time="0.00300000000000011" classname="table_inset_and_titles_and_footers_word_wrapping" name="regression_tests_for_rtables_empty_title_underlying_issue"/>
    <testcase time="0.000999999999999446" classname="table_inset_and_titles_and_footers_word_wrapping" name="regression_tests_for_rtables_empty_title_underlying_issue"/>
    <testcase time="0.0149999999999988" classname="table_inset_and_titles_and_footers_word_wrapping" name="row_label_wrapping_has_identical_indentation"/>
    <testcase time="0.00500000000000078" classname="table_inset_and_titles_and_footers_word_wrapping" name="row_label_wrapping_has_identical_indentation"/>
    <testcase time="0.00500000000000078" classname="table_inset_and_titles_and_footers_word_wrapping" name="wrap_strings_work"/>
    <testcase time="0.00300000000000011" classname="table_inset_and_titles_and_footers_word_wrapping" name="wrap_strings_work"/>
    <testcase time="0.00199999999999889" classname="table_inset_and_titles_and_footers_word_wrapping" name="wrap_strings_work"/>
    <testcase time="0.00200000000000067" classname="table_inset_and_titles_and_footers_word_wrapping" name="wrap_strings_work"/>
    <testcase time="0.000999999999999446" classname="table_inset_and_titles_and_footers_word_wrapping" name="wrap_strings_work"/>
    <testcase time="0.00300000000000011" classname="table_inset_and_titles_and_footers_word_wrapping" name="wrap_strings_work"/>
    <testcase time="0.00200000000000067" classname="table_inset_and_titles_and_footers_word_wrapping" name="wrap_strings_work"/>
    <testcase time="0.00199999999999889" classname="table_inset_and_titles_and_footers_word_wrapping" name="wrap_strings_work"/>
    <testcase time="0.016" classname="table_inset_and_titles_and_footers_word_wrapping" name="toString_wrapping_avoid_trimming_whitespaces"/>
    <testcase time="0.0080000000000009" classname="table_inset_and_titles_and_footers_word_wrapping" name="toString_wrapping_avoid_trimming_whitespaces"/>
    <testcase time="0.0109999999999992" classname="table_inset_and_titles_and_footers_word_wrapping" name="toString_wrapping_avoid_trimming_whitespaces"/>
    <testcase time="0.0240000000000009" classname="table_inset_and_titles_and_footers_word_wrapping" name="toString_and_wrapping_cooperates_well_with_separator_divisors"/>
    <testcase time="0.00399999999999956" classname="table_inset_and_titles_and_footers_word_wrapping" name="max_width_is_handled_correctly_as_expected"/>
    <testcase time="0.00200000000000067" classname="table_inset_and_titles_and_footers_word_wrapping" name="max_width_is_handled_correctly_as_expected"/>
    <testcase time="0.00300000000000011" classname="table_inset_and_titles_and_footers_word_wrapping" name="max_width_is_handled_correctly_as_expected"/>
    <testcase time="0.000999999999999446" classname="table_inset_and_titles_and_footers_word_wrapping" name="max_width_is_handled_correctly_as_expected"/>
    <testcase time="0.000999999999999446" classname="table_inset_and_titles_and_footers_word_wrapping" name="max_width_is_handled_correctly_as_expected"/>
    <testcase time="0.00200000000000067" classname="table_inset_and_titles_and_footers_word_wrapping" name="max_width_is_handled_correctly_as_expected"/>
    <testcase time="0.00399999999999956" classname="table_inset_and_titles_and_footers_word_wrapping" name="max_width_is_handled_correctly_as_expected"/>
    <testcase time="0.00399999999999956" classname="table_inset_and_titles_and_footers_word_wrapping" name="max_width_is_handled_correctly_as_expected"/>
    <testcase time="0.00200000000000067" classname="table_inset_and_titles_and_footers_word_wrapping" name="max_width_is_handled_correctly_as_expected"/>
  </testsuite>
</testsuites>
