<?xml version="1.0" encoding="UTF-8"?>
<testsuites>
  <testsuite name="exporters" timestamp="2024-03-26T19:29:35Z" hostname="1cc2897488cc" tests="29" skipped="0" failures="0" errors="0" time="4.375">
    <testcase time="0.495" classname="exporters" name="exporters_work"/>
    <testcase time="0.015" classname="exporters" name="exporters_work"/>
    <testcase time="0.0399999999999999" classname="exporters" name="exporters_work"/>
    <testcase time="0.00100000000000011" classname="exporters" name="exporters_work"/>
    <testcase time="0.317" classname="exporters" name="exporters_work"/>
    <testcase time="0.00100000000000011" classname="exporters" name="exporters_work"/>
    <testcase time="0.00299999999999989" classname="exporters" name="exporters_work"/>
    <testcase time="0.00100000000000011" classname="exporters" name="exporters_work"/>
    <testcase time="0.36" classname="exporters" name="exporters_work"/>
    <testcase time="0.0130000000000001" classname="exporters" name="mpf_subset_rows_works_when_there_are_newlines_wrapping_in_column_labels"/>
    <testcase time="0.00600000000000001" classname="exporters" name="mpf_subset_rows_works_when_there_are_newlines_wrapping_in_column_labels"/>
    <testcase time="0.292" classname="exporters" name="export_as_txt_maintains_repeated_columns_when_paginate_is_TRUE"/>
    <testcase time="0.00100000000000033" classname="exporters" name="export_as_txt_maintains_repeated_columns_when_paginate_is_TRUE"/>
    <testcase time="0.004" classname="exporters" name="export_as_txt_maintains_repeated_columns_when_paginate_is_TRUE"/>
    <testcase time="0.245" classname="exporters" name="export_as_txt_maintains_horizontal_separator_from_table"/>
    <testcase time="0.135" classname="exporters" name="export_as_pdf_works"/>
    <testcase time="0.00199999999999978" classname="exporters" name="export_as_pdf_works"/>
    <testcase time="0.0600000000000001" classname="exporters" name="export_as_pdf_works"/>
    <testcase time="0.218" classname="exporters" name="export_as_pdf_works"/>
    <testcase time="0.00200000000000022" classname="exporters" name="export_as_pdf_works"/>
    <testcase time="0.563" classname="exporters" name="exporting_lists_of_tables_and_listings_works"/>
    <testcase time="0.00100000000000033" classname="exporters" name="exporting_lists_of_tables_and_listings_works"/>
    <testcase time="0.356" classname="exporters" name="exporting_lists_of_tables_and_listings_works"/>
    <testcase time="0.229" classname="exporters" name="exporting_lists_of_tables_and_listings_works"/>
    <testcase time="0.357" classname="exporters" name="exporting_lists_of_tables_and_listings_works"/>
    <testcase time="0.00300000000000011" classname="exporters" name="exporting_lists_of_tables_and_listings_works"/>
    <testcase time="0.285" classname="exporters" name="exporting_lists_of_tables_and_listings_works"/>
    <testcase time="0.367" classname="exporters" name="exporting_lists_of_tables_and_listings_works"/>
    <testcase time="0.00300000000000011" classname="exporters" name="exporting_lists_of_tables_and_listings_works"/>
  </testsuite>
  <testsuite name="formatters" timestamp="2024-03-26T19:29:40Z" hostname="1cc2897488cc" tests="159" skipped="0" failures="0" errors="0" time="1.091">
    <testcase time="0.0149999999999997" classname="formatters" name="Default_horizontal_separator_works"/>
    <testcase time="0.00699999999999967" classname="formatters" name="Default_horizontal_separator_works"/>
    <testcase time="0.00200000000000067" classname="formatters" name="Default_horizontal_separator_works"/>
    <testcase time="0.000999999999999446" classname="formatters" name="Default_horizontal_separator_works"/>
    <testcase time="0.00200000000000067" classname="formatters" name="Default_horizontal_separator_works"/>
    <testcase time="0.00199999999999978" classname="formatters" name="Default_horizontal_separator_works"/>
    <testcase time="0.00399999999999956" classname="formatters" name="Default_horizontal_separator_works"/>
    <testcase time="0.00300000000000011" classname="formatters" name="Default_horizontal_separator_works"/>
    <testcase time="0.00100000000000033" classname="formatters" name="Default_horizontal_separator_works"/>
    <testcase time="0.000999999999999446" classname="formatters" name="Default_horizontal_separator_works"/>
    <testcase time="0.00200000000000067" classname="formatters" name="Default_horizontal_separator_works"/>
    <testcase time="0.00199999999999978" classname="formatters" name="Default_horizontal_separator_works"/>
    <testcase time="0.31" classname="formatters" name="make_row_df_produces_custom_error_message_if_used_on_MatrixPrintForm"/>
    <testcase time="0.00499999999999989" classname="formatters" name="formats_work"/>
    <testcase time="0.00199999999999978" classname="formatters" name="formats_work"/>
    <testcase time="0.00100000000000033" classname="formatters" name="formats_work"/>
    <testcase time="0.00100000000000033" classname="formatters" name="formats_work"/>
    <testcase time="0.000999999999999446" classname="formatters" name="formats_work"/>
    <testcase time="0.00100000000000033" classname="formatters" name="formats_work"/>
    <testcase time="0.00100000000000033" classname="formatters" name="formats_work"/>
    <testcase time="0.00199999999999978" classname="formatters" name="formats_work"/>
    <testcase time="0.000999999999999446" classname="formatters" name="formats_work"/>
    <testcase time="0.00100000000000033" classname="formatters" name="formats_work"/>
    <testcase time="0.00100000000000033" classname="formatters" name="formats_work"/>
    <testcase time="0.000999999999999446" classname="formatters" name="formats_work"/>
    <testcase time="0.00100000000000033" classname="formatters" name="formats_work"/>
    <testcase time="0.00100000000000033" classname="formatters" name="formats_work"/>
    <testcase time="0.00100000000000033" classname="formatters" name="formats_work"/>
    <testcase time="0.000999999999999446" classname="formatters" name="formats_work"/>
    <testcase time="0.00100000000000033" classname="formatters" name="formats_work"/>
    <testcase time="0.00100000000000033" classname="formatters" name="formats_work"/>
    <testcase time="0.00199999999999978" classname="formatters" name="formats_work"/>
    <testcase time="0.00100000000000033" classname="formatters" name="formats_work"/>
    <testcase time="0.000999999999999446" classname="formatters" name="formats_work"/>
    <testcase time="0.00100000000000033" classname="formatters" name="formats_work"/>
    <testcase time="0.00199999999999978" classname="formatters" name="formats_work"/>
    <testcase time="0.00100000000000033" classname="formatters" name="formats_work"/>
    <testcase time="0.000999999999999446" classname="formatters" name="formats_work"/>
    <testcase time="0.00400000000000045" classname="formatters" name="formats_work"/>
    <testcase time="0.000999999999999446" classname="formatters" name="formats_work"/>
    <testcase time="0.00200000000000067" classname="formatters" name="formats_work"/>
    <testcase time="0.000999999999999446" classname="formatters" name="formats_work"/>
    <testcase time="0.00100000000000033" classname="formatters" name="formats_work"/>
    <testcase time="0.000999999999999446" classname="formatters" name="formats_work"/>
    <testcase time="0.00200000000000067" classname="formatters" name="formats_work"/>
    <testcase time="0.000999999999999446" classname="formatters" name="formats_work"/>
    <testcase time="0.00100000000000033" classname="formatters" name="formats_work"/>
    <testcase time="0.00100000000000033" classname="formatters" name="formats_work"/>
    <testcase time="0.00199999999999978" classname="formatters" name="formats_work"/>
    <testcase time="0.000999999999999446" classname="formatters" name="formats_work"/>
    <testcase time="0.00100000000000033" classname="formatters" name="formats_work"/>
    <testcase time="0.00100000000000033" classname="formatters" name="formats_work"/>
    <testcase time="0.00199999999999978" classname="formatters" name="formats_work"/>
    <testcase time="0.00100000000000033" classname="formatters" name="formats_work"/>
    <testcase time="0.000999999999999446" classname="formatters" name="formats_work"/>
    <testcase time="0.00199999999999978" classname="formatters" name="formats_work"/>
    <testcase time="0.00100000000000033" classname="formatters" name="formats_work"/>
    <testcase time="0.00100000000000033" classname="formatters" name="formats_work"/>
    <testcase time="0.00199999999999978" classname="formatters" name="formats_work"/>
    <testcase time="0.00100000000000033" classname="formatters" name="formats_work"/>
    <testcase time="0.000999999999999446" classname="formatters" name="formats_work"/>
    <testcase time="0.00100000000000033" classname="formatters" name="formats_work"/>
    <testcase time="0.00199999999999978" classname="formatters" name="formats_work"/>
    <testcase time="0.00100000000000033" classname="formatters" name="formats_work"/>
    <testcase time="0.00199999999999978" classname="formatters" name="formats_work"/>
    <testcase time="0.00100000000000033" classname="formatters" name="formats_work"/>
    <testcase time="0.000999999999999446" classname="formatters" name="formats_work"/>
    <testcase time="0.00199999999999978" classname="formatters" name="formats_work"/>
    <testcase time="0.00100000000000033" classname="formatters" name="formats_work"/>
    <testcase time="0.00100000000000033" classname="formatters" name="formats_work"/>
    <testcase time="0.00100000000000033" classname="formatters" name="formats_work"/>
    <testcase time="0.00100000000000033" classname="formatters" name="formats_work"/>
    <testcase time="0.00499999999999989" classname="formatters" name="formats_work"/>
    <testcase time="0.00399999999999956" classname="formatters" name="formats_work"/>
    <testcase time="0.00700000000000056" classname="formatters" name="formats_work"/>
    <testcase time="0.00299999999999923" classname="formatters" name="formats_work"/>
    <testcase time="0.00100000000000033" classname="formatters" name="formats_work"/>
    <testcase time="0.00199999999999978" classname="formatters" name="formats_work"/>
    <testcase time="0.00100000000000033" classname="formatters" name="formats_work"/>
    <testcase time="0.00100000000000033" classname="formatters" name="formats_work"/>
    <testcase time="0.00199999999999978" classname="formatters" name="formats_work"/>
    <testcase time="0.000999999999999446" classname="formatters" name="formats_work"/>
    <testcase time="0.00100000000000033" classname="formatters" name="formats_work"/>
    <testcase time="0.00199999999999978" classname="formatters" name="formats_work"/>
    <testcase time="0.00100000000000033" classname="formatters" name="formats_work"/>
    <testcase time="0.00199999999999978" classname="formatters" name="formats_work"/>
    <testcase time="0.00100000000000033" classname="formatters" name="formats_work"/>
    <testcase time="0.000999999999999446" classname="formatters" name="formats_work"/>
    <testcase time="0.00200000000000067" classname="formatters" name="formats_work"/>
    <testcase time="0.000999999999999446" classname="formatters" name="formats_work"/>
    <testcase time="0.00499999999999989" classname="formatters" name="sprintf_formats_work"/>
    <testcase time="0.00100000000000033" classname="formatters" name="sprintf_formats_work"/>
    <testcase time="0.00499999999999989" classname="formatters" name="labels_and_miscellany"/>
    <testcase time="0.00100000000000033" classname="formatters" name="labels_and_miscellany"/>
    <testcase time="0.00300000000000011" classname="formatters" name="labels_and_miscellany"/>
    <testcase time="0.00199999999999978" classname="formatters" name="labels_and_miscellany"/>
    <testcase time="0.00100000000000033" classname="formatters" name="labels_and_miscellany"/>
    <testcase time="0.00199999999999978" classname="formatters" name="labels_and_miscellany"/>
    <testcase time="0.00199999999999978" classname="formatters" name="labels_and_miscellany"/>
    <testcase time="0.00300000000000011" classname="formatters" name="labels_and_miscellany"/>
    <testcase time="0.00300000000000011" classname="formatters" name="var_labels_works_in_self_assignment_with_named_values"/>
    <testcase time="0.00800000000000001" classname="formatters" name="all_valid_format_labels_can_be_applied_without_error"/>
    <testcase time="0.00399999999999956" classname="formatters" name="all_valid_format_labels_can_be_applied_without_error"/>
    <testcase time="0.00300000000000011" classname="formatters" name="all_valid_format_labels_can_be_applied_without_error"/>
    <testcase time="0.00100000000000033" classname="formatters" name="all_valid_format_labels_can_be_applied_without_error"/>
    <testcase time="0.00300000000000011" classname="formatters" name="_unnamed_"/>
    <testcase time="0.00199999999999978" classname="formatters" name="_unnamed_"/>
    <testcase time="0.00100000000000033" classname="formatters" name="_unnamed_"/>
    <testcase time="0.000999999999999446" classname="formatters" name="_unnamed_"/>
    <testcase time="0.00400000000000045" classname="formatters" name="_unnamed_"/>
    <testcase time="0.00399999999999956" classname="formatters" name="_unnamed_"/>
    <testcase time="0.00100000000000033" classname="formatters" name="_unnamed_"/>
    <testcase time="0.000999999999999446" classname="formatters" name="_unnamed_"/>
    <testcase time="0.00400000000000045" classname="formatters" name="_unnamed_"/>
    <testcase time="0.00199999999999978" classname="formatters" name="_unnamed_"/>
    <testcase time="0.00199999999999978" classname="formatters" name="_unnamed_"/>
    <testcase time="0.00100000000000033" classname="formatters" name="_unnamed_"/>
    <testcase time="0.00199999999999978" classname="formatters" name="_unnamed_"/>
    <testcase time="0.00100000000000033" classname="formatters" name="_unnamed_"/>
    <testcase time="0.0679999999999996" classname="formatters" name="_unnamed_"/>
    <testcase time="0.00200000000000067" classname="formatters" name="_unnamed_"/>
    <testcase time="0.00399999999999956" classname="formatters" name="_unnamed_"/>
    <testcase time="0.00800000000000001" classname="formatters" name="_unnamed_"/>
    <testcase time="0.0800000000000001" classname="formatters" name="error_when_widths_are_than_decimal_aligned_values"/>
    <testcase time="0.0259999999999998" classname="formatters" name="padstr_works_with_dec_left"/>
    <testcase time="0.00100000000000033" classname="formatters" name="padstr_works_with_dec_left"/>
    <testcase time="0.0220000000000002" classname="formatters" name="padstr_works_with_dec_right"/>
    <testcase time="0.0189999999999992" classname="formatters" name="padstr_works_with_decimal"/>
    <testcase time="0.0180000000000007" classname="formatters" name="decimal_alignments_work_when_there_are_numbers_but_no_decimal_places"/>
    <testcase time="0.00800000000000001" classname="formatters" name="decimal_alignments_work_when_there_are_numbers_but_no_decimal_places"/>
    <testcase time="0.0109999999999992" classname="formatters" name="decimal_alignments_work_when_there_are_numbers_but_no_decimal_places"/>
    <testcase time="0.0220000000000002" classname="formatters" name="behavior_of_decimal_alignments_on_non_numbers"/>
    <testcase time="0.0110000000000001" classname="formatters" name="behavior_of_decimal_alignments_on_non_numbers"/>
    <testcase time="0.0129999999999999" classname="formatters" name="behavior_of_decimal_alignments_on_non_numbers"/>
    <testcase time="0.0110000000000001" classname="formatters" name="behavior_of_decimal_alignments_on_non_numbers"/>
    <testcase time="0.0170000000000003" classname="formatters" name="Decimal_alignment_a_specific_case_with_larger_widths"/>
    <testcase time="0.00599999999999934" classname="formatters" name="Decimal_alignment_a_specific_case_with_larger_widths"/>
    <testcase time="0.00800000000000001" classname="formatters" name="Decimal_alignment_a_specific_case_with_larger_widths"/>
    <testcase time="0.0110000000000001" classname="formatters" name="Decimal_alignment_a_specific_case_with_larger_widths"/>
    <testcase time="0.00800000000000001" classname="formatters" name="Decimal_alignment_a_specific_case_with_larger_widths"/>
    <testcase time="0.00800000000000001" classname="formatters" name="Decimal_alignment_a_specific_case_with_larger_widths"/>
    <testcase time="0.0369999999999999" classname="formatters" name="All_supported_1d_format_cases_of_decimal_alignment"/>
    <testcase time="0.0170000000000003" classname="formatters" name="All_supported_1d_format_cases_of_decimal_alignment"/>
    <testcase time="0.0149999999999997" classname="formatters" name="decimal_alignment_disallows_scientific_notation"/>
    <testcase time="0.00700000000000056" classname="formatters" name="decimal_alignment_disallows_scientific_notation"/>
    <testcase time="0.00599999999999934" classname="formatters" name="decimal_alignment_disallows_scientific_notation"/>
    <testcase time="0.0590000000000002" classname="formatters" name="All_2d_cases_for_decimal_alignment"/>
    <testcase time="0.00499999999999989" classname="formatters" name="fmt_config_works_as_expected"/>
    <testcase time="0.00200000000000067" classname="formatters" name="fmt_config_works_as_expected"/>
    <testcase time="0.000999999999999446" classname="formatters" name="fmt_config_works_as_expected"/>
    <testcase time="0.00199999999999978" classname="formatters" name="fmt_config_works_as_expected"/>
    <testcase time="0.00100000000000033" classname="formatters" name="fmt_config_works_as_expected"/>
    <testcase time="0.00199999999999978" classname="formatters" name="fmt_config_works_as_expected"/>
    <testcase time="0.00199999999999978" classname="formatters" name="fmt_config_works_as_expected"/>
    <testcase time="0.00199999999999978" classname="formatters" name="fmt_config_works_as_expected"/>
    <testcase time="0.00200000000000067" classname="formatters" name="fmt_config_works_as_expected"/>
    <testcase time="0.00399999999999956" classname="formatters" name="reorder_ref_fnotes_orders_referential_footnotes_correctly"/>
    <testcase time="0.00100000000000033" classname="formatters" name="reorder_ref_fnotes_orders_referential_footnotes_correctly"/>
    <testcase time="0.00199999999999978" classname="formatters" name="reorder_ref_fnotes_orders_referential_footnotes_correctly"/>
  </testsuite>
  <testsuite name="listings" timestamp="2024-03-26T19:29:41Z" hostname="1cc2897488cc" tests="26" skipped="0" failures="0" errors="0" time="0.519">
    <testcase time="0.0899999999999999" classname="listings" name="basic_listing_mf_respect_core_modifications_from_table_matrix_form"/>
    <testcase time="0.00100000000000033" classname="listings" name="basic_listing_mf_respect_core_modifications_from_table_matrix_form"/>
    <testcase time="0.000999999999999446" classname="listings" name="basic_listing_mf_respect_core_modifications_from_table_matrix_form"/>
    <testcase time="0.00100000000000033" classname="listings" name="basic_listing_mf_respect_core_modifications_from_table_matrix_form"/>
    <testcase time="0.00199999999999978" classname="listings" name="basic_listing_mf_respect_core_modifications_from_table_matrix_form"/>
    <testcase time="0.00200000000000067" classname="listings" name="basic_listing_mf_respect_core_modifications_from_table_matrix_form"/>
    <testcase time="0.00299999999999923" classname="listings" name="basic_listing_mf_respect_core_modifications_from_table_matrix_form"/>
    <testcase time="0.00200000000000067" classname="listings" name="basic_listing_mf_respect_core_modifications_from_table_matrix_form"/>
    <testcase time="0.00300000000000011" classname="listings" name="basic_listing_mf_respect_core_modifications_from_table_matrix_form"/>
    <testcase time="0.00199999999999978" classname="listings" name="basic_listing_mf_respect_core_modifications_from_table_matrix_form"/>
    <testcase time="0.00300000000000011" classname="listings" name="basic_listing_mf_respect_core_modifications_from_table_matrix_form"/>
    <testcase time="0.00300000000000011" classname="listings" name="basic_listing_mf_respect_core_modifications_from_table_matrix_form"/>
    <testcase time="0.000999999999999446" classname="listings" name="basic_listing_mf_respect_core_modifications_from_table_matrix_form"/>
    <testcase time="0.0129999999999999" classname="listings" name="basic_listing_mf_respect_core_modifications_from_table_matrix_form"/>
    <testcase time="0.00499999999999989" classname="listings" name="basic_listing_mf_respect_core_modifications_from_table_matrix_form"/>
    <testcase time="0.0200000000000005" classname="listings" name="regression_test_for_oneline_listing_pagination"/>
    <testcase time="0.0519999999999996" classname="listings" name="regression_test_for_oneline_listing_pagination"/>
    <testcase time="0.0259999999999998" classname="listings" name="listings_are_correctly_paginated_when_a_wrapping_happens_on_non_dominant_keycol"/>
    <testcase time="0.0230000000000006" classname="listings" name="listings_are_correctly_paginated_when_a_wrapping_happens_on_non_dominant_keycol"/>
    <testcase time="0.0729999999999995" classname="listings" name="listings_are_correctly_paginated_when_a_wrapping_happens_on_non_dominant_keycol"/>
    <testcase time="0.0209999999999999" classname="listings" name="listings_are_correctly_paginated_when_a_wrapping_happens_on_non_dominant_keycol"/>
    <testcase time="0.0170000000000003" classname="listings" name="listings_are_correctly_paginated_when_a_wrapping_happens_on_non_dominant_keycol"/>
    <testcase time="0.0279999999999996" classname="listings" name="listings_are_correctly_paginated_when_a_wrapping_happens_on_non_dominant_keycol"/>
    <testcase time="0.0310000000000006" classname="listings" name="listings_are_correctly_paginated_when_a_wrapping_happens_on_non_dominant_keycol"/>
    <testcase time="0.0819999999999999" classname="listings" name="listings_are_correctly_paginated_when_a_wrapping_happens_on_non_dominant_keycol"/>
    <testcase time="0.0140000000000002" classname="listings" name="listings_are_correctly_paginated_when_a_wrapping_happens_on_non_dominant_keycol"/>
  </testsuite>
  <testsuite name="pagination" timestamp="2024-03-26T19:29:41Z" hostname="1cc2897488cc" tests="59" skipped="0" failures="0" errors="1" time="5.721">
    <testcase time="0.0749999999999993" classname="pagination" name="pagination_works"/>
    <testcase time="0.00200000000000067" classname="pagination" name="pagination_works"/>
    <testcase time="0.00699999999999967" classname="pagination" name="pagination_works"/>
    <testcase time="0.0289999999999999" classname="pagination" name="pagination_works"/>
    <testcase time="0.167" classname="pagination" name="pagination_works"/>
    <testcase time="0.0470000000000006" classname="pagination" name="pagination_works"/>
    <testcase time="0.0279999999999996" classname="pagination" name="pagination_works"/>
    <testcase time="0.147" classname="pagination" name="pagination_works"/>
    <testcase time="0.0270000000000001" classname="pagination" name="pagination_works"/>
    <testcase time="0.0569999999999995" classname="pagination" name="pagination_works"/>
    <testcase time="0.0620000000000003" classname="pagination" name="pagination_works"/>
    <testcase time="0.11" classname="pagination" name="pagination_works"/>
    <testcase time="0.300999999999999" classname="pagination" name="pagination_works"/>
    <testcase time="0.277" classname="pagination" name="pagination_works"/>
    <testcase time="0.31" classname="pagination" name="pagination_works"/>
    <testcase time="0.109" classname="pagination" name="pagination_works"/>
    <testcase time="0.000999999999999446" classname="pagination" name="pagination_works"/>
    <testcase time="0.000999999999999446" classname="pagination" name="pagination_works"/>
    <testcase time="0.00100000000000122" classname="pagination" name="pagination_works"/>
    <testcase time="0.0199999999999996" classname="pagination" name="pagination_works"/>
    <testcase time="0.00300000000000011" classname="pagination" name="pagination_works"/>
    <testcase time="0.000999999999999446" classname="pagination" name="pagination_works"/>
    <testcase time="0.00500000000000078" classname="pagination" name="pagination_works"/>
    <testcase time="0.00699999999999967" classname="pagination" name="pagination_works"/>
    <testcase time="0.00900000000000034" classname="pagination" name="pagination_works"/>
    <testcase time="0.000999999999999446" classname="pagination" name="pagination_works"/>
    <testcase time="0.00200000000000067" classname="pagination" name="pagination_works"/>
    <testcase time="0.000999999999999446" classname="pagination" name="pagination_works"/>
    <testcase time="0.000999999999999446" classname="pagination" name="pagination_works"/>
    <testcase time="0.00100000000000122" classname="pagination" name="pagination_works"/>
    <testcase time="0.00199999999999889" classname="pagination" name="pagination_works"/>
    <testcase time="0.000999999999999446" classname="pagination" name="pagination_works"/>
    <testcase time="0.184000000000001" classname="pagination" name="pagination_works"/>
    <testcase time="0.0879999999999992" classname="pagination" name="pagination_works"/>
    <testcase time="0.524000000000001" classname="pagination" name="pagination_works"/>
    <testcase time="0.00199999999999889" classname="pagination" name="pagination_works"/>
    <testcase time="0.00300000000000011" classname="pagination" name="pagination_works"/>
    <testcase time="0.00200000000000067" classname="pagination" name="pagination_works"/>
    <testcase time="0.00300000000000011" classname="pagination" name="pagination_works"/>
    <testcase time="0.134" classname="pagination" name="pagination_works"/>
    <testcase time="0.00199999999999889" classname="pagination" name="pagination_works"/>
    <testcase time="0.0230000000000015" classname="pagination" name="pagination_works"/>
    <testcase time="0.283999999999999" classname="pagination" name="pagination_works"/>
    <testcase time="0.227" classname="pagination" name="pagination_works"/>
    <testcase time="0.41" classname="pagination" name="pagination_works"/>
    <testcase time="0.167999999999999" classname="pagination" name="pagination_works"/>
    <testcase time="0.00500000000000078" classname="pagination" name="page_to_lcpp_stuff_works"/>
    <testcase time="0.00699999999999967" classname="pagination" name="page_to_lcpp_stuff_works"/>
    <testcase time="0.00999999999999979" classname="pagination" name="non_monospaced_fonts_are_caught"/>
    <testcase time="0.00399999999999956" classname="pagination" name="non_monospaced_fonts_are_caught"/>
    <testcase time="0.125" classname="pagination" name="spans_and_string_matrix_match_after_pagination_when_table_has_single_column"/>
    <testcase time="0.267000000000001" classname="pagination" name="pag_num_works_in_paginate_to_mpfs_and_export_as_txt"/>
    <testcase time="0.379" classname="pagination" name="pag_num_works_in_paginate_to_mpfs_and_export_as_txt"/>
    <testcase time="0.00300000000000011" classname="pagination" name="pag_num_works_in_paginate_to_mpfs_and_export_as_txt"/>
    <testcase time="0.000999999999999446" classname="pagination" name="pag_num_works_in_paginate_to_mpfs_and_export_as_txt"/>
    <testcase time="0.00200000000000067" classname="pagination" name="pag_num_works_in_paginate_to_mpfs_and_export_as_txt"/>
    <testcase time="0.440999999999999" classname="pagination" name="pag_num_works_in_paginate_to_mpfs_and_export_as_txt"/>
    <testcase time="0.32" classname="pagination" name="pag_num_works_in_paginate_to_mpfs_and_export_as_txt"/>
    <testcase time="0.291" classname="pagination" name="colwidths_and_num_rep_cols_work_when_using_lists_of_tables_and_listings">
      <error type="error" message="Error in `paginate_to_mpfs(obj = structure(list(strings = structure(c(&quot;vs&quot;,  ('test-pagination.R:423:3')">Error in `paginate_to_mpfs(obj = structure(list(strings = structure(c("vs", 
"0", "", "", "", "", "", "", "", "", "", "", "", "", "", "", 
"", "", "", "1", "", "", "", "", "", "", "", "", "", "", "", 
"", "", "gear", "3", "", "", "", "", "", "", "", "", "", "", 
"", "4", "", "5", "", "", "", "3", "", "", "4", "", "", "", "", 
"", "", "", "", "", "5", "rnms", "Hornet Sportabout", "Duster 360", 
"Merc 450SE", "Merc 450SL", "Merc 450SLC", "Cadillac Fleetwood", 
"Lincoln Continental", "Chrysler Imperial", "Dodge Challenger", 
"AMC Javelin", "Camaro Z28", "Pontiac Firebird", "Mazda RX4", 
"Mazda RX4 Wag", "Porsche 914-2", "Ford Pantera L", "Ferrari Dino", 
"Maserati Bora", "Hornet 4 Drive", "Valiant", "Toyota Corona", 
"Datsun 710", "Merc 240D", "Merc 230", "Merc 280", "Merc 280C", 
"Fiat 128", "Honda Civic", "Toyota Corolla", "Fiat X1-9", "Volvo 142E", 
"Lotus Europa", "mpg", "18.7", "14.3", "16.4", "17.3", "15.2", 
"10.4", "10.4", "14.7", "15.5", "15.2", "13.3", "19.2", "21", 
"21", "26", "15.8", "19.7", "15", "21.4", "18.1", "21.5", "22.8", 
"24.4", "22.8", "19.2", "17.8", "32.4", "30.4", "33.9", "27.3", 
"21.4", "30.4", "cyl", "8", "8", "8", "8", "8", "8", "8", "8", 
"8", "8", "8", "8", "6", "6", "4", "8", "6", "8", "6", "6", "4", 
"4", "4", "4", "6", "6", "4", "4", "4", "4", "4", "4", "disp", 
"360", "360", "275.8", "275.8", "275.8", "472", "460", "440", 
"318", "304", "350", "400", "160", "160", "120.3", "351", "145", 
"301", "258", "225", "120.1", "108", "146.7", "140.8", "167.6", 
"167.6", "78.7", "75.7", "71.1", "79", "121", "95.1", "hp", "175", 
"245", "180", "180", "180", "205", "215", "230", "150", "150", 
"245", "175", "110", "110", "91", "264", "175", "335", "110", 
"105", "97", "93", "62", "95", "123", "123", "66", "52", "65", 
"66", "109", "113", "drat", "3.15", "3.21", "3.07", "3.07", "3.07", 
"2.93", "3", "3.23", "2.76", "3.15", "3.73", "3.08", "3.9", "3.9", 
"4.43", "4.22", "3.62", "3.54", "3.08", "2.76", "3.7", "3.85", 
"3.69", "3.92", "3.92", "3.92", "4.08", "4.93", "4.22", "4.08", 
"4.11", "3.77", "wt", "3.44", "3.57", "4.07", "3.73", "3.78", 
"5.25", "5.424", "5.345", "3.52", "3.435", "3.84", "3.845", "2.62", 
"2.875", "2.14", "3.17", "2.77", "3.57", "3.215", "3.46", "2.465", 
"2.32", "3.19", "3.15", "3.44", "3.44", "2.2", "1.615", "1.835", 
"1.935", "2.78", "1.513", "qsec", "17.02", "15.84", "17.4", "17.6", 
"18", "17.98", "17.82", "17.42", "16.87", "17.3", "15.41", "17.05", 
"16.46", "17.02", "16.7", "14.5", "15.5", "14.6", "19.44", "20.22", 
"20.01", "18.61", "20", "22.9", "18.3", "18.9", "19.47", "18.52", 
"19.9", "18.9", "18.6", "16.9", "am", "0", "0", "0", "0", "0", 
"0", "0", "0", "0", "0", "0", "0", "1", "1", "1", "1", "1", "1", 
"0", "0", "0", "1", "0", "0", "0", "0", "1", "1", "1", "1", "1", 
"1", "carb", "2", "4", "3", "3", "3", "4", "4", "4", "2", "2", 
"4", "2", "4", "4", "2", "4", "6", "8", "1", "1", "1", "1", "2", 
"2", "4", "4", "1", "2", "1", "1", "2", "2"), dim = c(33L, 12L
), dimnames = list(NULL, c("vs", "gear", "rnms", "mpg", "cyl", 
"disp", "hp", "drat", "wt", "qsec", "am", "carb"))), spans = structure(c(1, 
1, 1, 1, 1, 1, 1, 1, 1, 1, 1, 1, 1, 1, 1, 1, 1, 1, 1, 1, 1, 1, 
1, 1, 1, 1, 1, 1, 1, 1, 1, 1, 1, 1, 1, 1, 1, 1, 1, 1, 1, 1, 1, 
1, 1, 1, 1, 1, 1, 1, 1, 1, 1, 1, 1, 1, 1, 1, 1, 1, 1, 1, 1, 1, 
1, 1, 1, 1, 1, 1, 1, 1, 1, 1, 1, 1, 1, 1, 1, 1, 1, 1, 1, 1, 1, 
1, 1, 1, 1, 1, 1, 1, 1, 1, 1, 1, 1, 1, 1, 1, 1, 1, 1, 1, 1, 1, 
1, 1, 1, 1, 1, 1, 1, 1, 1, 1, 1, 1, 1, 1, 1, 1, 1, 1, 1, 1, 1, 
1, 1, 1, 1, 1, 1, 1, 1, 1, 1, 1, 1, 1, 1, 1, 1, 1, 1, 1, 1, 1, 
1, 1, 1, 1, 1, 1, 1, 1, 1, 1, 1, 1, 1, 1, 1, 1, 1, 1, 1, 1, 1, 
1, 1, 1, 1, 1, 1, 1, 1, 1, 1, 1, 1, 1, 1, 1, 1, 1, 1, 1, 1, 1, 
1, 1, 1, 1, 1, 1, 1, 1, 1, 1, 1, 1, 1, 1, 1, 1, 1, 1, 1, 1, 1, 
1, 1, 1, 1, 1, 1, 1, 1, 1, 1, 1, 1, 1, 1, 1, 1, 1, 1, 1, 1, 1, 
1, 1, 1, 1, 1, 1, 1, 1, 1, 1, 1, 1, 1, 1, 1, 1, 1, 1, 1, 1, 1, 
1, 1, 1, 1, 1, 1, 1, 1, 1, 1, 1, 1, 1, 1, 1, 1, 1, 1, 1, 1, 1, 
1, 1, 1, 1, 1, 1, 1, 1, 1, 1, 1, 1, 1, 1, 1, 1, 1, 1, 1, 1, 1, 
1, 1, 1, 1, 1, 1, 1, 1, 1, 1, 1, 1, 1, 1, 1, 1, 1, 1, 1, 1, 1, 
1, 1, 1, 1, 1, 1, 1, 1, 1, 1, 1, 1, 1, 1, 1, 1, 1, 1, 1, 1, 1, 
1, 1, 1, 1, 1, 1, 1, 1, 1, 1, 1, 1, 1, 1, 1, 1, 1, 1, 1, 1, 1, 
1, 1, 1, 1, 1, 1, 1, 1, 1, 1, 1, 1, 1, 1, 1, 1, 1, 1, 1, 1, 1, 
1, 1, 1, 1, 1, 1, 1, 1, 1, 1, 1, 1, 1, 1, 1, 1, 1), dim = c(33L, 
12L)), aligns = structure(c("center", "center", "center", "center", 
"center", "center", "center", "center", "center", "center", "center", 
"center", "center", "center", "center", "center", "center", "center", 
"center", "center", "center", "center", "center", "center", "center", 
"center", "center", "center", "center", "center", "center", "center", 
"center", "center", "center", "center", "center", "center", "center", 
"center", "center", "center", "center", "center", "center", "center", 
"center", "center", "center", "center", "center", "center", "center", 
"center", "center", "center", "center", "center", "center", "center", 
"center", "center", "center", "center", "center", "center", "center", 
"center", "center", "center", "center", "center", "center", "center", 
"center", "center", "center", "center", "center", "center", "center", 
"center", "center", "center", "center", "center", "center", "center", 
"center", "center", "center", "center", "center", "center", "center", 
"center", "center", "center", "center", "center", "center", "center", 
"center", "center", "center", "center", "center", "center", "center", 
"center", "center", "center", "center", "center", "center", "center", 
"center", "center", "center", "center", "center", "center", "center", 
"center", "center", "center", "center", "center", "center", "center", 
"center", "center", "center", "center", "center", "center", "center", 
"center", "center", "center", "center", "center", "center", "center", 
"center", "center", "center", "center", "center", "center", "center", 
"center", "center", "center", "center", "center", "center", "center", 
"center", "center", "center", "center", "center", "center", "center", 
"center", "center", "center", "center", "center", "center", "center", 
"center", "center", "center", "center", "center", "center", "center", 
"center", "center", "center", "center", "center", "center", "center", 
"center", "center", "center", "center", "center", "center", "center", 
"center", "center", "center", "center", "center", "center", "center", 
"center", "center", "center", "center", "center", "center", "center", 
"center", "center", "center", "center", "center", "center", "center", 
"center", "center", "center", "center", "center", "center", "center", 
"center", "center", "center", "center", "center", "center", "center", 
"center", "center", "center", "center", "center", "center", "center", 
"center", "center", "center", "center", "center", "center", "center", 
"center", "center", "center", "center", "center", "center", "center", 
"center", "center", "center", "center", "center", "center", "center", 
"center", "center", "center", "center", "center", "center", "center", 
"center", "center", "center", "center", "center", "center", "center", 
"center", "center", "center", "center", "center", "center", "center", 
"center", "center", "center", "center", "center", "center", "center", 
"center", "center", "center", "center", "center", "center", "center", 
"center", "center", "center", "center", "center", "center", "center", 
"center", "center", "center", "center", "center", "center", "center", 
"center", "center", "center", "center", "center", "center", "center", 
"center", "center", "center", "center", "center", "center", "center", 
"center", "center", "center", "center", "center", "center", "center", 
"center", "center", "center", "center", "center", "center", "center", 
"center", "center", "center", "center", "center", "center", "center", 
"center", "center", "center", "center", "center", "center", "center", 
"center", "center", "center", "center", "center", "center", "center", 
"center", "center", "center", "center", "center", "center", "center", 
"center", "center", "center", "center", "center", "center", "center", 
"center", "center", "center", "center", "center", "center", "center", 
"center", "center", "center", "center", "center", "center", "center", 
"center", "center", "center", "center", "center", "center", "center", 
"center", "center", "center", "center", "center", "center", "center"
), dim = c(33L, 12L)), display = structure(c(TRUE, TRUE, TRUE, 
TRUE, TRUE, TRUE, TRUE, TRUE, TRUE, TRUE, TRUE, TRUE, TRUE, TRUE, 
TRUE, TRUE, TRUE, TRUE, TRUE, TRUE, TRUE, TRUE, TRUE, TRUE, TRUE, 
TRUE, TRUE, TRUE, TRUE, TRUE, TRUE, TRUE, TRUE, TRUE, TRUE, TRUE, 
TRUE, TRUE, TRUE, TRUE, TRUE, TRUE, TRUE, TRUE, TRUE, TRUE, TRUE, 
TRUE, TRUE, TRUE, TRUE, TRUE, TRUE, TRUE, TRUE, TRUE, TRUE, TRUE, 
TRUE, TRUE, TRUE, TRUE, TRUE, TRUE, TRUE, TRUE, TRUE, TRUE, TRUE, 
TRUE, TRUE, TRUE, TRUE, TRUE, TRUE, TRUE, TRUE, TRUE, TRUE, TRUE, 
TRUE, TRUE, TRUE, TRUE, TRUE, TRUE, TRUE, TRUE, TRUE, TRUE, TRUE, 
TRUE, TRUE, TRUE, TRUE, TRUE, TRUE, TRUE, TRUE, TRUE, TRUE, TRUE, 
TRUE, TRUE, TRUE, TRUE, TRUE, TRUE, TRUE, TRUE, TRUE, TRUE, TRUE, 
TRUE, TRUE, TRUE, TRUE, TRUE, TRUE, TRUE, TRUE, TRUE, TRUE, TRUE, 
TRUE, TRUE, TRUE, TRUE, TRUE, TRUE, TRUE, TRUE, TRUE, TRUE, TRUE, 
TRUE, TRUE, TRUE, TRUE, TRUE, TRUE, TRUE, TRUE, TRUE, TRUE, TRUE, 
TRUE, TRUE, TRUE, TRUE, TRUE, TRUE, TRUE, TRUE, TRUE, TRUE, TRUE, 
TRUE, TRUE, TRUE, TRUE, TRUE, TRUE, TRUE, TRUE, TRUE, TRUE, TRUE, 
TRUE, TRUE, TRUE, TRUE, TRUE, TRUE, TRUE, TRUE, TRUE, TRUE, TRUE, 
TRUE, TRUE, TRUE, TRUE, TRUE, TRUE, TRUE, TRUE, TRUE, TRUE, TRUE, 
TRUE, TRUE, TRUE, TRUE, TRUE, TRUE, TRUE, TRUE, TRUE, TRUE, TRUE, 
TRUE, TRUE, TRUE, TRUE, TRUE, TRUE, TRUE, TRUE, TRUE, TRUE, TRUE, 
TRUE, TRUE, TRUE, TRUE, TRUE, TRUE, TRUE, TRUE, TRUE, TRUE, TRUE, 
TRUE, TRUE, TRUE, TRUE, TRUE, TRUE, TRUE, TRUE, TRUE, TRUE, TRUE, 
TRUE, TRUE, TRUE, TRUE, TRUE, TRUE, TRUE, TRUE, TRUE, TRUE, TRUE, 
TRUE, TRUE, TRUE, TRUE, TRUE, TRUE, TRUE, TRUE, TRUE, TRUE, TRUE, 
TRUE, TRUE, TRUE, TRUE, TRUE, TRUE, TRUE, TRUE, TRUE, TRUE, TRUE, 
TRUE, TRUE, TRUE, TRUE, TRUE, TRUE, TRUE, TRUE, TRUE, TRUE, TRUE, 
TRUE, TRUE, TRUE, TRUE, TRUE, TRUE, TRUE, TRUE, TRUE, TRUE, TRUE, 
TRUE, TRUE, TRUE, TRUE, TRUE, TRUE, TRUE, TRUE, TRUE, TRUE, TRUE, 
TRUE, TRUE, TRUE, TRUE, TRUE, TRUE, TRUE, TRUE, TRUE, TRUE, TRUE, 
TRUE, TRUE, TRUE, TRUE, TRUE, TRUE, TRUE, TRUE, TRUE, TRUE, TRUE, 
TRUE, TRUE, TRUE, TRUE, TRUE, TRUE, TRUE, TRUE, TRUE, TRUE, TRUE, 
TRUE, TRUE, TRUE, TRUE, TRUE, TRUE, TRUE, TRUE, TRUE, TRUE, TRUE, 
TRUE, TRUE, TRUE, TRUE, TRUE, TRUE, TRUE, TRUE, TRUE, TRUE, TRUE, 
TRUE, TRUE, TRUE, TRUE, TRUE, TRUE, TRUE, TRUE, TRUE, TRUE, TRUE, 
TRUE, TRUE, TRUE, TRUE, TRUE, TRUE, TRUE, TRUE, TRUE, TRUE, TRUE, 
TRUE, TRUE, TRUE, TRUE, TRUE, TRUE, TRUE, TRUE, TRUE, TRUE, TRUE, 
TRUE, TRUE, TRUE, TRUE, TRUE, TRUE, TRUE, TRUE), dim = c(33L, 
12L)), formats = structure(c(1, 1, 1, 1, 1, 1, 1, 1, 1, 1, 1, 
1, 1, 1, 1, 1, 1, 1, 1, 1, 1, 1, 1, 1, 1, 1, 1, 1, 1, 1, 1, 1, 
1, 1, 1, 1, 1, 1, 1, 1, 1, 1, 1, 1, 1, 1, 1, 1, 1, 1, 1, 1, 1, 
1, 1, 1, 1, 1, 1, 1, 1, 1, 1, 1, 1, 1, 1, 1, 1, 1, 1, 1, 1, 1, 
1, 1, 1, 1, 1, 1, 1, 1, 1, 1, 1, 1, 1, 1, 1, 1, 1, 1, 1, 1, 1, 
1, 1, 1, 1, 1, 1, 1, 1, 1, 1, 1, 1, 1, 1, 1, 1, 1, 1, 1, 1, 1, 
1, 1, 1, 1, 1, 1, 1, 1, 1, 1, 1, 1, 1, 1, 1, 1, 1, 1, 1, 1, 1, 
1, 1, 1, 1, 1, 1, 1, 1, 1, 1, 1, 1, 1, 1, 1, 1, 1, 1, 1, 1, 1, 
1, 1, 1, 1, 1, 1, 1, 1, 1, 1, 1, 1, 1, 1, 1, 1, 1, 1, 1, 1, 1, 
1, 1, 1, 1, 1, 1, 1, 1, 1, 1, 1, 1, 1, 1, 1, 1, 1, 1, 1, 1, 1, 
1, 1, 1, 1, 1, 1, 1, 1, 1, 1, 1, 1, 1, 1, 1, 1, 1, 1, 1, 1, 1, 
1, 1, 1, 1, 1, 1, 1, 1, 1, 1, 1, 1, 1, 1, 1, 1, 1, 1, 1, 1, 1, 
1, 1, 1, 1, 1, 1, 1, 1, 1, 1, 1, 1, 1, 1, 1, 1, 1, 1, 1, 1, 1, 
1, 1, 1, 1, 1, 1, 1, 1, 1, 1, 1, 1, 1, 1, 1, 1, 1, 1, 1, 1, 1, 
1, 1, 1, 1, 1, 1, 1, 1, 1, 1, 1, 1, 1, 1, 1, 1, 1, 1, 1, 1, 1, 
1, 1, 1, 1, 1, 1, 1, 1, 1, 1, 1, 1, 1, 1, 1, 1, 1, 1, 1, 1, 1, 
1, 1, 1, 1, 1, 1, 1, 1, 1, 1, 1, 1, 1, 1, 1, 1, 1, 1, 1, 1, 1, 
1, 1, 1, 1, 1, 1, 1, 1, 1, 1, 1, 1, 1, 1, 1, 1, 1, 1, 1, 1, 1, 
1, 1, 1, 1, 1, 1, 1, 1, 1, 1, 1, 1, 1, 1, 1, 1, 1, 1, 1, 1, 1, 
1, 1, 1, 1, 1, 1, 1), dim = c(33L, 12L)), row_info = structure(list(
    label = c("", "", "", "", "", "", "", "", "", "", "", "", 
    "", "", "", "", "", "", "", "", "", "", "", "", "", "", "", 
    "", "", "", "", ""), name = c("", "", "", "", "", "", "", 
    "", "", "", "", "", "", "", "", "", "", "", "", "", "", "", 
    "", "", "", "", "", "", "", "", "", ""), abs_rownumber = 1:32, 
    path = structure(list(NA_character_, NA_character_, NA_character_, 
        NA_character_, NA_character_, NA_character_, NA_character_, 
        NA_character_, NA_character_, NA_character_, NA_character_, 
        NA_character_, NA_character_, NA_character_, NA_character_, 
        NA_character_, NA_character_, NA_character_, NA_character_, 
        NA_character_, NA_character_, NA_character_, NA_character_, 
        NA_character_, NA_character_, NA_character_, NA_character_, 
        NA_character_, NA_character_, NA_character_, NA_character_, 
        NA_character_), class = "AsIs"), pos_in_siblings = 1:32, 
    n_siblings = c(32L, 32L, 32L, 32L, 32L, 32L, 32L, 32L, 32L, 
    32L, 32L, 32L, 32L, 32L, 32L, 32L, 32L, 32L, 32L, 32L, 32L, 
    32L, 32L, 32L, 32L, 32L, 32L, 32L, 32L, 32L, 32L, 32L), self_extent = c(1L, 
    1L, 1L, 1L, 1L, 1L, 1L, 1L, 1L, 1L, 1L, 1L, 1L, 1L, 1L, 1L, 
    1L, 1L, 1L, 1L, 1L, 1L, 1L, 1L, 1L, 1L, 1L, 1L, 1L, 1L, 1L, 
    1L), par_extent = c(0L, 0L, 0L, 0L, 0L, 0L, 0L, 0L, 0L, 0L, 
    0L, 0L, 0L, 0L, 0L, 0L, 0L, 0L, 0L, 0L, 0L, 0L, 0L, 0L, 0L, 
    0L, 0L, 0L, 0L, 0L, 0L, 0L), reprint_inds = structure(list(
        integer(0), integer(0), integer(0), integer(0), integer(0), 
        integer(0), integer(0), integer(0), integer(0), integer(0), 
        integer(0), integer(0), integer(0), integer(0), integer(0), 
        integer(0), integer(0), integer(0), integer(0), integer(0), 
        integer(0), integer(0), integer(0), integer(0), integer(0), 
        integer(0), integer(0), integer(0), integer(0), integer(0), 
        integer(0), integer(0)), class = "AsIs"), node_class = c("listing_df", 
    "listing_df", "listing_df", "listing_df", "listing_df", "listing_df", 
    "listing_df", "listing_df", "listing_df", "listing_df", "listing_df", 
    "listing_df", "listing_df", "listing_df", "listing_df", "listing_df", 
    "listing_df", "listing_df", "listing_df", "listing_df", "listing_df", 
    "listing_df", "listing_df", "listing_df", "listing_df", "listing_df", 
    "listing_df", "listing_df", "listing_df", "listing_df", "listing_df", 
    "listing_df"), indent = c(0L, 0L, 0L, 0L, 0L, 0L, 0L, 0L, 
    0L, 0L, 0L, 0L, 0L, 0L, 0L, 0L, 0L, 0L, 0L, 0L, 0L, 0L, 0L, 
    0L, 0L, 0L, 0L, 0L, 0L, 0L, 0L, 0L), nrowrefs = c(0L, 0L, 
    0L, 0L, 0L, 0L, 0L, 0L, 0L, 0L, 0L, 0L, 0L, 0L, 0L, 0L, 0L, 
    0L, 0L, 0L, 0L, 0L, 0L, 0L, 0L, 0L, 0L, 0L, 0L, 0L, 0L, 0L
    ), ncellrefs = c(0L, 0L, 0L, 0L, 0L, 0L, 0L, 0L, 0L, 0L, 
    0L, 0L, 0L, 0L, 0L, 0L, 0L, 0L, 0L, 0L, 0L, 0L, 0L, 0L, 0L, 
    0L, 0L, 0L, 0L, 0L, 0L, 0L), nreflines = c(0L, 0L, 0L, 0L, 
    0L, 0L, 0L, 0L, 0L, 0L, 0L, 0L, 0L, 0L, 0L, 0L, 0L, 0L, 0L, 
    0L, 0L, 0L, 0L, 0L, 0L, 0L, 0L, 0L, 0L, 0L, 0L, 0L), force_page = c(FALSE, 
    FALSE, FALSE, FALSE, FALSE, FALSE, FALSE, FALSE, FALSE, FALSE, 
    FALSE, FALSE, FALSE, FALSE, FALSE, FALSE, FALSE, FALSE, FALSE, 
    FALSE, FALSE, FALSE, FALSE, FALSE, FALSE, FALSE, FALSE, FALSE, 
    FALSE, FALSE, FALSE, FALSE), page_title = c(NA_character_, 
    NA_character_, NA_character_, NA_character_, NA_character_, 
    NA_character_, NA_character_, NA_character_, NA_character_, 
    NA_character_, NA_character_, NA_character_, NA_character_, 
    NA_character_, NA_character_, NA_character_, NA_character_, 
    NA_character_, NA_character_, NA_character_, NA_character_, 
    NA_character_, NA_character_, NA_character_, NA_character_, 
    NA_character_, NA_character_, NA_character_, NA_character_, 
    NA_character_, NA_character_, NA_character_), trailing_sep = c(NA_character_, 
    NA_character_, NA_character_, NA_character_, NA_character_, 
    NA_character_, NA_character_, NA_character_, NA_character_, 
    NA_character_, NA_character_, NA_character_, NA_character_, 
    NA_character_, NA_character_, NA_character_, NA_character_, 
    NA_character_, NA_character_, NA_character_, NA_character_, 
    NA_character_, NA_character_, NA_character_, NA_character_, 
    NA_character_, NA_character_, NA_character_, NA_character_, 
    NA_character_, NA_character_, NA_character_)), row.names = c(NA, 
32L), class = "data.frame"), line_grouping = 1:33, ref_footnotes = list(), 
    main_title = "main title", subtitles = c("sub", "titles"), 
    page_titles = character(0), main_footer = c("main", "  footer"
    ), prov_footer = "prov footer", header_section_div = NA_character_, 
    horizontal_sep = "—", col_gap = 3, listing_keycols = c("vs", 
    "gear"), table_inset = 0L, has_topleft = FALSE, indent_size = 2, 
    col_widths = c(vs = 2, gear = 4, rnms = 19, mpg = 4, cyl = 3, 
    disp = 5, hp = 3, drat = 4, wt = 5, qsec = 5, am = 2, carb = 4
    ), ref_fnote_df = structure(list(row_path = structure(list(), class = "AsIs"), 
        col_path = structure(list(), class = "AsIs"), row = integer(0), 
        col = integer(0), symbol = character(0), ref_index = integer(0), 
        msg = character(0), nlines = integer(0)), row.names = integer(0), class = "data.frame")), nrow_header = 1, ncols = 11, class = c("MatrixPrintForm", 
"list")), page_type = page_type, font_family = font_family, font_size = font_size, 
    lineheight = lineheight, landscape = landscape, pg_width = pg_width, 
    pg_height = pg_height, margins = margins, lpp = lpp, cpp = cpp, 
    min_siblings = min_siblings, nosplitin = nosplitin, colwidths = colwidths, 
    tf_wrap = tf_wrap, max_width = max_width, indent_size = indent_size, 
    page_num = page_num, rep_cols = rep_cols, verbose = verbose)`: non-null colwidths argument must have length ncol(x) (+ 1 if row labels are present and if it is a table) [11], got length 12
Backtrace:
    ▆
 1. └─formatters::export_as_txt(...) at test-pagination.R:423:3
 2.   ├─formatters::paginate_to_mpfs(...)
 3.   │ ├─base::unlist(...)
 4.   │ └─base::lapply(...)
 5.   │   └─formatters (local) FUN(X[[i]], ...)
 6.   │     └─base::eval(cur_call, envir = parent.frame(3L))
 7.   │       └─base::eval(cur_call, envir = parent.frame(3L))
 8.   └─formatters::paginate_to_mpfs(...)</error>
    </testcase>
  </testsuite>
  <testsuite name="table_inset and titles and footers word wrapping" timestamp="2024-03-26T19:29:47Z" hostname="1cc2897488cc" tests="33" skipped="0" failures="0" errors="0" time="0.782">
    <testcase time="0.0470000000000006" classname="table_inset_and_titles_and_footers_word_wrapping" name="tf_wordwrap_and_table_inset_work_including_together_"/>
    <testcase time="0.00300000000000011" classname="table_inset_and_titles_and_footers_word_wrapping" name="tf_wordwrap_and_table_inset_work_including_together_"/>
    <testcase time="0.00399999999999956" classname="table_inset_and_titles_and_footers_word_wrapping" name="tf_wordwrap_and_table_inset_work_including_together_"/>
    <testcase time="0.000999999999999446" classname="table_inset_and_titles_and_footers_word_wrapping" name="tf_wordwrap_and_table_inset_work_including_together_"/>
    <testcase time="0.417" classname="table_inset_and_titles_and_footers_word_wrapping" name="toString_is_silent_when_newline_is_in_decorations_footnotes_titles_as_matrix_form_constructor_expands_all_newlines"/>
    <testcase time="0.147" classname="table_inset_and_titles_and_footers_word_wrapping" name="toString_is_silent_when_newline_is_in_decorations_footnotes_titles_as_matrix_form_constructor_expands_all_newlines"/>
    <testcase time="0.016" classname="table_inset_and_titles_and_footers_word_wrapping" name="works_with_words_that_are_too_big_no_warning_"/>
    <testcase time="0.016" classname="table_inset_and_titles_and_footers_word_wrapping" name="auto_works_with_inset_and_col_gap"/>
    <testcase time="0.00399999999999956" classname="table_inset_and_titles_and_footers_word_wrapping" name="regression_tests_for_rtables_empty_title_underlying_issue"/>
    <testcase time="0.000999999999999446" classname="table_inset_and_titles_and_footers_word_wrapping" name="regression_tests_for_rtables_empty_title_underlying_issue"/>
    <testcase time="0.016" classname="table_inset_and_titles_and_footers_word_wrapping" name="row_label_wrapping_has_identical_indentation"/>
    <testcase time="0.00500000000000078" classname="table_inset_and_titles_and_footers_word_wrapping" name="row_label_wrapping_has_identical_indentation"/>
    <testcase time="0.00799999999999912" classname="table_inset_and_titles_and_footers_word_wrapping" name="wrap_strings_work"/>
    <testcase time="0.00300000000000011" classname="table_inset_and_titles_and_footers_word_wrapping" name="wrap_strings_work"/>
    <testcase time="0.00300000000000011" classname="table_inset_and_titles_and_footers_word_wrapping" name="wrap_strings_work"/>
    <testcase time="0.00200000000000067" classname="table_inset_and_titles_and_footers_word_wrapping" name="wrap_strings_work"/>
    <testcase time="0.00199999999999889" classname="table_inset_and_titles_and_footers_word_wrapping" name="wrap_strings_work"/>
    <testcase time="0.00300000000000011" classname="table_inset_and_titles_and_footers_word_wrapping" name="wrap_strings_work"/>
    <testcase time="0.00100000000000122" classname="table_inset_and_titles_and_footers_word_wrapping" name="wrap_strings_work"/>
    <testcase time="0.00199999999999889" classname="table_inset_and_titles_and_footers_word_wrapping" name="wrap_strings_work"/>
    <testcase time="0.016" classname="table_inset_and_titles_and_footers_word_wrapping" name="toString_wrapping_avoid_trimming_whitespaces"/>
    <testcase time="0.0080000000000009" classname="table_inset_and_titles_and_footers_word_wrapping" name="toString_wrapping_avoid_trimming_whitespaces"/>
    <testcase time="0.00799999999999912" classname="table_inset_and_titles_and_footers_word_wrapping" name="toString_wrapping_avoid_trimming_whitespaces"/>
    <testcase time="0.0229999999999997" classname="table_inset_and_titles_and_footers_word_wrapping" name="toString_and_wrapping_cooperates_well_with_separator_divisors"/>
    <testcase time="0.00400000000000134" classname="table_inset_and_titles_and_footers_word_wrapping" name="max_width_is_handled_correctly_as_expected"/>
    <testcase time="0.00199999999999889" classname="table_inset_and_titles_and_footers_word_wrapping" name="max_width_is_handled_correctly_as_expected"/>
    <testcase time="0.00300000000000011" classname="table_inset_and_titles_and_footers_word_wrapping" name="max_width_is_handled_correctly_as_expected"/>
    <testcase time="0.000999999999999446" classname="table_inset_and_titles_and_footers_word_wrapping" name="max_width_is_handled_correctly_as_expected"/>
    <testcase time="0.00100000000000122" classname="table_inset_and_titles_and_footers_word_wrapping" name="max_width_is_handled_correctly_as_expected"/>
    <testcase time="0.00199999999999889" classname="table_inset_and_titles_and_footers_word_wrapping" name="max_width_is_handled_correctly_as_expected"/>
    <testcase time="0.0080000000000009" classname="table_inset_and_titles_and_footers_word_wrapping" name="max_width_is_handled_correctly_as_expected"/>
    <testcase time="0.00399999999999956" classname="table_inset_and_titles_and_footers_word_wrapping" name="max_width_is_handled_correctly_as_expected"/>
    <testcase time="0.00100000000000122" classname="table_inset_and_titles_and_footers_word_wrapping" name="max_width_is_handled_correctly_as_expected"/>
  </testsuite>
</testsuites>
