<?xml version="1.0" encoding="UTF-8"?>
<testsuites>
  <testsuite name="exporters" timestamp="2023-10-19T16:46:13Z" hostname="cf2b70905e0d" tests="14" skipped="0" failures="0" errors="0" time="2.963">
    <testcase time="0.923" classname="exporters" name="exporters_work"/>
    <testcase time="0.0269999999999999" classname="exporters" name="exporters_work"/>
    <testcase time="0.0880000000000001" classname="exporters" name="exporters_work"/>
    <testcase time="0.002" classname="exporters" name="exporters_work"/>
    <testcase time="0.613" classname="exporters" name="exporters_work"/>
    <testcase time="0.00300000000000011" classname="exporters" name="exporters_work"/>
    <testcase time="0.00499999999999989" classname="exporters" name="exporters_work"/>
    <testcase time="0.00300000000000011" classname="exporters" name="exporters_work"/>
    <testcase time="0.667" classname="exporters" name="exporters_work"/>
    <testcase time="0.0209999999999999" classname="exporters" name="mpf_subset_rows_works_when_there_are_newlines_wrapping_in_column_labels"/>
    <testcase time="0.0150000000000001" classname="exporters" name="mpf_subset_rows_works_when_there_are_newlines_wrapping_in_column_labels"/>
    <testcase time="0.592" classname="exporters" name="export_as_txt_maintains_repeated_columns_when_paginate_is_TRUE"/>
    <testcase time="0.00200000000000022" classname="exporters" name="export_as_txt_maintains_repeated_columns_when_paginate_is_TRUE"/>
    <testcase time="0.00199999999999978" classname="exporters" name="export_as_txt_maintains_repeated_columns_when_paginate_is_TRUE"/>
  </testsuite>
  <testsuite name="formatters" timestamp="2023-10-19T16:46:16Z" hostname="cf2b70905e0d" tests="141" skipped="0" failures="0" errors="0" time="2.018">
    <testcase time="0.0310000000000001" classname="formatters" name="Default_hsep_works"/>
    <testcase time="0.507" classname="formatters" name="make_row_df_produces_custom_error_message_if_used_on_MatrixPrintForm"/>
    <testcase time="0.0129999999999999" classname="formatters" name="formats_work"/>
    <testcase time="0.00100000000000033" classname="formatters" name="formats_work"/>
    <testcase time="0.00199999999999978" classname="formatters" name="formats_work"/>
    <testcase time="0.00300000000000011" classname="formatters" name="formats_work"/>
    <testcase time="0.00199999999999978" classname="formatters" name="formats_work"/>
    <testcase time="0.00199999999999978" classname="formatters" name="formats_work"/>
    <testcase time="0.00199999999999978" classname="formatters" name="formats_work"/>
    <testcase time="0.00200000000000067" classname="formatters" name="formats_work"/>
    <testcase time="0.00199999999999978" classname="formatters" name="formats_work"/>
    <testcase time="0.00199999999999978" classname="formatters" name="formats_work"/>
    <testcase time="0.00199999999999978" classname="formatters" name="formats_work"/>
    <testcase time="0.00200000000000067" classname="formatters" name="formats_work"/>
    <testcase time="0.00199999999999978" classname="formatters" name="formats_work"/>
    <testcase time="0.00300000000000011" classname="formatters" name="formats_work"/>
    <testcase time="0.00199999999999978" classname="formatters" name="formats_work"/>
    <testcase time="0.00199999999999978" classname="formatters" name="formats_work"/>
    <testcase time="0.00200000000000067" classname="formatters" name="formats_work"/>
    <testcase time="0.00299999999999923" classname="formatters" name="formats_work"/>
    <testcase time="0.00200000000000067" classname="formatters" name="formats_work"/>
    <testcase time="0.00599999999999934" classname="formatters" name="formats_work"/>
    <testcase time="0.00500000000000078" classname="formatters" name="formats_work"/>
    <testcase time="0.00199999999999978" classname="formatters" name="formats_work"/>
    <testcase time="0.00199999999999978" classname="formatters" name="formats_work"/>
    <testcase time="0.00399999999999956" classname="formatters" name="formats_work"/>
    <testcase time="0.00300000000000011" classname="formatters" name="formats_work"/>
    <testcase time="0.00200000000000067" classname="formatters" name="formats_work"/>
    <testcase time="0.00199999999999978" classname="formatters" name="formats_work"/>
    <testcase time="0.00300000000000011" classname="formatters" name="formats_work"/>
    <testcase time="0.00199999999999978" classname="formatters" name="formats_work"/>
    <testcase time="0.00199999999999978" classname="formatters" name="formats_work"/>
    <testcase time="0.00199999999999978" classname="formatters" name="formats_work"/>
    <testcase time="0.00300000000000011" classname="formatters" name="formats_work"/>
    <testcase time="0.00200000000000067" classname="formatters" name="formats_work"/>
    <testcase time="0.00299999999999923" classname="formatters" name="formats_work"/>
    <testcase time="0.00200000000000067" classname="formatters" name="formats_work"/>
    <testcase time="0.00199999999999978" classname="formatters" name="formats_work"/>
    <testcase time="0.00199999999999978" classname="formatters" name="formats_work"/>
    <testcase time="0.00300000000000011" classname="formatters" name="formats_work"/>
    <testcase time="0.00199999999999978" classname="formatters" name="formats_work"/>
    <testcase time="0.00200000000000067" classname="formatters" name="formats_work"/>
    <testcase time="0.00299999999999923" classname="formatters" name="formats_work"/>
    <testcase time="0.00200000000000067" classname="formatters" name="formats_work"/>
    <testcase time="0.00199999999999978" classname="formatters" name="formats_work"/>
    <testcase time="0.00300000000000011" classname="formatters" name="formats_work"/>
    <testcase time="0.00199999999999978" classname="formatters" name="formats_work"/>
    <testcase time="0.00199999999999978" classname="formatters" name="formats_work"/>
    <testcase time="0.00300000000000011" classname="formatters" name="formats_work"/>
    <testcase time="0.00199999999999978" classname="formatters" name="formats_work"/>
    <testcase time="0.00200000000000067" classname="formatters" name="formats_work"/>
    <testcase time="0.00300000000000011" classname="formatters" name="formats_work"/>
    <testcase time="0.00199999999999978" classname="formatters" name="formats_work"/>
    <testcase time="0.00300000000000011" classname="formatters" name="formats_work"/>
    <testcase time="0.00199999999999978" classname="formatters" name="formats_work"/>
    <testcase time="0.00300000000000011" classname="formatters" name="formats_work"/>
    <testcase time="0.00199999999999978" classname="formatters" name="formats_work"/>
    <testcase time="0.00199999999999978" classname="formatters" name="formats_work"/>
    <testcase time="0.00300000000000011" classname="formatters" name="formats_work"/>
    <testcase time="0.00999999999999979" classname="formatters" name="formats_work"/>
    <testcase time="0.00900000000000034" classname="formatters" name="formats_work"/>
    <testcase time="0.00800000000000001" classname="formatters" name="formats_work"/>
    <testcase time="0.00999999999999979" classname="formatters" name="formats_work"/>
    <testcase time="0.00700000000000056" classname="formatters" name="formats_work"/>
    <testcase time="0.00199999999999978" classname="formatters" name="formats_work"/>
    <testcase time="0.00300000000000011" classname="formatters" name="formats_work"/>
    <testcase time="0.00199999999999978" classname="formatters" name="formats_work"/>
    <testcase time="0.00199999999999978" classname="formatters" name="formats_work"/>
    <testcase time="0.00199999999999978" classname="formatters" name="formats_work"/>
    <testcase time="0.00199999999999978" classname="formatters" name="formats_work"/>
    <testcase time="0.00200000000000067" classname="formatters" name="formats_work"/>
    <testcase time="0.00299999999999923" classname="formatters" name="formats_work"/>
    <testcase time="0.00200000000000067" classname="formatters" name="formats_work"/>
    <testcase time="0.00300000000000011" classname="formatters" name="formats_work"/>
    <testcase time="0.00199999999999978" classname="formatters" name="formats_work"/>
    <testcase time="0.00200000000000067" classname="formatters" name="formats_work"/>
    <testcase time="0.0110000000000001" classname="formatters" name="sprintf_formats_work"/>
    <testcase time="0.00199999999999978" classname="formatters" name="sprintf_formats_work"/>
    <testcase time="0.0110000000000001" classname="formatters" name="labels_and_miscellany"/>
    <testcase time="0.00300000000000011" classname="formatters" name="labels_and_miscellany"/>
    <testcase time="0.00599999999999934" classname="formatters" name="labels_and_miscellany"/>
    <testcase time="0.00300000000000011" classname="formatters" name="labels_and_miscellany"/>
    <testcase time="0.00199999999999978" classname="formatters" name="labels_and_miscellany"/>
    <testcase time="0.00400000000000045" classname="formatters" name="labels_and_miscellany"/>
    <testcase time="0.00300000000000011" classname="formatters" name="labels_and_miscellany"/>
    <testcase time="0.00699999999999967" classname="formatters" name="labels_and_miscellany"/>
    <testcase time="0.0129999999999999" classname="formatters" name="all_valid_format_labels_can_be_applied_without_error"/>
    <testcase time="0.00900000000000034" classname="formatters" name="all_valid_format_labels_can_be_applied_without_error"/>
    <testcase time="0.00900000000000034" classname="formatters" name="all_valid_format_labels_can_be_applied_without_error"/>
    <testcase time="0.00199999999999978" classname="formatters" name="all_valid_format_labels_can_be_applied_without_error"/>
    <testcase time="0.0119999999999996" classname="formatters" name="_unnamed_"/>
    <testcase time="0.00300000000000011" classname="formatters" name="_unnamed_"/>
    <testcase time="0.00199999999999978" classname="formatters" name="_unnamed_"/>
    <testcase time="0.00200000000000067" classname="formatters" name="_unnamed_"/>
    <testcase time="0.00999999999999979" classname="formatters" name="_unnamed_"/>
    <testcase time="0.00600000000000023" classname="formatters" name="_unnamed_"/>
    <testcase time="0.00299999999999923" classname="formatters" name="_unnamed_"/>
    <testcase time="0.00300000000000011" classname="formatters" name="_unnamed_"/>
    <testcase time="0.00700000000000056" classname="formatters" name="_unnamed_"/>
    <testcase time="0.00499999999999989" classname="formatters" name="_unnamed_"/>
    <testcase time="0.00300000000000011" classname="formatters" name="_unnamed_"/>
    <testcase time="0.00300000000000011" classname="formatters" name="_unnamed_"/>
    <testcase time="0.00199999999999978" classname="formatters" name="_unnamed_"/>
    <testcase time="0.00300000000000011" classname="formatters" name="_unnamed_"/>
    <testcase time="0.130999999999999" classname="formatters" name="_unnamed_"/>
    <testcase time="0.00400000000000045" classname="formatters" name="_unnamed_"/>
    <testcase time="0.0140000000000002" classname="formatters" name="_unnamed_"/>
    <testcase time="0.0139999999999993" classname="formatters" name="_unnamed_"/>
    <testcase time="0.168" classname="formatters" name="error_when_widths_are_than_decimal_aligned_values"/>
    <testcase time="0.0540000000000003" classname="formatters" name="padstr_works_with_dec_left"/>
    <testcase time="0.00199999999999978" classname="formatters" name="padstr_works_with_dec_left"/>
    <testcase time="0.0529999999999999" classname="formatters" name="padstr_works_with_dec_right"/>
    <testcase time="0.0380000000000003" classname="formatters" name="padstr_works_with_decimal"/>
    <testcase time="0.0350000000000001" classname="formatters" name="decimal_alignments_work_when_there_are_numbers_but_no_decimal_places"/>
    <testcase time="0.0279999999999996" classname="formatters" name="decimal_alignments_work_when_there_are_numbers_but_no_decimal_places"/>
    <testcase time="0.0209999999999999" classname="formatters" name="decimal_alignments_work_when_there_are_numbers_but_no_decimal_places"/>
    <testcase time="0.0449999999999999" classname="formatters" name="behavior_of_decimal_alignments_on_non_numbers"/>
    <testcase time="0.0220000000000002" classname="formatters" name="behavior_of_decimal_alignments_on_non_numbers"/>
    <testcase time="0.0200000000000005" classname="formatters" name="behavior_of_decimal_alignments_on_non_numbers"/>
    <testcase time="0.0309999999999997" classname="formatters" name="behavior_of_decimal_alignments_on_non_numbers"/>
    <testcase time="0.0350000000000001" classname="formatters" name="Decimal_alignment_a_specific_case_with_larger_widths"/>
    <testcase time="0.0110000000000001" classname="formatters" name="Decimal_alignment_a_specific_case_with_larger_widths"/>
    <testcase time="0.0149999999999997" classname="formatters" name="Decimal_alignment_a_specific_case_with_larger_widths"/>
    <testcase time="0.0149999999999997" classname="formatters" name="Decimal_alignment_a_specific_case_with_larger_widths"/>
    <testcase time="0.0180000000000007" classname="formatters" name="Decimal_alignment_a_specific_case_with_larger_widths"/>
    <testcase time="0.0190000000000001" classname="formatters" name="Decimal_alignment_a_specific_case_with_larger_widths"/>
    <testcase time="0.0659999999999998" classname="formatters" name="All_supported_1d_format_cases_of_decimal_alignment"/>
    <testcase time="0.0369999999999999" classname="formatters" name="All_supported_1d_format_cases_of_decimal_alignment"/>
    <testcase time="0.0300000000000002" classname="formatters" name="decimal_alignment_disallows_scientific_notation"/>
    <testcase time="0.0109999999999992" classname="formatters" name="decimal_alignment_disallows_scientific_notation"/>
    <testcase time="0.0110000000000001" classname="formatters" name="decimal_alignment_disallows_scientific_notation"/>
    <testcase time="0.124" classname="formatters" name="All_2d_cases_for_decimal_alignment"/>
    <testcase time="0.0110000000000001" classname="formatters" name="fmt_config_works_as_expected"/>
    <testcase time="0.00300000000000011" classname="formatters" name="fmt_config_works_as_expected"/>
    <testcase time="0.00199999999999978" classname="formatters" name="fmt_config_works_as_expected"/>
    <testcase time="0.00400000000000045" classname="formatters" name="fmt_config_works_as_expected"/>
    <testcase time="0.00199999999999978" classname="formatters" name="fmt_config_works_as_expected"/>
    <testcase time="0.00400000000000045" classname="formatters" name="fmt_config_works_as_expected"/>
    <testcase time="0.00599999999999934" classname="formatters" name="fmt_config_works_as_expected"/>
    <testcase time="0.00400000000000045" classname="formatters" name="fmt_config_works_as_expected"/>
    <testcase time="0.00399999999999956" classname="formatters" name="fmt_config_works_as_expected"/>
  </testsuite>
  <testsuite name="pagination" timestamp="2023-10-19T16:46:18Z" hostname="cf2b70905e0d" tests="51" skipped="0" failures="0" errors="0" time="7.878">
    <testcase time="0.162" classname="pagination" name="pagination_works"/>
    <testcase time="0.00200000000000067" classname="pagination" name="pagination_works"/>
    <testcase time="0.0139999999999993" classname="pagination" name="pagination_works"/>
    <testcase time="0.113" classname="pagination" name="pagination_works"/>
    <testcase time="0.346" classname="pagination" name="pagination_works"/>
    <testcase time="0.0979999999999999" classname="pagination" name="pagination_works"/>
    <testcase time="0.0499999999999998" classname="pagination" name="pagination_works"/>
    <testcase time="0.196" classname="pagination" name="pagination_works"/>
    <testcase time="0.0410000000000004" classname="pagination" name="pagination_works"/>
    <testcase time="0.117999999999999" classname="pagination" name="pagination_works"/>
    <testcase time="0.115" classname="pagination" name="pagination_works"/>
    <testcase time="0.209" classname="pagination" name="pagination_works"/>
    <testcase time="0.586" classname="pagination" name="pagination_works"/>
    <testcase time="0.518999999999999" classname="pagination" name="pagination_works"/>
    <testcase time="0.596" classname="pagination" name="pagination_works"/>
    <testcase time="0.209000000000001" classname="pagination" name="pagination_works"/>
    <testcase time="0.00300000000000011" classname="pagination" name="pagination_works"/>
    <testcase time="0.00199999999999889" classname="pagination" name="pagination_works"/>
    <testcase time="0.00500000000000078" classname="pagination" name="pagination_works"/>
    <testcase time="0.0440000000000005" classname="pagination" name="pagination_works"/>
    <testcase time="0.00599999999999845" classname="pagination" name="pagination_works"/>
    <testcase time="0.00200000000000067" classname="pagination" name="pagination_works"/>
    <testcase time="0.00900000000000034" classname="pagination" name="pagination_works"/>
    <testcase time="0.0129999999999999" classname="pagination" name="pagination_works"/>
    <testcase time="0.00999999999999979" classname="pagination" name="pagination_works"/>
    <testcase time="0.00200000000000067" classname="pagination" name="pagination_works"/>
    <testcase time="0.00199999999999889" classname="pagination" name="pagination_works"/>
    <testcase time="0.00200000000000067" classname="pagination" name="pagination_works"/>
    <testcase time="0.00199999999999889" classname="pagination" name="pagination_works"/>
    <testcase time="0.000999999999999446" classname="pagination" name="pagination_works"/>
    <testcase time="0.00200000000000067" classname="pagination" name="pagination_works"/>
    <testcase time="0.00300000000000011" classname="pagination" name="pagination_works"/>
    <testcase time="0.373999999999999" classname="pagination" name="pagination_works"/>
    <testcase time="0.301" classname="pagination" name="pagination_works"/>
    <testcase time="1.016" classname="pagination" name="pagination_works"/>
    <testcase time="0.00200000000000067" classname="pagination" name="pagination_works"/>
    <testcase time="0.00600000000000023" classname="pagination" name="pagination_works"/>
    <testcase time="0.00600000000000023" classname="pagination" name="pagination_works"/>
    <testcase time="0.00600000000000023" classname="pagination" name="pagination_works"/>
    <testcase time="0.247999999999999" classname="pagination" name="pagination_works"/>
    <testcase time="0.00200000000000067" classname="pagination" name="pagination_works"/>
    <testcase time="0.0559999999999992" classname="pagination" name="pagination_works"/>
    <testcase time="0.558" classname="pagination" name="pagination_works"/>
    <testcase time="0.525" classname="pagination" name="pagination_works"/>
    <testcase time="0.724" classname="pagination" name="pagination_works"/>
    <testcase time="0.321" classname="pagination" name="pagination_works"/>
    <testcase time="0.00999999999999979" classname="pagination" name="page_to_lcpp_stuff_works"/>
    <testcase time="0.00600000000000023" classname="pagination" name="page_to_lcpp_stuff_works"/>
    <testcase time="0.0150000000000006" classname="pagination" name="non_monospaced_fonts_are_caught"/>
    <testcase time="0.00600000000000023" classname="pagination" name="non_monospaced_fonts_are_caught"/>
    <testcase time="0.213999999999999" classname="pagination" name="spans_and_string_matrix_match_after_pagination_when_table_has_single_column"/>
  </testsuite>
  <testsuite name="table_inset and titles and footers word wrapping" timestamp="2023-10-19T16:46:26Z" hostname="cf2b70905e0d" tests="22" skipped="0" failures="0" errors="0" time="1.329">
    <testcase time="0.036999999999999" classname="table_inset_and_titles_and_footers_word_wrapping" name="tf_wordwrap_and_table_inset_work_including_together_"/>
    <testcase time="0.00699999999999967" classname="table_inset_and_titles_and_footers_word_wrapping" name="tf_wordwrap_and_table_inset_work_including_together_"/>
    <testcase time="0.00699999999999967" classname="table_inset_and_titles_and_footers_word_wrapping" name="tf_wordwrap_and_table_inset_work_including_together_"/>
    <testcase time="0.00200000000000067" classname="table_inset_and_titles_and_footers_word_wrapping" name="tf_wordwrap_and_table_inset_work_including_together_"/>
    <testcase time="0.768000000000001" classname="table_inset_and_titles_and_footers_word_wrapping" name="toString_throws_a_warning_when_newline_is_in_string"/>
    <testcase time="0.292999999999999" classname="table_inset_and_titles_and_footers_word_wrapping" name="toString_throws_a_warning_when_newline_is_in_string"/>
    <testcase time="0.00200000000000067" classname="table_inset_and_titles_and_footers_word_wrapping" name="toString_throws_a_warning_when_newline_is_in_string"/>
    <testcase time="0.0359999999999996" classname="table_inset_and_titles_and_footers_word_wrapping" name="works_with_words_that_are_too_big_no_warning_"/>
    <testcase time="0.0299999999999994" classname="table_inset_and_titles_and_footers_word_wrapping" name="auto_works_with_inset_and_col_gap"/>
    <testcase time="0.00700000000000145" classname="table_inset_and_titles_and_footers_word_wrapping" name="regression_tests_for_rtables_empty_title_underlying_issue"/>
    <testcase time="0.00199999999999889" classname="table_inset_and_titles_and_footers_word_wrapping" name="regression_tests_for_rtables_empty_title_underlying_issue"/>
    <testcase time="0.0310000000000006" classname="table_inset_and_titles_and_footers_word_wrapping" name="row_label_wrapping_has_identical_indentation"/>
    <testcase time="0.00900000000000034" classname="table_inset_and_titles_and_footers_word_wrapping" name="row_label_wrapping_has_identical_indentation"/>
    <testcase time="0.00999999999999979" classname="table_inset_and_titles_and_footers_word_wrapping" name="wrap_strings_work"/>
    <testcase time="0.00699999999999967" classname="table_inset_and_titles_and_footers_word_wrapping" name="wrap_strings_work"/>
    <testcase time="0.00500000000000078" classname="table_inset_and_titles_and_footers_word_wrapping" name="wrap_strings_work"/>
    <testcase time="0.00299999999999834" classname="table_inset_and_titles_and_footers_word_wrapping" name="wrap_strings_work"/>
    <testcase time="0.00300000000000011" classname="table_inset_and_titles_and_footers_word_wrapping" name="wrap_strings_work"/>
    <testcase time="0.0129999999999999" classname="table_inset_and_titles_and_footers_word_wrapping" name="wrap_strings_work"/>
    <testcase time="0.032" classname="table_inset_and_titles_and_footers_word_wrapping" name="toString_wrapping_avoid_trimming_whitespaces"/>
    <testcase time="0.0120000000000005" classname="table_inset_and_titles_and_footers_word_wrapping" name="toString_wrapping_avoid_trimming_whitespaces"/>
    <testcase time="0.0129999999999999" classname="table_inset_and_titles_and_footers_word_wrapping" name="toString_wrapping_avoid_trimming_whitespaces"/>
  </testsuite>
</testsuites>
