<?xml version="1.0" encoding="UTF-8"?>
<testsuites>
  <testsuite name="exporters" timestamp="2023-10-19T17:02:05Z" hostname="b4a62326712e" tests="14" skipped="0" failures="0" errors="0" time="1.945">
    <testcase time="0.625" classname="exporters" name="exporters_work"/>
    <testcase time="0.02" classname="exporters" name="exporters_work"/>
    <testcase time="0.0609999999999999" classname="exporters" name="exporters_work"/>
    <testcase time="0.002" classname="exporters" name="exporters_work"/>
    <testcase time="0.391" classname="exporters" name="exporters_work"/>
    <testcase time="0.002" classname="exporters" name="exporters_work"/>
    <testcase time="0.004" classname="exporters" name="exporters_work"/>
    <testcase time="0.002" classname="exporters" name="exporters_work"/>
    <testcase time="0.449" classname="exporters" name="exporters_work"/>
    <testcase time="0.0149999999999997" classname="exporters" name="mpf_subset_rows_works_when_there_are_newlines_wrapping_in_column_labels"/>
    <testcase time="0.00800000000000001" classname="exporters" name="mpf_subset_rows_works_when_there_are_newlines_wrapping_in_column_labels"/>
    <testcase time="0.362" classname="exporters" name="export_as_txt_maintains_repeated_columns_when_paginate_is_TRUE"/>
    <testcase time="0.00200000000000022" classname="exporters" name="export_as_txt_maintains_repeated_columns_when_paginate_is_TRUE"/>
    <testcase time="0.00199999999999978" classname="exporters" name="export_as_txt_maintains_repeated_columns_when_paginate_is_TRUE"/>
  </testsuite>
  <testsuite name="formatters" timestamp="2023-10-19T17:02:07Z" hostname="b4a62326712e" tests="141" skipped="0" failures="0" errors="0" time="1.317">
    <testcase time="0.0220000000000002" classname="formatters" name="Default_hsep_works"/>
    <testcase time="0.322" classname="formatters" name="make_row_df_produces_custom_error_message_if_used_on_MatrixPrintForm"/>
    <testcase time="0.0100000000000002" classname="formatters" name="formats_work"/>
    <testcase time="0.00199999999999978" classname="formatters" name="formats_work"/>
    <testcase time="0.00100000000000033" classname="formatters" name="formats_work"/>
    <testcase time="0.00199999999999978" classname="formatters" name="formats_work"/>
    <testcase time="0.00099999999999989" classname="formatters" name="formats_work"/>
    <testcase time="0.00200000000000022" classname="formatters" name="formats_work"/>
    <testcase time="0.00199999999999978" classname="formatters" name="formats_work"/>
    <testcase time="0.00100000000000033" classname="formatters" name="formats_work"/>
    <testcase time="0.00199999999999978" classname="formatters" name="formats_work"/>
    <testcase time="0.00099999999999989" classname="formatters" name="formats_work"/>
    <testcase time="0.00200000000000022" classname="formatters" name="formats_work"/>
    <testcase time="0.00199999999999978" classname="formatters" name="formats_work"/>
    <testcase time="0.00100000000000033" classname="formatters" name="formats_work"/>
    <testcase time="0.00199999999999978" classname="formatters" name="formats_work"/>
    <testcase time="0.00099999999999989" classname="formatters" name="formats_work"/>
    <testcase time="0.00200000000000022" classname="formatters" name="formats_work"/>
    <testcase time="0.00199999999999978" classname="formatters" name="formats_work"/>
    <testcase time="0.00100000000000033" classname="formatters" name="formats_work"/>
    <testcase time="0.00199999999999978" classname="formatters" name="formats_work"/>
    <testcase time="0.00499999999999989" classname="formatters" name="formats_work"/>
    <testcase time="0.00200000000000022" classname="formatters" name="formats_work"/>
    <testcase time="0.00199999999999978" classname="formatters" name="formats_work"/>
    <testcase time="0.00100000000000033" classname="formatters" name="formats_work"/>
    <testcase time="0.00199999999999978" classname="formatters" name="formats_work"/>
    <testcase time="0.00200000000000022" classname="formatters" name="formats_work"/>
    <testcase time="0.00199999999999978" classname="formatters" name="formats_work"/>
    <testcase time="0.00099999999999989" classname="formatters" name="formats_work"/>
    <testcase time="0.00200000000000022" classname="formatters" name="formats_work"/>
    <testcase time="0.00199999999999978" classname="formatters" name="formats_work"/>
    <testcase time="0.00100000000000033" classname="formatters" name="formats_work"/>
    <testcase time="0.00199999999999978" classname="formatters" name="formats_work"/>
    <testcase time="0.00199999999999978" classname="formatters" name="formats_work"/>
    <testcase time="0.00200000000000022" classname="formatters" name="formats_work"/>
    <testcase time="0.00099999999999989" classname="formatters" name="formats_work"/>
    <testcase time="0.00200000000000022" classname="formatters" name="formats_work"/>
    <testcase time="0.00199999999999978" classname="formatters" name="formats_work"/>
    <testcase time="0.00200000000000022" classname="formatters" name="formats_work"/>
    <testcase time="0.00199999999999978" classname="formatters" name="formats_work"/>
    <testcase time="0.00099999999999989" classname="formatters" name="formats_work"/>
    <testcase time="0.00200000000000022" classname="formatters" name="formats_work"/>
    <testcase time="0.00199999999999978" classname="formatters" name="formats_work"/>
    <testcase time="0.00200000000000022" classname="formatters" name="formats_work"/>
    <testcase time="0.00099999999999989" classname="formatters" name="formats_work"/>
    <testcase time="0.00200000000000022" classname="formatters" name="formats_work"/>
    <testcase time="0.00199999999999978" classname="formatters" name="formats_work"/>
    <testcase time="0.00200000000000022" classname="formatters" name="formats_work"/>
    <testcase time="0.00199999999999978" classname="formatters" name="formats_work"/>
    <testcase time="0.00099999999999989" classname="formatters" name="formats_work"/>
    <testcase time="0.00200000000000022" classname="formatters" name="formats_work"/>
    <testcase time="0.00199999999999978" classname="formatters" name="formats_work"/>
    <testcase time="0.00200000000000022" classname="formatters" name="formats_work"/>
    <testcase time="0.00199999999999978" classname="formatters" name="formats_work"/>
    <testcase time="0.00100000000000033" classname="formatters" name="formats_work"/>
    <testcase time="0.00199999999999978" classname="formatters" name="formats_work"/>
    <testcase time="0.00200000000000022" classname="formatters" name="formats_work"/>
    <testcase time="0.00199999999999978" classname="formatters" name="formats_work"/>
    <testcase time="0.00200000000000022" classname="formatters" name="formats_work"/>
    <testcase time="0.00599999999999978" classname="formatters" name="formats_work"/>
    <testcase time="0.00600000000000023" classname="formatters" name="formats_work"/>
    <testcase time="0.00599999999999978" classname="formatters" name="formats_work"/>
    <testcase time="0.00499999999999989" classname="formatters" name="formats_work"/>
    <testcase time="0.00500000000000034" classname="formatters" name="formats_work"/>
    <testcase time="0.00199999999999978" classname="formatters" name="formats_work"/>
    <testcase time="0.00200000000000022" classname="formatters" name="formats_work"/>
    <testcase time="0.00099999999999989" classname="formatters" name="formats_work"/>
    <testcase time="0.00199999999999978" classname="formatters" name="formats_work"/>
    <testcase time="0.00200000000000022" classname="formatters" name="formats_work"/>
    <testcase time="0.00199999999999978" classname="formatters" name="formats_work"/>
    <testcase time="0.00200000000000022" classname="formatters" name="formats_work"/>
    <testcase time="0.00099999999999989" classname="formatters" name="formats_work"/>
    <testcase time="0.00200000000000022" classname="formatters" name="formats_work"/>
    <testcase time="0.00199999999999978" classname="formatters" name="formats_work"/>
    <testcase time="0.00200000000000022" classname="formatters" name="formats_work"/>
    <testcase time="0.00199999999999978" classname="formatters" name="formats_work"/>
    <testcase time="0.00800000000000001" classname="formatters" name="sprintf_formats_work"/>
    <testcase time="0.00200000000000022" classname="formatters" name="sprintf_formats_work"/>
    <testcase time="0.00800000000000001" classname="formatters" name="labels_and_miscellany"/>
    <testcase time="0.00199999999999978" classname="formatters" name="labels_and_miscellany"/>
    <testcase time="0.00499999999999989" classname="formatters" name="labels_and_miscellany"/>
    <testcase time="0.00200000000000022" classname="formatters" name="labels_and_miscellany"/>
    <testcase time="0.00199999999999978" classname="formatters" name="labels_and_miscellany"/>
    <testcase time="0.00200000000000022" classname="formatters" name="labels_and_miscellany"/>
    <testcase time="0.00299999999999967" classname="formatters" name="labels_and_miscellany"/>
    <testcase time="0.004" classname="formatters" name="labels_and_miscellany"/>
    <testcase time="0.00900000000000034" classname="formatters" name="all_valid_format_labels_can_be_applied_without_error"/>
    <testcase time="0.00599999999999978" classname="formatters" name="all_valid_format_labels_can_be_applied_without_error"/>
    <testcase time="0.00499999999999989" classname="formatters" name="all_valid_format_labels_can_be_applied_without_error"/>
    <testcase time="0.00200000000000022" classname="formatters" name="all_valid_format_labels_can_be_applied_without_error"/>
    <testcase time="0.00800000000000001" classname="formatters" name="_unnamed_"/>
    <testcase time="0.00199999999999978" classname="formatters" name="_unnamed_"/>
    <testcase time="0.00200000000000022" classname="formatters" name="_unnamed_"/>
    <testcase time="0.00199999999999978" classname="formatters" name="_unnamed_"/>
    <testcase time="0.004" classname="formatters" name="_unnamed_"/>
    <testcase time="0.00500000000000034" classname="formatters" name="_unnamed_"/>
    <testcase time="0.00199999999999978" classname="formatters" name="_unnamed_"/>
    <testcase time="0.00300000000000011" classname="formatters" name="_unnamed_"/>
    <testcase time="0.00499999999999989" classname="formatters" name="_unnamed_"/>
    <testcase time="0.00300000000000011" classname="formatters" name="_unnamed_"/>
    <testcase time="0.00300000000000011" classname="formatters" name="_unnamed_"/>
    <testcase time="0.00199999999999978" classname="formatters" name="_unnamed_"/>
    <testcase time="0.00099999999999989" classname="formatters" name="_unnamed_"/>
    <testcase time="0.00200000000000022" classname="formatters" name="_unnamed_"/>
    <testcase time="0.0819999999999999" classname="formatters" name="_unnamed_"/>
    <testcase time="0.00200000000000022" classname="formatters" name="_unnamed_"/>
    <testcase time="0.00699999999999967" classname="formatters" name="_unnamed_"/>
    <testcase time="0.00900000000000034" classname="formatters" name="_unnamed_"/>
    <testcase time="0.103" classname="formatters" name="error_when_widths_are_than_decimal_aligned_values"/>
    <testcase time="0.0350000000000001" classname="formatters" name="padstr_works_with_dec_left"/>
    <testcase time="0.00199999999999978" classname="formatters" name="padstr_works_with_dec_left"/>
    <testcase time="0.0300000000000002" classname="formatters" name="padstr_works_with_dec_right"/>
    <testcase time="0.0259999999999998" classname="formatters" name="padstr_works_with_decimal"/>
    <testcase time="0.024" classname="formatters" name="decimal_alignments_work_when_there_are_numbers_but_no_decimal_places"/>
    <testcase time="0.024" classname="formatters" name="decimal_alignments_work_when_there_are_numbers_but_no_decimal_places"/>
    <testcase time="0.0110000000000001" classname="formatters" name="decimal_alignments_work_when_there_are_numbers_but_no_decimal_places"/>
    <testcase time="0.0299999999999998" classname="formatters" name="behavior_of_decimal_alignments_on_non_numbers"/>
    <testcase time="0.0140000000000002" classname="formatters" name="behavior_of_decimal_alignments_on_non_numbers"/>
    <testcase time="0.0129999999999999" classname="formatters" name="behavior_of_decimal_alignments_on_non_numbers"/>
    <testcase time="0.0180000000000002" classname="formatters" name="behavior_of_decimal_alignments_on_non_numbers"/>
    <testcase time="0.0239999999999996" classname="formatters" name="Decimal_alignment_a_specific_case_with_larger_widths"/>
    <testcase time="0.00800000000000001" classname="formatters" name="Decimal_alignment_a_specific_case_with_larger_widths"/>
    <testcase time="0.0100000000000002" classname="formatters" name="Decimal_alignment_a_specific_case_with_larger_widths"/>
    <testcase time="0.00999999999999979" classname="formatters" name="Decimal_alignment_a_specific_case_with_larger_widths"/>
    <testcase time="0.0110000000000001" classname="formatters" name="Decimal_alignment_a_specific_case_with_larger_widths"/>
    <testcase time="0.0140000000000002" classname="formatters" name="Decimal_alignment_a_specific_case_with_larger_widths"/>
    <testcase time="0.0429999999999997" classname="formatters" name="All_supported_1d_format_cases_of_decimal_alignment"/>
    <testcase time="0.0230000000000001" classname="formatters" name="All_supported_1d_format_cases_of_decimal_alignment"/>
    <testcase time="0.0209999999999999" classname="formatters" name="decimal_alignment_disallows_scientific_notation"/>
    <testcase time="0.00800000000000001" classname="formatters" name="decimal_alignment_disallows_scientific_notation"/>
    <testcase time="0.0089999999999999" classname="formatters" name="decimal_alignment_disallows_scientific_notation"/>
    <testcase time="0.0710000000000002" classname="formatters" name="All_2d_cases_for_decimal_alignment"/>
    <testcase time="0.00800000000000001" classname="formatters" name="fmt_config_works_as_expected"/>
    <testcase time="0.00200000000000022" classname="formatters" name="fmt_config_works_as_expected"/>
    <testcase time="0.00199999999999978" classname="formatters" name="fmt_config_works_as_expected"/>
    <testcase time="0.00300000000000011" classname="formatters" name="fmt_config_works_as_expected"/>
    <testcase time="0.00199999999999978" classname="formatters" name="fmt_config_works_as_expected"/>
    <testcase time="0.00200000000000022" classname="formatters" name="fmt_config_works_as_expected"/>
    <testcase time="0.00299999999999967" classname="formatters" name="fmt_config_works_as_expected"/>
    <testcase time="0.00200000000000022" classname="formatters" name="fmt_config_works_as_expected"/>
    <testcase time="0.00300000000000011" classname="formatters" name="fmt_config_works_as_expected"/>
  </testsuite>
  <testsuite name="pagination" timestamp="2023-10-19T17:02:09Z" hostname="b4a62326712e" tests="51" skipped="0" failures="0" errors="0" time="4.903">
    <testcase time="0.106" classname="pagination" name="pagination_works"/>
    <testcase time="0.00099999999999989" classname="pagination" name="pagination_works"/>
    <testcase time="0.0100000000000002" classname="pagination" name="pagination_works"/>
    <testcase time="0.0749999999999997" classname="pagination" name="pagination_works"/>
    <testcase time="0.205" classname="pagination" name="pagination_works"/>
    <testcase time="0.0670000000000002" classname="pagination" name="pagination_works"/>
    <testcase time="0.0279999999999996" classname="pagination" name="pagination_works"/>
    <testcase time="0.119000000000001" classname="pagination" name="pagination_works"/>
    <testcase time="0.0309999999999997" classname="pagination" name="pagination_works"/>
    <testcase time="0.069" classname="pagination" name="pagination_works"/>
    <testcase time="0.0679999999999996" classname="pagination" name="pagination_works"/>
    <testcase time="0.128" classname="pagination" name="pagination_works"/>
    <testcase time="0.384" classname="pagination" name="pagination_works"/>
    <testcase time="0.339" classname="pagination" name="pagination_works"/>
    <testcase time="0.388" classname="pagination" name="pagination_works"/>
    <testcase time="0.13" classname="pagination" name="pagination_works"/>
    <testcase time="0.00499999999999989" classname="pagination" name="pagination_works"/>
    <testcase time="0.00300000000000011" classname="pagination" name="pagination_works"/>
    <testcase time="0.00199999999999978" classname="pagination" name="pagination_works"/>
    <testcase time="0.0259999999999998" classname="pagination" name="pagination_works"/>
    <testcase time="0.00400000000000045" classname="pagination" name="pagination_works"/>
    <testcase time="0.00199999999999978" classname="pagination" name="pagination_works"/>
    <testcase time="0.00699999999999967" classname="pagination" name="pagination_works"/>
    <testcase time="0.00900000000000034" classname="pagination" name="pagination_works"/>
    <testcase time="0.00699999999999967" classname="pagination" name="pagination_works"/>
    <testcase time="0.00200000000000067" classname="pagination" name="pagination_works"/>
    <testcase time="0.00199999999999978" classname="pagination" name="pagination_works"/>
    <testcase time="0.000999999999999446" classname="pagination" name="pagination_works"/>
    <testcase time="0.00200000000000067" classname="pagination" name="pagination_works"/>
    <testcase time="0.000999999999999446" classname="pagination" name="pagination_works"/>
    <testcase time="0.00200000000000067" classname="pagination" name="pagination_works"/>
    <testcase time="0.00199999999999978" classname="pagination" name="pagination_works"/>
    <testcase time="0.23" classname="pagination" name="pagination_works"/>
    <testcase time="0.115" classname="pagination" name="pagination_works"/>
    <testcase time="0.65" classname="pagination" name="pagination_works"/>
    <testcase time="0.00199999999999978" classname="pagination" name="pagination_works"/>
    <testcase time="0.00499999999999989" classname="pagination" name="pagination_works"/>
    <testcase time="0.00400000000000045" classname="pagination" name="pagination_works"/>
    <testcase time="0.00499999999999989" classname="pagination" name="pagination_works"/>
    <testcase time="0.157999999999999" classname="pagination" name="pagination_works"/>
    <testcase time="0.00200000000000067" classname="pagination" name="pagination_works"/>
    <testcase time="0.0339999999999998" classname="pagination" name="pagination_works"/>
    <testcase time="0.341" classname="pagination" name="pagination_works"/>
    <testcase time="0.331" classname="pagination" name="pagination_works"/>
    <testcase time="0.447" classname="pagination" name="pagination_works"/>
    <testcase time="0.196" classname="pagination" name="pagination_works"/>
    <testcase time="0.00699999999999967" classname="pagination" name="page_to_lcpp_stuff_works"/>
    <testcase time="0.00400000000000134" classname="pagination" name="page_to_lcpp_stuff_works"/>
    <testcase time="0.0109999999999992" classname="pagination" name="non_monospaced_fonts_are_caught"/>
    <testcase time="0.00500000000000078" classname="pagination" name="non_monospaced_fonts_are_caught"/>
    <testcase time="0.131" classname="pagination" name="spans_and_string_matrix_match_after_pagination_when_table_has_single_column"/>
  </testsuite>
  <testsuite name="table_inset and titles and footers word wrapping" timestamp="2023-10-19T17:02:14Z" hostname="b4a62326712e" tests="22" skipped="0" failures="0" errors="0" time="0.826">
    <testcase time="0.0239999999999991" classname="table_inset_and_titles_and_footers_word_wrapping" name="tf_wordwrap_and_table_inset_work_including_together_"/>
    <testcase time="0.00399999999999956" classname="table_inset_and_titles_and_footers_word_wrapping" name="tf_wordwrap_and_table_inset_work_including_together_"/>
    <testcase time="0.00500000000000078" classname="table_inset_and_titles_and_footers_word_wrapping" name="tf_wordwrap_and_table_inset_work_including_together_"/>
    <testcase time="0.00200000000000067" classname="table_inset_and_titles_and_footers_word_wrapping" name="tf_wordwrap_and_table_inset_work_including_together_"/>
    <testcase time="0.468" classname="table_inset_and_titles_and_footers_word_wrapping" name="toString_throws_a_warning_when_newline_is_in_string"/>
    <testcase time="0.175999999999998" classname="table_inset_and_titles_and_footers_word_wrapping" name="toString_throws_a_warning_when_newline_is_in_string"/>
    <testcase time="0.00200000000000067" classname="table_inset_and_titles_and_footers_word_wrapping" name="toString_throws_a_warning_when_newline_is_in_string"/>
    <testcase time="0.0240000000000009" classname="table_inset_and_titles_and_footers_word_wrapping" name="works_with_words_that_are_too_big_no_warning_"/>
    <testcase time="0.020999999999999" classname="table_inset_and_titles_and_footers_word_wrapping" name="auto_works_with_inset_and_col_gap"/>
    <testcase time="0.00500000000000078" classname="table_inset_and_titles_and_footers_word_wrapping" name="regression_tests_for_rtables_empty_title_underlying_issue"/>
    <testcase time="0.00199999999999889" classname="table_inset_and_titles_and_footers_word_wrapping" name="regression_tests_for_rtables_empty_title_underlying_issue"/>
    <testcase time="0.0210000000000008" classname="table_inset_and_titles_and_footers_word_wrapping" name="row_label_wrapping_has_identical_indentation"/>
    <testcase time="0.00600000000000023" classname="table_inset_and_titles_and_footers_word_wrapping" name="row_label_wrapping_has_identical_indentation"/>
    <testcase time="0.00699999999999967" classname="table_inset_and_titles_and_footers_word_wrapping" name="wrap_strings_work"/>
    <testcase time="0.00300000000000011" classname="table_inset_and_titles_and_footers_word_wrapping" name="wrap_strings_work"/>
    <testcase time="0.00399999999999956" classname="table_inset_and_titles_and_footers_word_wrapping" name="wrap_strings_work"/>
    <testcase time="0.00200000000000067" classname="table_inset_and_titles_and_footers_word_wrapping" name="wrap_strings_work"/>
    <testcase time="0.00300000000000011" classname="table_inset_and_titles_and_footers_word_wrapping" name="wrap_strings_work"/>
    <testcase time="0.00799999999999912" classname="table_inset_and_titles_and_footers_word_wrapping" name="wrap_strings_work"/>
    <testcase time="0.0210000000000008" classname="table_inset_and_titles_and_footers_word_wrapping" name="toString_wrapping_avoid_trimming_whitespaces"/>
    <testcase time="0.00799999999999912" classname="table_inset_and_titles_and_footers_word_wrapping" name="toString_wrapping_avoid_trimming_whitespaces"/>
    <testcase time="0.00999999999999979" classname="table_inset_and_titles_and_footers_word_wrapping" name="toString_wrapping_avoid_trimming_whitespaces"/>
  </testsuite>
</testsuites>
