<?xml version="1.0" encoding="UTF-8"?>
<testsuites>
  <testsuite name="exporters" timestamp="2023-10-17T12:22:05Z" hostname="36900eb2076f" tests="14" skipped="0" failures="0" errors="0" time="2.851">
    <testcase time="0.909" classname="exporters" name="exporters_work"/>
    <testcase time="0.0290000000000001" classname="exporters" name="exporters_work"/>
    <testcase time="0.0899999999999999" classname="exporters" name="exporters_work"/>
    <testcase time="0.002" classname="exporters" name="exporters_work"/>
    <testcase time="0.588" classname="exporters" name="exporters_work"/>
    <testcase time="0.00300000000000011" classname="exporters" name="exporters_work"/>
    <testcase time="0.00700000000000012" classname="exporters" name="exporters_work"/>
    <testcase time="0.004" classname="exporters" name="exporters_work"/>
    <testcase time="0.681" classname="exporters" name="exporters_work"/>
    <testcase time="0.0230000000000001" classname="exporters" name="mpf_subset_rows_works_when_there_are_newlines_wrapping_in_column_labels"/>
    <testcase time="0.012" classname="exporters" name="mpf_subset_rows_works_when_there_are_newlines_wrapping_in_column_labels"/>
    <testcase time="0.498" classname="exporters" name="export_as_txt_maintains_repeated_columns_when_paginate_is_TRUE"/>
    <testcase time="0.00300000000000011" classname="exporters" name="export_as_txt_maintains_repeated_columns_when_paginate_is_TRUE"/>
    <testcase time="0.00199999999999978" classname="exporters" name="export_as_txt_maintains_repeated_columns_when_paginate_is_TRUE"/>
  </testsuite>
  <testsuite name="formatters" timestamp="2023-10-17T12:22:08Z" hostname="36900eb2076f" tests="141" skipped="0" failures="0" errors="0" time="1.892">
    <testcase time="0.032" classname="formatters" name="Default_hsep_works"/>
    <testcase time="0.442" classname="formatters" name="make_row_df_produces_custom_error_message_if_used_on_MatrixPrintForm"/>
    <testcase time="0.0150000000000006" classname="formatters" name="formats_work"/>
    <testcase time="0.00199999999999978" classname="formatters" name="formats_work"/>
    <testcase time="0.00199999999999978" classname="formatters" name="formats_work"/>
    <testcase time="0.00300000000000011" classname="formatters" name="formats_work"/>
    <testcase time="0.00199999999999978" classname="formatters" name="formats_work"/>
    <testcase time="0.00200000000000067" classname="formatters" name="formats_work"/>
    <testcase time="0.00300000000000011" classname="formatters" name="formats_work"/>
    <testcase time="0.00199999999999978" classname="formatters" name="formats_work"/>
    <testcase time="0.00300000000000011" classname="formatters" name="formats_work"/>
    <testcase time="0.00199999999999978" classname="formatters" name="formats_work"/>
    <testcase time="0.00199999999999978" classname="formatters" name="formats_work"/>
    <testcase time="0.00300000000000011" classname="formatters" name="formats_work"/>
    <testcase time="0.00199999999999978" classname="formatters" name="formats_work"/>
    <testcase time="0.00200000000000067" classname="formatters" name="formats_work"/>
    <testcase time="0.00199999999999978" classname="formatters" name="formats_work"/>
    <testcase time="0.00199999999999978" classname="formatters" name="formats_work"/>
    <testcase time="0.00300000000000011" classname="formatters" name="formats_work"/>
    <testcase time="0.00199999999999978" classname="formatters" name="formats_work"/>
    <testcase time="0.00199999999999978" classname="formatters" name="formats_work"/>
    <testcase time="0.00300000000000011" classname="formatters" name="formats_work"/>
    <testcase time="0.00300000000000011" classname="formatters" name="formats_work"/>
    <testcase time="0.00199999999999978" classname="formatters" name="formats_work"/>
    <testcase time="0.00200000000000067" classname="formatters" name="formats_work"/>
    <testcase time="0.00299999999999923" classname="formatters" name="formats_work"/>
    <testcase time="0.00300000000000011" classname="formatters" name="formats_work"/>
    <testcase time="0.00200000000000067" classname="formatters" name="formats_work"/>
    <testcase time="0.00299999999999923" classname="formatters" name="formats_work"/>
    <testcase time="0.00300000000000011" classname="formatters" name="formats_work"/>
    <testcase time="0.00200000000000067" classname="formatters" name="formats_work"/>
    <testcase time="0.00299999999999923" classname="formatters" name="formats_work"/>
    <testcase time="0.00700000000000056" classname="formatters" name="formats_work"/>
    <testcase time="0.00399999999999956" classname="formatters" name="formats_work"/>
    <testcase time="0.00200000000000067" classname="formatters" name="formats_work"/>
    <testcase time="0.00299999999999923" classname="formatters" name="formats_work"/>
    <testcase time="0.00200000000000067" classname="formatters" name="formats_work"/>
    <testcase time="0.00199999999999978" classname="formatters" name="formats_work"/>
    <testcase time="0.00300000000000011" classname="formatters" name="formats_work"/>
    <testcase time="0.00300000000000011" classname="formatters" name="formats_work"/>
    <testcase time="0.00300000000000011" classname="formatters" name="formats_work"/>
    <testcase time="0.00199999999999978" classname="formatters" name="formats_work"/>
    <testcase time="0.00199999999999978" classname="formatters" name="formats_work"/>
    <testcase time="0.00199999999999978" classname="formatters" name="formats_work"/>
    <testcase time="0.00199999999999978" classname="formatters" name="formats_work"/>
    <testcase time="0.00199999999999978" classname="formatters" name="formats_work"/>
    <testcase time="0.00300000000000011" classname="formatters" name="formats_work"/>
    <testcase time="0.00199999999999978" classname="formatters" name="formats_work"/>
    <testcase time="0.00199999999999978" classname="formatters" name="formats_work"/>
    <testcase time="0.00300000000000011" classname="formatters" name="formats_work"/>
    <testcase time="0.00200000000000067" classname="formatters" name="formats_work"/>
    <testcase time="0.00299999999999923" classname="formatters" name="formats_work"/>
    <testcase time="0.00300000000000011" classname="formatters" name="formats_work"/>
    <testcase time="0.00200000000000067" classname="formatters" name="formats_work"/>
    <testcase time="0.00299999999999923" classname="formatters" name="formats_work"/>
    <testcase time="0.00300000000000011" classname="formatters" name="formats_work"/>
    <testcase time="0.00200000000000067" classname="formatters" name="formats_work"/>
    <testcase time="0.00399999999999956" classname="formatters" name="formats_work"/>
    <testcase time="0.00199999999999978" classname="formatters" name="formats_work"/>
    <testcase time="0.0100000000000007" classname="formatters" name="formats_work"/>
    <testcase time="0.00999999999999979" classname="formatters" name="formats_work"/>
    <testcase time="0.00999999999999979" classname="formatters" name="formats_work"/>
    <testcase time="0.00800000000000001" classname="formatters" name="formats_work"/>
    <testcase time="0.00300000000000011" classname="formatters" name="formats_work"/>
    <testcase time="0.00199999999999978" classname="formatters" name="formats_work"/>
    <testcase time="0.00300000000000011" classname="formatters" name="formats_work"/>
    <testcase time="0.00199999999999978" classname="formatters" name="formats_work"/>
    <testcase time="0.00300000000000011" classname="formatters" name="formats_work"/>
    <testcase time="0.00199999999999978" classname="formatters" name="formats_work"/>
    <testcase time="0.00199999999999978" classname="formatters" name="formats_work"/>
    <testcase time="0.00300000000000011" classname="formatters" name="formats_work"/>
    <testcase time="0.00199999999999978" classname="formatters" name="formats_work"/>
    <testcase time="0.00300000000000011" classname="formatters" name="formats_work"/>
    <testcase time="0.00700000000000056" classname="formatters" name="formats_work"/>
    <testcase time="0.00299999999999923" classname="formatters" name="formats_work"/>
    <testcase time="0.00300000000000011" classname="formatters" name="formats_work"/>
    <testcase time="0.0120000000000005" classname="formatters" name="sprintf_formats_work"/>
    <testcase time="0.00300000000000011" classname="formatters" name="sprintf_formats_work"/>
    <testcase time="0.0139999999999993" classname="formatters" name="labels_and_miscellany"/>
    <testcase time="0.00300000000000011" classname="formatters" name="labels_and_miscellany"/>
    <testcase time="0.00700000000000056" classname="formatters" name="labels_and_miscellany"/>
    <testcase time="0.00300000000000011" classname="formatters" name="labels_and_miscellany"/>
    <testcase time="0.00299999999999923" classname="formatters" name="labels_and_miscellany"/>
    <testcase time="0.00400000000000045" classname="formatters" name="labels_and_miscellany"/>
    <testcase time="0.00300000000000011" classname="formatters" name="labels_and_miscellany"/>
    <testcase time="0.00699999999999967" classname="formatters" name="labels_and_miscellany"/>
    <testcase time="0.0129999999999999" classname="formatters" name="all_valid_format_labels_can_be_applied_without_error"/>
    <testcase time="0.00999999999999979" classname="formatters" name="all_valid_format_labels_can_be_applied_without_error"/>
    <testcase time="0.00800000000000001" classname="formatters" name="all_valid_format_labels_can_be_applied_without_error"/>
    <testcase time="0.00300000000000011" classname="formatters" name="all_valid_format_labels_can_be_applied_without_error"/>
    <testcase time="0.00600000000000023" classname="formatters" name="_unnamed_"/>
    <testcase time="0.00300000000000011" classname="formatters" name="_unnamed_"/>
    <testcase time="0.00199999999999978" classname="formatters" name="_unnamed_"/>
    <testcase time="0.00199999999999978" classname="formatters" name="_unnamed_"/>
    <testcase time="0.00800000000000001" classname="formatters" name="_unnamed_"/>
    <testcase time="0.0120000000000005" classname="formatters" name="_unnamed_"/>
    <testcase time="0.00299999999999923" classname="formatters" name="_unnamed_"/>
    <testcase time="0.00300000000000011" classname="formatters" name="_unnamed_"/>
    <testcase time="0.00800000000000001" classname="formatters" name="_unnamed_"/>
    <testcase time="0.00499999999999989" classname="formatters" name="_unnamed_"/>
    <testcase time="0.00300000000000011" classname="formatters" name="_unnamed_"/>
    <testcase time="0.00300000000000011" classname="formatters" name="_unnamed_"/>
    <testcase time="0.00300000000000011" classname="formatters" name="_unnamed_"/>
    <testcase time="0.00199999999999978" classname="formatters" name="_unnamed_"/>
    <testcase time="0.115" classname="formatters" name="_unnamed_"/>
    <testcase time="0.00199999999999978" classname="formatters" name="_unnamed_"/>
    <testcase time="0.00999999999999979" classname="formatters" name="_unnamed_"/>
    <testcase time="0.0140000000000002" classname="formatters" name="_unnamed_"/>
    <testcase time="0.133" classname="formatters" name="error_when_widths_are_than_decimal_aligned_values"/>
    <testcase time="0.0579999999999998" classname="formatters" name="padstr_works_with_dec_left"/>
    <testcase time="0.00300000000000011" classname="formatters" name="padstr_works_with_dec_left"/>
    <testcase time="0.0380000000000003" classname="formatters" name="padstr_works_with_dec_right"/>
    <testcase time="0.0389999999999997" classname="formatters" name="padstr_works_with_decimal"/>
    <testcase time="0.0410000000000004" classname="formatters" name="decimal_alignments_work_when_there_are_numbers_but_no_decimal_places"/>
    <testcase time="0.0169999999999995" classname="formatters" name="decimal_alignments_work_when_there_are_numbers_but_no_decimal_places"/>
    <testcase time="0.0150000000000006" classname="formatters" name="decimal_alignments_work_when_there_are_numbers_but_no_decimal_places"/>
    <testcase time="0.0459999999999994" classname="formatters" name="behavior_of_decimal_alignments_on_non_numbers"/>
    <testcase time="0.0190000000000001" classname="formatters" name="behavior_of_decimal_alignments_on_non_numbers"/>
    <testcase time="0.0170000000000003" classname="formatters" name="behavior_of_decimal_alignments_on_non_numbers"/>
    <testcase time="0.024" classname="formatters" name="behavior_of_decimal_alignments_on_non_numbers"/>
    <testcase time="0.0379999999999994" classname="formatters" name="Decimal_alignment_a_specific_case_with_larger_widths"/>
    <testcase time="0.0120000000000005" classname="formatters" name="Decimal_alignment_a_specific_case_with_larger_widths"/>
    <testcase time="0.0149999999999997" classname="formatters" name="Decimal_alignment_a_specific_case_with_larger_widths"/>
    <testcase time="0.0140000000000002" classname="formatters" name="Decimal_alignment_a_specific_case_with_larger_widths"/>
    <testcase time="0.0149999999999997" classname="formatters" name="Decimal_alignment_a_specific_case_with_larger_widths"/>
    <testcase time="0.0140000000000002" classname="formatters" name="Decimal_alignment_a_specific_case_with_larger_widths"/>
    <testcase time="0.0720000000000001" classname="formatters" name="All_supported_1d_format_cases_of_decimal_alignment"/>
    <testcase time="0.0270000000000001" classname="formatters" name="All_supported_1d_format_cases_of_decimal_alignment"/>
    <testcase time="0.0350000000000001" classname="formatters" name="decimal_alignment_disallows_scientific_notation"/>
    <testcase time="0.0129999999999999" classname="formatters" name="decimal_alignment_disallows_scientific_notation"/>
    <testcase time="0.0129999999999999" classname="formatters" name="decimal_alignment_disallows_scientific_notation"/>
    <testcase time="0.129" classname="formatters" name="All_2d_cases_for_decimal_alignment"/>
    <testcase time="0.0120000000000005" classname="formatters" name="fmt_config_works_as_expected"/>
    <testcase time="0.00300000000000011" classname="formatters" name="fmt_config_works_as_expected"/>
    <testcase time="0.00300000000000011" classname="formatters" name="fmt_config_works_as_expected"/>
    <testcase time="0.00399999999999956" classname="formatters" name="fmt_config_works_as_expected"/>
    <testcase time="0.00300000000000011" classname="formatters" name="fmt_config_works_as_expected"/>
    <testcase time="0.00300000000000011" classname="formatters" name="fmt_config_works_as_expected"/>
    <testcase time="0.00399999999999956" classname="formatters" name="fmt_config_works_as_expected"/>
    <testcase time="0.00499999999999989" classname="formatters" name="fmt_config_works_as_expected"/>
    <testcase time="0.00300000000000011" classname="formatters" name="fmt_config_works_as_expected"/>
  </testsuite>
  <testsuite name="pagination" timestamp="2023-10-17T12:22:10Z" hostname="36900eb2076f" tests="51" skipped="0" failures="0" errors="0" time="7.436">
    <testcase time="0.158" classname="pagination" name="pagination_works"/>
    <testcase time="0.00300000000000011" classname="pagination" name="pagination_works"/>
    <testcase time="0.0179999999999998" classname="pagination" name="pagination_works"/>
    <testcase time="0.0650000000000004" classname="pagination" name="pagination_works"/>
    <testcase time="0.273" classname="pagination" name="pagination_works"/>
    <testcase time="0.108" classname="pagination" name="pagination_works"/>
    <testcase time="0.0170000000000003" classname="pagination" name="pagination_works"/>
    <testcase time="0.154" classname="pagination" name="pagination_works"/>
    <testcase time="0.0199999999999996" classname="pagination" name="pagination_works"/>
    <testcase time="0.0840000000000005" classname="pagination" name="pagination_works"/>
    <testcase time="0.0899999999999999" classname="pagination" name="pagination_works"/>
    <testcase time="0.183" classname="pagination" name="pagination_works"/>
    <testcase time="0.579000000000001" classname="pagination" name="pagination_works"/>
    <testcase time="0.534999999999999" classname="pagination" name="pagination_works"/>
    <testcase time="0.626000000000001" classname="pagination" name="pagination_works"/>
    <testcase time="0.216999999999999" classname="pagination" name="pagination_works"/>
    <testcase time="0.00300000000000011" classname="pagination" name="pagination_works"/>
    <testcase time="0.00200000000000067" classname="pagination" name="pagination_works"/>
    <testcase time="0.00199999999999889" classname="pagination" name="pagination_works"/>
    <testcase time="0.0370000000000008" classname="pagination" name="pagination_works"/>
    <testcase time="0.0109999999999992" classname="pagination" name="pagination_works"/>
    <testcase time="0.00300000000000011" classname="pagination" name="pagination_works"/>
    <testcase time="0.00999999999999979" classname="pagination" name="pagination_works"/>
    <testcase time="0.016" classname="pagination" name="pagination_works"/>
    <testcase time="0.0109999999999992" classname="pagination" name="pagination_works"/>
    <testcase time="0.00199999999999889" classname="pagination" name="pagination_works"/>
    <testcase time="0.000999999999999446" classname="pagination" name="pagination_works"/>
    <testcase time="0.00300000000000011" classname="pagination" name="pagination_works"/>
    <testcase time="0.00200000000000067" classname="pagination" name="pagination_works"/>
    <testcase time="0.00300000000000011" classname="pagination" name="pagination_works"/>
    <testcase time="0.00200000000000067" classname="pagination" name="pagination_works"/>
    <testcase time="0.00199999999999889" classname="pagination" name="pagination_works"/>
    <testcase time="0.326000000000001" classname="pagination" name="pagination_works"/>
    <testcase time="0.15" classname="pagination" name="pagination_works"/>
    <testcase time="1.095" classname="pagination" name="pagination_works"/>
    <testcase time="0.00300000000000011" classname="pagination" name="pagination_works"/>
    <testcase time="0.00699999999999967" classname="pagination" name="pagination_works"/>
    <testcase time="0.00600000000000023" classname="pagination" name="pagination_works"/>
    <testcase time="0.00600000000000023" classname="pagination" name="pagination_works"/>
    <testcase time="0.223000000000001" classname="pagination" name="pagination_works"/>
    <testcase time="0.00300000000000011" classname="pagination" name="pagination_works"/>
    <testcase time="0.0540000000000003" classname="pagination" name="pagination_works"/>
    <testcase time="0.524999999999999" classname="pagination" name="pagination_works"/>
    <testcase time="0.430000000000001" classname="pagination" name="pagination_works"/>
    <testcase time="0.750999999999999" classname="pagination" name="pagination_works"/>
    <testcase time="0.366" classname="pagination" name="pagination_works"/>
    <testcase time="0.0120000000000005" classname="pagination" name="page_to_lcpp_stuff_works"/>
    <testcase time="0.00699999999999967" classname="pagination" name="page_to_lcpp_stuff_works"/>
    <testcase time="0.016" classname="pagination" name="non_monospaced_fonts_are_caught"/>
    <testcase time="0.00600000000000023" classname="pagination" name="non_monospaced_fonts_are_caught"/>
    <testcase time="0.209999999999999" classname="pagination" name="spans_and_string_matrix_match_after_pagination_when_table_has_single_column"/>
  </testsuite>
  <testsuite name="table_inset and titles and footers word wrapping" timestamp="2023-10-17T12:22:17Z" hostname="36900eb2076f" tests="22" skipped="0" failures="1" errors="0" time="1.111">
    <testcase time="0.0300000000000011" classname="table_inset_and_titles_and_footers_word_wrapping" name="tf_wordwrap_and_table_inset_work_including_together_"/>
    <testcase time="0.00600000000000023" classname="table_inset_and_titles_and_footers_word_wrapping" name="tf_wordwrap_and_table_inset_work_including_together_"/>
    <testcase time="0.00599999999999845" classname="table_inset_and_titles_and_footers_word_wrapping" name="tf_wordwrap_and_table_inset_work_including_together_"/>
    <testcase time="0.00200000000000067" classname="table_inset_and_titles_and_footers_word_wrapping" name="tf_wordwrap_and_table_inset_work_including_together_"/>
    <testcase time="0.602" classname="table_inset_and_titles_and_footers_word_wrapping" name="toString_throws_a_warning_when_newline_is_in_string"/>
    <testcase time="0.212999999999999" classname="table_inset_and_titles_and_footers_word_wrapping" name="toString_throws_a_warning_when_newline_is_in_string"/>
    <testcase time="0.00300000000000011" classname="table_inset_and_titles_and_footers_word_wrapping" name="toString_throws_a_warning_when_newline_is_in_string"/>
    <testcase time="0.0300000000000011" classname="table_inset_and_titles_and_footers_word_wrapping" name="works_with_words_that_are_too_big_no_warning_"/>
    <testcase time="0.0309999999999988" classname="table_inset_and_titles_and_footers_word_wrapping" name="auto_works_with_inset_and_col_gap"/>
    <testcase time="0.0129999999999999" classname="table_inset_and_titles_and_footers_word_wrapping" name="regression_tests_for_rtables_empty_title_underlying_issue"/>
    <testcase time="0.00200000000000067" classname="table_inset_and_titles_and_footers_word_wrapping" name="regression_tests_for_rtables_empty_title_underlying_issue"/>
    <testcase time="0.032" classname="table_inset_and_titles_and_footers_word_wrapping" name="row_label_wrapping_has_identical_indentation"/>
    <testcase time="0.0080000000000009" classname="table_inset_and_titles_and_footers_word_wrapping" name="row_label_wrapping_has_identical_indentation"/>
    <testcase time="0.016" classname="table_inset_and_titles_and_footers_word_wrapping" name="wrap_strings_work">
      <failure type="failure" message="wrap_string(str, 5, collapse = &quot;\n&quot;) not identical to c(&quot;  ,\nsomet\nhing\nreall\ny  \\t\nnot \nvery\ngood&quot;, &quot; \nbut I\nkeep\nit12&quot;). ('test-txt_wrap.R:182:3')">wrap_string(str, 5, collapse = "\n") not identical to c("  ,\nsomet\nhing\nreall\ny  \\t\nnot \nvery\ngood", " \nbut I\nkeep\nit12").
1/2 mismatches
x[1]: "  ,\nsomet\nhing\nreall\ny \n\\tnot\nvery\ngood"
y[1]: "  ,\nsomet\nhing\nreall\ny  \\t\nnot \nvery\ngood"</failure>
    </testcase>
    <testcase time="0.0419999999999998" classname="table_inset_and_titles_and_footers_word_wrapping" name="wrap_strings_work"/>
    <testcase time="0.00499999999999901" classname="table_inset_and_titles_and_footers_word_wrapping" name="wrap_strings_work"/>
    <testcase time="0.0080000000000009" classname="table_inset_and_titles_and_footers_word_wrapping" name="wrap_strings_work"/>
    <testcase time="0.00399999999999956" classname="table_inset_and_titles_and_footers_word_wrapping" name="wrap_strings_work"/>
    <testcase time="0.00300000000000011" classname="table_inset_and_titles_and_footers_word_wrapping" name="wrap_strings_work"/>
    <testcase time="0.0310000000000006" classname="table_inset_and_titles_and_footers_word_wrapping" name="toString_wrapping_avoid_trimming_whitespaces"/>
    <testcase time="0.0109999999999992" classname="table_inset_and_titles_and_footers_word_wrapping" name="toString_wrapping_avoid_trimming_whitespaces"/>
    <testcase time="0.0129999999999999" classname="table_inset_and_titles_and_footers_word_wrapping" name="toString_wrapping_avoid_trimming_whitespaces"/>
  </testsuite>
</testsuites>
