<?xml version="1.0" encoding="UTF-8"?>
<testsuites>
  <testsuite name="exporters" timestamp="2024-01-04T15:43:54Z" hostname="e391b16cb26b" tests="3" skipped="0" failures="0" errors="3" time="1.146">
    <testcase time="0.488" classname="exporters" name="exporters_work">
      <error type="error" message="Error in `sprintf(paste0(&quot;%&quot;, cpp, &quot;s\n&quot;), page_nums)`: invalid format '%NA'; use format %s for character objects ('test-exporters.R:35:3')">Error in `sprintf(paste0("%", cpp, "s\n"), page_nums)`: invalid format '%NA'; use format %s for character objects
Backtrace:
    ▆
 1. └─formatters::export_as_txt(...) at test-exporters.R:35:3
 2.   └─base::sprintf(paste0("%", cpp, "s\n"), page_nums)</error>
    </testcase>
    <testcase time="0.373" classname="exporters" name="export_as_txt_maintains_repeated_columns_when_paginate_is_TRUE">
      <error type="error" message="Error in `export_as_txt(dfmf, cpp = 90, rep_cols = 3)`: Page footer is too large to fit the page. ('test-exporters.R:144:3')">Error in `export_as_txt(dfmf, cpp = 90, rep_cols = 3)`: Page footer is too large to fit the page.
Backtrace:
    ▆
 1. └─formatters::export_as_txt(dfmf, cpp = 90, rep_cols = 3) at test-exporters.R:144:3</error>
    </testcase>
    <testcase time="0.285" classname="exporters" name="export_as_txt_maintains_horizontal_separator_from_table">
      <error type="error" message="Error in `sprintf(paste0(&quot;%&quot;, cpp, &quot;s\n&quot;), page_nums)`: invalid format '%NA'; use format %s for character objects ('test-exporters.R:156:3')">Error in `sprintf(paste0("%", cpp, "s\n"), page_nums)`: invalid format '%NA'; use format %s for character objects
Backtrace:
    ▆
 1. ├─base::strsplit(export_as_txt(dfmf), "\n") at test-exporters.R:156:3
 2. └─formatters::export_as_txt(dfmf)
 3.   └─base::sprintf(paste0("%", cpp, "s\n"), page_nums)</error>
    </testcase>
  </testsuite>
  <testsuite name="formatters" timestamp="2024-01-04T15:43:55Z" hostname="e391b16cb26b" tests="151" skipped="0" failures="0" errors="0" time="1.128">
    <testcase time="0.034" classname="formatters" name="Default_horizontal_separator_works"/>
    <testcase time="0.00499999999999989" classname="formatters" name="Default_horizontal_separator_works"/>
    <testcase time="0.002" classname="formatters" name="Default_horizontal_separator_works"/>
    <testcase time="0.002" classname="formatters" name="Default_horizontal_separator_works"/>
    <testcase time="0.00100000000000011" classname="formatters" name="Default_horizontal_separator_works"/>
    <testcase time="0.004" classname="formatters" name="Default_horizontal_separator_works"/>
    <testcase time="0.262" classname="formatters" name="make_row_df_produces_custom_error_message_if_used_on_MatrixPrintForm"/>
    <testcase time="0.0069999999999999" classname="formatters" name="formats_work"/>
    <testcase time="0.002" classname="formatters" name="formats_work"/>
    <testcase time="0.00100000000000011" classname="formatters" name="formats_work"/>
    <testcase time="0.00099999999999989" classname="formatters" name="formats_work"/>
    <testcase time="0.002" classname="formatters" name="formats_work"/>
    <testcase time="0.00100000000000011" classname="formatters" name="formats_work"/>
    <testcase time="0.00099999999999989" classname="formatters" name="formats_work"/>
    <testcase time="0.00100000000000011" classname="formatters" name="formats_work"/>
    <testcase time="0.002" classname="formatters" name="formats_work"/>
    <testcase time="0.00099999999999989" classname="formatters" name="formats_work"/>
    <testcase time="0.00100000000000011" classname="formatters" name="formats_work"/>
    <testcase time="0.00099999999999989" classname="formatters" name="formats_work"/>
    <testcase time="0.002" classname="formatters" name="formats_work"/>
    <testcase time="0.00100000000000011" classname="formatters" name="formats_work"/>
    <testcase time="0.00099999999999989" classname="formatters" name="formats_work"/>
    <testcase time="0.002" classname="formatters" name="formats_work"/>
    <testcase time="0.00100000000000011" classname="formatters" name="formats_work"/>
    <testcase time="0.00099999999999989" classname="formatters" name="formats_work"/>
    <testcase time="0.00200000000000022" classname="formatters" name="formats_work"/>
    <testcase time="0.00099999999999989" classname="formatters" name="formats_work"/>
    <testcase time="0.00099999999999989" classname="formatters" name="formats_work"/>
    <testcase time="0.00200000000000022" classname="formatters" name="formats_work"/>
    <testcase time="0.00099999999999989" classname="formatters" name="formats_work"/>
    <testcase time="0.00099999999999989" classname="formatters" name="formats_work"/>
    <testcase time="0.00499999999999989" classname="formatters" name="formats_work"/>
    <testcase time="0.00100000000000033" classname="formatters" name="formats_work"/>
    <testcase time="0.00199999999999978" classname="formatters" name="formats_work"/>
    <testcase time="0.00099999999999989" classname="formatters" name="formats_work"/>
    <testcase time="0.00200000000000022" classname="formatters" name="formats_work"/>
    <testcase time="0.00099999999999989" classname="formatters" name="formats_work"/>
    <testcase time="0.00099999999999989" classname="formatters" name="formats_work"/>
    <testcase time="0.00200000000000022" classname="formatters" name="formats_work"/>
    <testcase time="0.00099999999999989" classname="formatters" name="formats_work"/>
    <testcase time="0.00200000000000022" classname="formatters" name="formats_work"/>
    <testcase time="0.00099999999999989" classname="formatters" name="formats_work"/>
    <testcase time="0.00199999999999978" classname="formatters" name="formats_work"/>
    <testcase time="0.00100000000000033" classname="formatters" name="formats_work"/>
    <testcase time="0.00099999999999989" classname="formatters" name="formats_work"/>
    <testcase time="0.00199999999999978" classname="formatters" name="formats_work"/>
    <testcase time="0.00100000000000033" classname="formatters" name="formats_work"/>
    <testcase time="0.00199999999999978" classname="formatters" name="formats_work"/>
    <testcase time="0.00099999999999989" classname="formatters" name="formats_work"/>
    <testcase time="0.00200000000000022" classname="formatters" name="formats_work"/>
    <testcase time="0.00099999999999989" classname="formatters" name="formats_work"/>
    <testcase time="0.00200000000000022" classname="formatters" name="formats_work"/>
    <testcase time="0.00099999999999989" classname="formatters" name="formats_work"/>
    <testcase time="0.00099999999999989" classname="formatters" name="formats_work"/>
    <testcase time="0.00200000000000022" classname="formatters" name="formats_work"/>
    <testcase time="0.00099999999999989" classname="formatters" name="formats_work"/>
    <testcase time="0.00199999999999978" classname="formatters" name="formats_work"/>
    <testcase time="0.00099999999999989" classname="formatters" name="formats_work"/>
    <testcase time="0.00200000000000022" classname="formatters" name="formats_work"/>
    <testcase time="0.00099999999999989" classname="formatters" name="formats_work"/>
    <testcase time="0.00200000000000022" classname="formatters" name="formats_work"/>
    <testcase time="0.00099999999999989" classname="formatters" name="formats_work"/>
    <testcase time="0.00199999999999978" classname="formatters" name="formats_work"/>
    <testcase time="0.00100000000000033" classname="formatters" name="formats_work"/>
    <testcase time="0.00199999999999978" classname="formatters" name="formats_work"/>
    <testcase time="0.00099999999999989" classname="formatters" name="formats_work"/>
    <testcase time="0.00500000000000034" classname="formatters" name="formats_work"/>
    <testcase time="0.00499999999999989" classname="formatters" name="formats_work"/>
    <testcase time="0.00700000000000012" classname="formatters" name="formats_work"/>
    <testcase time="0.00300000000000011" classname="formatters" name="formats_work"/>
    <testcase time="0.00199999999999978" classname="formatters" name="formats_work"/>
    <testcase time="0.00200000000000022" classname="formatters" name="formats_work"/>
    <testcase time="0.00099999999999989" classname="formatters" name="formats_work"/>
    <testcase time="0.00199999999999978" classname="formatters" name="formats_work"/>
    <testcase time="0.00100000000000033" classname="formatters" name="formats_work"/>
    <testcase time="0.00199999999999978" classname="formatters" name="formats_work"/>
    <testcase time="0.00099999999999989" classname="formatters" name="formats_work"/>
    <testcase time="0.00200000000000022" classname="formatters" name="formats_work"/>
    <testcase time="0.00099999999999989" classname="formatters" name="formats_work"/>
    <testcase time="0.00200000000000022" classname="formatters" name="formats_work"/>
    <testcase time="0.00099999999999989" classname="formatters" name="formats_work"/>
    <testcase time="0.00199999999999978" classname="formatters" name="formats_work"/>
    <testcase time="0.00100000000000033" classname="formatters" name="formats_work"/>
    <testcase time="0.00699999999999967" classname="formatters" name="sprintf_formats_work"/>
    <testcase time="0.00100000000000033" classname="formatters" name="sprintf_formats_work"/>
    <testcase time="0.00699999999999967" classname="formatters" name="labels_and_miscellany"/>
    <testcase time="0.00100000000000033" classname="formatters" name="labels_and_miscellany"/>
    <testcase time="0.004" classname="formatters" name="labels_and_miscellany"/>
    <testcase time="0.00199999999999978" classname="formatters" name="labels_and_miscellany"/>
    <testcase time="0.00099999999999989" classname="formatters" name="labels_and_miscellany"/>
    <testcase time="0.00200000000000022" classname="formatters" name="labels_and_miscellany"/>
    <testcase time="0.00199999999999978" classname="formatters" name="labels_and_miscellany"/>
    <testcase time="0.004" classname="formatters" name="labels_and_miscellany"/>
    <testcase time="0.00700000000000012" classname="formatters" name="all_valid_format_labels_can_be_applied_without_error"/>
    <testcase time="0.00800000000000001" classname="formatters" name="all_valid_format_labels_can_be_applied_without_error"/>
    <testcase time="0.004" classname="formatters" name="all_valid_format_labels_can_be_applied_without_error"/>
    <testcase time="0.00200000000000022" classname="formatters" name="all_valid_format_labels_can_be_applied_without_error"/>
    <testcase time="0.00299999999999967" classname="formatters" name="_unnamed_"/>
    <testcase time="0.00200000000000022" classname="formatters" name="_unnamed_"/>
    <testcase time="0.00099999999999989" classname="formatters" name="_unnamed_"/>
    <testcase time="0.00200000000000022" classname="formatters" name="_unnamed_"/>
    <testcase time="0.004" classname="formatters" name="_unnamed_"/>
    <testcase time="0.004" classname="formatters" name="_unnamed_"/>
    <testcase time="0.00099999999999989" classname="formatters" name="_unnamed_"/>
    <testcase time="0.00199999999999978" classname="formatters" name="_unnamed_"/>
    <testcase time="0.00299999999999967" classname="formatters" name="_unnamed_"/>
    <testcase time="0.00300000000000011" classname="formatters" name="_unnamed_"/>
    <testcase time="0.00199999999999978" classname="formatters" name="_unnamed_"/>
    <testcase time="0.00200000000000022" classname="formatters" name="_unnamed_"/>
    <testcase time="0.00099999999999989" classname="formatters" name="_unnamed_"/>
    <testcase time="0.00200000000000022" classname="formatters" name="_unnamed_"/>
    <testcase time="0.073" classname="formatters" name="_unnamed_"/>
    <testcase time="0.00199999999999978" classname="formatters" name="_unnamed_"/>
    <testcase time="0.00500000000000034" classname="formatters" name="_unnamed_"/>
    <testcase time="0.00800000000000001" classname="formatters" name="_unnamed_"/>
    <testcase time="0.081" classname="formatters" name="error_when_widths_are_than_decimal_aligned_values"/>
    <testcase time="0.0309999999999997" classname="formatters" name="padstr_works_with_dec_left"/>
    <testcase time="0.00200000000000022" classname="formatters" name="padstr_works_with_dec_left"/>
    <testcase time="0.0209999999999999" classname="formatters" name="padstr_works_with_dec_right"/>
    <testcase time="0.0230000000000001" classname="formatters" name="padstr_works_with_decimal"/>
    <testcase time="0.02" classname="formatters" name="decimal_alignments_work_when_there_are_numbers_but_no_decimal_places"/>
    <testcase time="0.0089999999999999" classname="formatters" name="decimal_alignments_work_when_there_are_numbers_but_no_decimal_places"/>
    <testcase time="0.0089999999999999" classname="formatters" name="decimal_alignments_work_when_there_are_numbers_but_no_decimal_places"/>
    <testcase time="0.028" classname="formatters" name="behavior_of_decimal_alignments_on_non_numbers"/>
    <testcase time="0.0110000000000001" classname="formatters" name="behavior_of_decimal_alignments_on_non_numbers"/>
    <testcase time="0.0110000000000001" classname="formatters" name="behavior_of_decimal_alignments_on_non_numbers"/>
    <testcase time="0.012" classname="formatters" name="behavior_of_decimal_alignments_on_non_numbers"/>
    <testcase time="0.0189999999999997" classname="formatters" name="Decimal_alignment_a_specific_case_with_larger_widths"/>
    <testcase time="0.0100000000000002" classname="formatters" name="Decimal_alignment_a_specific_case_with_larger_widths"/>
    <testcase time="0.0089999999999999" classname="formatters" name="Decimal_alignment_a_specific_case_with_larger_widths"/>
    <testcase time="0.00999999999999979" classname="formatters" name="Decimal_alignment_a_specific_case_with_larger_widths"/>
    <testcase time="0.00800000000000001" classname="formatters" name="Decimal_alignment_a_specific_case_with_larger_widths"/>
    <testcase time="0.00900000000000034" classname="formatters" name="Decimal_alignment_a_specific_case_with_larger_widths"/>
    <testcase time="0.0409999999999999" classname="formatters" name="All_supported_1d_format_cases_of_decimal_alignment"/>
    <testcase time="0.0179999999999998" classname="formatters" name="All_supported_1d_format_cases_of_decimal_alignment"/>
    <testcase time="0.0170000000000003" classname="formatters" name="decimal_alignment_disallows_scientific_notation"/>
    <testcase time="0.0149999999999997" classname="formatters" name="decimal_alignment_disallows_scientific_notation"/>
    <testcase time="0.00800000000000001" classname="formatters" name="decimal_alignment_disallows_scientific_notation"/>
    <testcase time="0.0609999999999999" classname="formatters" name="All_2d_cases_for_decimal_alignment"/>
    <testcase time="0.00700000000000012" classname="formatters" name="fmt_config_works_as_expected"/>
    <testcase time="0.00099999999999989" classname="formatters" name="fmt_config_works_as_expected"/>
    <testcase time="0.00200000000000022" classname="formatters" name="fmt_config_works_as_expected"/>
    <testcase time="0.00300000000000011" classname="formatters" name="fmt_config_works_as_expected"/>
    <testcase time="0.00099999999999989" classname="formatters" name="fmt_config_works_as_expected"/>
    <testcase time="0.00199999999999978" classname="formatters" name="fmt_config_works_as_expected"/>
    <testcase time="0.00300000000000011" classname="formatters" name="fmt_config_works_as_expected"/>
    <testcase time="0.00200000000000022" classname="formatters" name="fmt_config_works_as_expected"/>
    <testcase time="0.00199999999999978" classname="formatters" name="fmt_config_works_as_expected"/>
    <testcase time="0.00499999999999989" classname="formatters" name="reorder_ref_fnotes_orders_referential_footnotes_correctly"/>
    <testcase time="0.00200000000000022" classname="formatters" name="reorder_ref_fnotes_orders_referential_footnotes_correctly"/>
    <testcase time="0.00199999999999978" classname="formatters" name="reorder_ref_fnotes_orders_referential_footnotes_correctly"/>
  </testsuite>
  <testsuite name="pagination" timestamp="2024-01-04T15:43:56Z" hostname="e391b16cb26b" tests="51" skipped="0" failures="0" errors="0" time="3.967">
    <testcase time="0.089" classname="pagination" name="pagination_works"/>
    <testcase time="0.00100000000000033" classname="pagination" name="pagination_works"/>
    <testcase time="0.00800000000000001" classname="pagination" name="pagination_works"/>
    <testcase time="0.032" classname="pagination" name="pagination_works"/>
    <testcase time="0.163" classname="pagination" name="pagination_works"/>
    <testcase time="0.0529999999999999" classname="pagination" name="pagination_works"/>
    <testcase time="0.0289999999999999" classname="pagination" name="pagination_works"/>
    <testcase time="0.144" classname="pagination" name="pagination_works"/>
    <testcase time="0.0270000000000001" classname="pagination" name="pagination_works"/>
    <testcase time="0.0579999999999998" classname="pagination" name="pagination_works"/>
    <testcase time="0.0590000000000002" classname="pagination" name="pagination_works"/>
    <testcase time="0.106" classname="pagination" name="pagination_works"/>
    <testcase time="0.307" classname="pagination" name="pagination_works"/>
    <testcase time="0.275" classname="pagination" name="pagination_works"/>
    <testcase time="0.315" classname="pagination" name="pagination_works"/>
    <testcase time="0.105" classname="pagination" name="pagination_works"/>
    <testcase time="0.000999999999999446" classname="pagination" name="pagination_works"/>
    <testcase time="0.00200000000000067" classname="pagination" name="pagination_works"/>
    <testcase time="0.000999999999999446" classname="pagination" name="pagination_works"/>
    <testcase time="0.0209999999999999" classname="pagination" name="pagination_works"/>
    <testcase time="0.00400000000000045" classname="pagination" name="pagination_works"/>
    <testcase time="0.00100000000000033" classname="pagination" name="pagination_works"/>
    <testcase time="0.00499999999999989" classname="pagination" name="pagination_works"/>
    <testcase time="0.0110000000000001" classname="pagination" name="pagination_works"/>
    <testcase time="0.00599999999999934" classname="pagination" name="pagination_works"/>
    <testcase time="0.00199999999999978" classname="pagination" name="pagination_works"/>
    <testcase time="0.00100000000000033" classname="pagination" name="pagination_works"/>
    <testcase time="0.00100000000000033" classname="pagination" name="pagination_works"/>
    <testcase time="0.00199999999999978" classname="pagination" name="pagination_works"/>
    <testcase time="0.00100000000000033" classname="pagination" name="pagination_works"/>
    <testcase time="0.000999999999999446" classname="pagination" name="pagination_works"/>
    <testcase time="0.00199999999999978" classname="pagination" name="pagination_works"/>
    <testcase time="0.19" classname="pagination" name="pagination_works"/>
    <testcase time="0.0869999999999997" classname="pagination" name="pagination_works"/>
    <testcase time="0.537" classname="pagination" name="pagination_works"/>
    <testcase time="0.00200000000000067" classname="pagination" name="pagination_works"/>
    <testcase time="0.00300000000000011" classname="pagination" name="pagination_works"/>
    <testcase time="0.00399999999999956" classname="pagination" name="pagination_works"/>
    <testcase time="0.00300000000000011" classname="pagination" name="pagination_works"/>
    <testcase time="0.125" classname="pagination" name="pagination_works"/>
    <testcase time="0.00100000000000033" classname="pagination" name="pagination_works"/>
    <testcase time="0.0249999999999995" classname="pagination" name="pagination_works"/>
    <testcase time="0.257000000000001" classname="pagination" name="pagination_works"/>
    <testcase time="0.223999999999999" classname="pagination" name="pagination_works"/>
    <testcase time="0.369000000000001" classname="pagination" name="pagination_works"/>
    <testcase time="0.154" classname="pagination" name="pagination_works"/>
    <testcase time="0.00599999999999934" classname="pagination" name="page_to_lcpp_stuff_works"/>
    <testcase time="0.00300000000000011" classname="pagination" name="page_to_lcpp_stuff_works"/>
    <testcase time="0.0289999999999999" classname="pagination" name="non_monospaced_fonts_are_caught"/>
    <testcase time="0.00400000000000045" classname="pagination" name="non_monospaced_fonts_are_caught"/>
    <testcase time="0.111" classname="pagination" name="spans_and_string_matrix_match_after_pagination_when_table_has_single_column"/>
  </testsuite>
  <testsuite name="table_inset and titles and footers word wrapping" timestamp="2024-01-04T15:44:00Z" hostname="e391b16cb26b" tests="25" skipped="0" failures="0" errors="0" time="0.736">
    <testcase time="0.016" classname="table_inset_and_titles_and_footers_word_wrapping" name="tf_wordwrap_and_table_inset_work_including_together_"/>
    <testcase time="0.00300000000000011" classname="table_inset_and_titles_and_footers_word_wrapping" name="tf_wordwrap_and_table_inset_work_including_together_"/>
    <testcase time="0.00400000000000045" classname="table_inset_and_titles_and_footers_word_wrapping" name="tf_wordwrap_and_table_inset_work_including_together_"/>
    <testcase time="0.00199999999999978" classname="table_inset_and_titles_and_footers_word_wrapping" name="tf_wordwrap_and_table_inset_work_including_together_"/>
    <testcase time="0.406" classname="table_inset_and_titles_and_footers_word_wrapping" name="toString_throws_a_warning_when_newline_is_in_string"/>
    <testcase time="0.156" classname="table_inset_and_titles_and_footers_word_wrapping" name="toString_throws_a_warning_when_newline_is_in_string"/>
    <testcase time="0.00100000000000033" classname="table_inset_and_titles_and_footers_word_wrapping" name="toString_throws_a_warning_when_newline_is_in_string"/>
    <testcase time="0.0170000000000003" classname="table_inset_and_titles_and_footers_word_wrapping" name="works_with_words_that_are_too_big_no_warning_"/>
    <testcase time="0.0199999999999996" classname="table_inset_and_titles_and_footers_word_wrapping" name="auto_works_with_inset_and_col_gap"/>
    <testcase time="0.00400000000000045" classname="table_inset_and_titles_and_footers_word_wrapping" name="regression_tests_for_rtables_empty_title_underlying_issue"/>
    <testcase time="0.000999999999999446" classname="table_inset_and_titles_and_footers_word_wrapping" name="regression_tests_for_rtables_empty_title_underlying_issue"/>
    <testcase time="0.016" classname="table_inset_and_titles_and_footers_word_wrapping" name="row_label_wrapping_has_identical_indentation"/>
    <testcase time="0.00499999999999989" classname="table_inset_and_titles_and_footers_word_wrapping" name="row_label_wrapping_has_identical_indentation"/>
    <testcase time="0.00500000000000078" classname="table_inset_and_titles_and_footers_word_wrapping" name="wrap_strings_work"/>
    <testcase time="0.00299999999999923" classname="table_inset_and_titles_and_footers_word_wrapping" name="wrap_strings_work"/>
    <testcase time="0.00400000000000045" classname="table_inset_and_titles_and_footers_word_wrapping" name="wrap_strings_work"/>
    <testcase time="0.00100000000000033" classname="table_inset_and_titles_and_footers_word_wrapping" name="wrap_strings_work"/>
    <testcase time="0.00499999999999989" classname="table_inset_and_titles_and_footers_word_wrapping" name="wrap_strings_work"/>
    <testcase time="0.00399999999999956" classname="table_inset_and_titles_and_footers_word_wrapping" name="wrap_strings_work"/>
    <testcase time="0.00199999999999978" classname="table_inset_and_titles_and_footers_word_wrapping" name="wrap_strings_work"/>
    <testcase time="0.00200000000000067" classname="table_inset_and_titles_and_footers_word_wrapping" name="wrap_strings_work"/>
    <testcase time="0.016" classname="table_inset_and_titles_and_footers_word_wrapping" name="toString_wrapping_avoid_trimming_whitespaces"/>
    <testcase time="0.00699999999999967" classname="table_inset_and_titles_and_footers_word_wrapping" name="toString_wrapping_avoid_trimming_whitespaces"/>
    <testcase time="0.00900000000000034" classname="table_inset_and_titles_and_footers_word_wrapping" name="toString_wrapping_avoid_trimming_whitespaces"/>
    <testcase time="0.0269999999999992" classname="table_inset_and_titles_and_footers_word_wrapping" name="toString_and_wrapping_cooperates_well_with_separator_divisors"/>
  </testsuite>
</testsuites>
