<?xml version="1.0" encoding="UTF-8"?>
<testsuites>
  <testsuite name="exporters" timestamp="2023-11-21T05:26:33Z" hostname="1d76c06af740" tests="4" skipped="0" failures="0" errors="1" time="0.861">
    <testcase time="0.492" classname="exporters" name="exporters_work">
      <error type="error" message="Error in `sprintf(paste0(&quot;%&quot;, cpp, &quot;s\n&quot;), gsub(&quot;\\{i\\}&quot;, x, page_num))`: invalid format '%NA'; use format %s for character objects ('test-exporters.R:35:3')">Error in `sprintf(paste0("%", cpp, "s\n"), gsub("\\{i\\}", x, page_num))`: invalid format '%NA'; use format %s for character objects
Backtrace:
    ▆
 1. └─formatters::export_as_txt(...) at test-exporters.R:35:3
 2.   └─base::vapply(...)
 3.     └─formatters (local) FUN(X[[i]], ...)
 4.       └─base::sprintf(paste0("%", cpp, "s\n"), gsub("\\{i\\}", x, page_num))</error>
    </testcase>
    <testcase time="0.361" classname="exporters" name="export_as_txt_maintains_repeated_columns_when_paginate_is_TRUE"/>
    <testcase time="0.002" classname="exporters" name="export_as_txt_maintains_repeated_columns_when_paginate_is_TRUE"/>
    <testcase time="0.00600000000000001" classname="exporters" name="export_as_txt_maintains_repeated_columns_when_paginate_is_TRUE"/>
  </testsuite>
  <testsuite name="formatters" timestamp="2023-11-21T05:26:34Z" hostname="1d76c06af740" tests="141" skipped="0" failures="0" errors="0" time="1.037">
    <testcase time="0.0289999999999999" classname="formatters" name="Default_hsep_works"/>
    <testcase time="0.259" classname="formatters" name="make_row_df_produces_custom_error_message_if_used_on_MatrixPrintForm"/>
    <testcase time="0.0069999999999999" classname="formatters" name="formats_work"/>
    <testcase time="0.00100000000000011" classname="formatters" name="formats_work"/>
    <testcase time="0.00099999999999989" classname="formatters" name="formats_work"/>
    <testcase time="0.00100000000000011" classname="formatters" name="formats_work"/>
    <testcase time="0.00099999999999989" classname="formatters" name="formats_work"/>
    <testcase time="0.00100000000000011" classname="formatters" name="formats_work"/>
    <testcase time="0.00099999999999989" classname="formatters" name="formats_work"/>
    <testcase time="0.002" classname="formatters" name="formats_work"/>
    <testcase time="0.00100000000000011" classname="formatters" name="formats_work"/>
    <testcase time="0.00099999999999989" classname="formatters" name="formats_work"/>
    <testcase time="0.00299999999999989" classname="formatters" name="formats_work"/>
    <testcase time="0.002" classname="formatters" name="formats_work"/>
    <testcase time="0.00100000000000011" classname="formatters" name="formats_work"/>
    <testcase time="0.00099999999999989" classname="formatters" name="formats_work"/>
    <testcase time="0.00100000000000011" classname="formatters" name="formats_work"/>
    <testcase time="0.002" classname="formatters" name="formats_work"/>
    <testcase time="0.00099999999999989" classname="formatters" name="formats_work"/>
    <testcase time="0.00100000000000011" classname="formatters" name="formats_work"/>
    <testcase time="0.00099999999999989" classname="formatters" name="formats_work"/>
    <testcase time="0.00100000000000011" classname="formatters" name="formats_work"/>
    <testcase time="0.00099999999999989" classname="formatters" name="formats_work"/>
    <testcase time="0.002" classname="formatters" name="formats_work"/>
    <testcase time="0.00100000000000011" classname="formatters" name="formats_work"/>
    <testcase time="0.00099999999999989" classname="formatters" name="formats_work"/>
    <testcase time="0.00100000000000011" classname="formatters" name="formats_work"/>
    <testcase time="0.00099999999999989" classname="formatters" name="formats_work"/>
    <testcase time="0.002" classname="formatters" name="formats_work"/>
    <testcase time="0.00100000000000011" classname="formatters" name="formats_work"/>
    <testcase time="0.00099999999999989" classname="formatters" name="formats_work"/>
    <testcase time="0.00100000000000011" classname="formatters" name="formats_work"/>
    <testcase time="0.00099999999999989" classname="formatters" name="formats_work"/>
    <testcase time="0.002" classname="formatters" name="formats_work"/>
    <testcase time="0.00100000000000011" classname="formatters" name="formats_work"/>
    <testcase time="0.00099999999999989" classname="formatters" name="formats_work"/>
    <testcase time="0.00100000000000011" classname="formatters" name="formats_work"/>
    <testcase time="0.00099999999999989" classname="formatters" name="formats_work"/>
    <testcase time="0.002" classname="formatters" name="formats_work"/>
    <testcase time="0.00100000000000011" classname="formatters" name="formats_work"/>
    <testcase time="0.00099999999999989" classname="formatters" name="formats_work"/>
    <testcase time="0.00100000000000011" classname="formatters" name="formats_work"/>
    <testcase time="0.002" classname="formatters" name="formats_work"/>
    <testcase time="0.00099999999999989" classname="formatters" name="formats_work"/>
    <testcase time="0.00100000000000011" classname="formatters" name="formats_work"/>
    <testcase time="0.002" classname="formatters" name="formats_work"/>
    <testcase time="0.00099999999999989" classname="formatters" name="formats_work"/>
    <testcase time="0.00100000000000011" classname="formatters" name="formats_work"/>
    <testcase time="0.00099999999999989" classname="formatters" name="formats_work"/>
    <testcase time="0.00100000000000011" classname="formatters" name="formats_work"/>
    <testcase time="0.002" classname="formatters" name="formats_work"/>
    <testcase time="0.00099999999999989" classname="formatters" name="formats_work"/>
    <testcase time="0.00100000000000011" classname="formatters" name="formats_work"/>
    <testcase time="0.002" classname="formatters" name="formats_work"/>
    <testcase time="0.00099999999999989" classname="formatters" name="formats_work"/>
    <testcase time="0.00100000000000011" classname="formatters" name="formats_work"/>
    <testcase time="0.00099999999999989" classname="formatters" name="formats_work"/>
    <testcase time="0.002" classname="formatters" name="formats_work"/>
    <testcase time="0.00100000000000011" classname="formatters" name="formats_work"/>
    <testcase time="0.00499999999999989" classname="formatters" name="formats_work"/>
    <testcase time="0.004" classname="formatters" name="formats_work"/>
    <testcase time="0.00800000000000001" classname="formatters" name="formats_work"/>
    <testcase time="0.004" classname="formatters" name="formats_work"/>
    <testcase time="0.00100000000000011" classname="formatters" name="formats_work"/>
    <testcase time="0.00099999999999989" classname="formatters" name="formats_work"/>
    <testcase time="0.002" classname="formatters" name="formats_work"/>
    <testcase time="0.00100000000000011" classname="formatters" name="formats_work"/>
    <testcase time="0.00099999999999989" classname="formatters" name="formats_work"/>
    <testcase time="0.002" classname="formatters" name="formats_work"/>
    <testcase time="0.00100000000000011" classname="formatters" name="formats_work"/>
    <testcase time="0.00099999999999989" classname="formatters" name="formats_work"/>
    <testcase time="0.002" classname="formatters" name="formats_work"/>
    <testcase time="0.00100000000000011" classname="formatters" name="formats_work"/>
    <testcase time="0.00099999999999989" classname="formatters" name="formats_work"/>
    <testcase time="0.00100000000000011" classname="formatters" name="formats_work"/>
    <testcase time="0.002" classname="formatters" name="formats_work"/>
    <testcase time="0.00600000000000001" classname="formatters" name="sprintf_formats_work"/>
    <testcase time="0.00099999999999989" classname="formatters" name="sprintf_formats_work"/>
    <testcase time="0.00600000000000001" classname="formatters" name="labels_and_miscellany"/>
    <testcase time="0.002" classname="formatters" name="labels_and_miscellany"/>
    <testcase time="0.00300000000000011" classname="formatters" name="labels_and_miscellany"/>
    <testcase time="0.00099999999999989" classname="formatters" name="labels_and_miscellany"/>
    <testcase time="0.002" classname="formatters" name="labels_and_miscellany"/>
    <testcase time="0.002" classname="formatters" name="labels_and_miscellany"/>
    <testcase time="0.00100000000000011" classname="formatters" name="labels_and_miscellany"/>
    <testcase time="0.004" classname="formatters" name="labels_and_miscellany"/>
    <testcase time="0.00599999999999978" classname="formatters" name="all_valid_format_labels_can_be_applied_without_error"/>
    <testcase time="0.00500000000000012" classname="formatters" name="all_valid_format_labels_can_be_applied_without_error"/>
    <testcase time="0.0069999999999999" classname="formatters" name="all_valid_format_labels_can_be_applied_without_error"/>
    <testcase time="0.00100000000000011" classname="formatters" name="all_valid_format_labels_can_be_applied_without_error"/>
    <testcase time="0.004" classname="formatters" name="_unnamed_"/>
    <testcase time="0.00099999999999989" classname="formatters" name="_unnamed_"/>
    <testcase time="0.002" classname="formatters" name="_unnamed_"/>
    <testcase time="0.00100000000000011" classname="formatters" name="_unnamed_"/>
    <testcase time="0.004" classname="formatters" name="_unnamed_"/>
    <testcase time="0.00299999999999989" classname="formatters" name="_unnamed_"/>
    <testcase time="0.002" classname="formatters" name="_unnamed_"/>
    <testcase time="0.002" classname="formatters" name="_unnamed_"/>
    <testcase time="0.00300000000000011" classname="formatters" name="_unnamed_"/>
    <testcase time="0.00299999999999989" classname="formatters" name="_unnamed_"/>
    <testcase time="0.00100000000000011" classname="formatters" name="_unnamed_"/>
    <testcase time="0.002" classname="formatters" name="_unnamed_"/>
    <testcase time="0.00099999999999989" classname="formatters" name="_unnamed_"/>
    <testcase time="0.002" classname="formatters" name="_unnamed_"/>
    <testcase time="0.0670000000000002" classname="formatters" name="_unnamed_"/>
    <testcase time="0.002" classname="formatters" name="_unnamed_"/>
    <testcase time="0.00499999999999989" classname="formatters" name="_unnamed_"/>
    <testcase time="0.01" classname="formatters" name="_unnamed_"/>
    <testcase time="0.0800000000000001" classname="formatters" name="error_when_widths_are_than_decimal_aligned_values"/>
    <testcase time="0.0270000000000001" classname="formatters" name="padstr_works_with_dec_left"/>
    <testcase time="0.00299999999999967" classname="formatters" name="padstr_works_with_dec_left"/>
    <testcase time="0.0209999999999999" classname="formatters" name="padstr_works_with_dec_right"/>
    <testcase time="0.02" classname="formatters" name="padstr_works_with_decimal"/>
    <testcase time="0.0190000000000001" classname="formatters" name="decimal_alignments_work_when_there_are_numbers_but_no_decimal_places"/>
    <testcase time="0.0110000000000001" classname="formatters" name="decimal_alignments_work_when_there_are_numbers_but_no_decimal_places"/>
    <testcase time="0.00800000000000001" classname="formatters" name="decimal_alignments_work_when_there_are_numbers_but_no_decimal_places"/>
    <testcase time="0.024" classname="formatters" name="behavior_of_decimal_alignments_on_non_numbers"/>
    <testcase time="0.0110000000000001" classname="formatters" name="behavior_of_decimal_alignments_on_non_numbers"/>
    <testcase time="0.00999999999999979" classname="formatters" name="behavior_of_decimal_alignments_on_non_numbers"/>
    <testcase time="0.0140000000000002" classname="formatters" name="behavior_of_decimal_alignments_on_non_numbers"/>
    <testcase time="0.0189999999999997" classname="formatters" name="Decimal_alignment_a_specific_case_with_larger_widths"/>
    <testcase time="0.00600000000000023" classname="formatters" name="Decimal_alignment_a_specific_case_with_larger_widths"/>
    <testcase time="0.0089999999999999" classname="formatters" name="Decimal_alignment_a_specific_case_with_larger_widths"/>
    <testcase time="0.00800000000000001" classname="formatters" name="Decimal_alignment_a_specific_case_with_larger_widths"/>
    <testcase time="0.0110000000000001" classname="formatters" name="Decimal_alignment_a_specific_case_with_larger_widths"/>
    <testcase time="0.0089999999999999" classname="formatters" name="Decimal_alignment_a_specific_case_with_larger_widths"/>
    <testcase time="0.0339999999999998" classname="formatters" name="All_supported_1d_format_cases_of_decimal_alignment"/>
    <testcase time="0.02" classname="formatters" name="All_supported_1d_format_cases_of_decimal_alignment"/>
    <testcase time="0.016" classname="formatters" name="decimal_alignment_disallows_scientific_notation"/>
    <testcase time="0.00700000000000012" classname="formatters" name="decimal_alignment_disallows_scientific_notation"/>
    <testcase time="0.00599999999999978" classname="formatters" name="decimal_alignment_disallows_scientific_notation"/>
    <testcase time="0.0590000000000002" classname="formatters" name="All_2d_cases_for_decimal_alignment"/>
    <testcase time="0.00600000000000023" classname="formatters" name="fmt_config_works_as_expected"/>
    <testcase time="0.00099999999999989" classname="formatters" name="fmt_config_works_as_expected"/>
    <testcase time="0.00199999999999978" classname="formatters" name="fmt_config_works_as_expected"/>
    <testcase time="0.00200000000000022" classname="formatters" name="fmt_config_works_as_expected"/>
    <testcase time="0.00199999999999978" classname="formatters" name="fmt_config_works_as_expected"/>
    <testcase time="0.00100000000000033" classname="formatters" name="fmt_config_works_as_expected"/>
    <testcase time="0.00199999999999978" classname="formatters" name="fmt_config_works_as_expected"/>
    <testcase time="0.00200000000000022" classname="formatters" name="fmt_config_works_as_expected"/>
    <testcase time="0.00199999999999978" classname="formatters" name="fmt_config_works_as_expected"/>
  </testsuite>
  <testsuite name="pagination" timestamp="2023-11-21T05:26:35Z" hostname="1d76c06af740" tests="51" skipped="0" failures="0" errors="0" time="4.046">
    <testcase time="0.0859999999999999" classname="pagination" name="pagination_works"/>
    <testcase time="0.00100000000000033" classname="pagination" name="pagination_works"/>
    <testcase time="0.00800000000000001" classname="pagination" name="pagination_works"/>
    <testcase time="0.0569999999999999" classname="pagination" name="pagination_works"/>
    <testcase time="0.177" classname="pagination" name="pagination_works"/>
    <testcase time="0.0509999999999997" classname="pagination" name="pagination_works"/>
    <testcase time="0.0230000000000001" classname="pagination" name="pagination_works"/>
    <testcase time="0.0990000000000002" classname="pagination" name="pagination_works"/>
    <testcase time="0.0259999999999998" classname="pagination" name="pagination_works"/>
    <testcase time="0.0590000000000002" classname="pagination" name="pagination_works"/>
    <testcase time="0.0579999999999998" classname="pagination" name="pagination_works"/>
    <testcase time="0.107" classname="pagination" name="pagination_works"/>
    <testcase time="0.291" classname="pagination" name="pagination_works"/>
    <testcase time="0.27" classname="pagination" name="pagination_works"/>
    <testcase time="0.314" classname="pagination" name="pagination_works"/>
    <testcase time="0.104" classname="pagination" name="pagination_works"/>
    <testcase time="0.00199999999999978" classname="pagination" name="pagination_works"/>
    <testcase time="0.00100000000000033" classname="pagination" name="pagination_works"/>
    <testcase time="0.000999999999999446" classname="pagination" name="pagination_works"/>
    <testcase time="0.0250000000000004" classname="pagination" name="pagination_works"/>
    <testcase time="0.00300000000000011" classname="pagination" name="pagination_works"/>
    <testcase time="0.000999999999999446" classname="pagination" name="pagination_works"/>
    <testcase time="0.00499999999999989" classname="pagination" name="pagination_works"/>
    <testcase time="0.00700000000000056" classname="pagination" name="pagination_works"/>
    <testcase time="0.00600000000000023" classname="pagination" name="pagination_works"/>
    <testcase time="0.000999999999999446" classname="pagination" name="pagination_works"/>
    <testcase time="0.00100000000000033" classname="pagination" name="pagination_works"/>
    <testcase time="0.000999999999999446" classname="pagination" name="pagination_works"/>
    <testcase time="0.00100000000000033" classname="pagination" name="pagination_works"/>
    <testcase time="0.00199999999999978" classname="pagination" name="pagination_works"/>
    <testcase time="0.00100000000000033" classname="pagination" name="pagination_works"/>
    <testcase time="0.00100000000000033" classname="pagination" name="pagination_works"/>
    <testcase time="0.191" classname="pagination" name="pagination_works"/>
    <testcase time="0.0869999999999997" classname="pagination" name="pagination_works"/>
    <testcase time="0.528" classname="pagination" name="pagination_works"/>
    <testcase time="0.000999999999999446" classname="pagination" name="pagination_works"/>
    <testcase time="0.00300000000000011" classname="pagination" name="pagination_works"/>
    <testcase time="0.00399999999999956" classname="pagination" name="pagination_works"/>
    <testcase time="0.00600000000000023" classname="pagination" name="pagination_works"/>
    <testcase time="0.143" classname="pagination" name="pagination_works"/>
    <testcase time="0.00200000000000067" classname="pagination" name="pagination_works"/>
    <testcase time="0.0270000000000001" classname="pagination" name="pagination_works"/>
    <testcase time="0.281" classname="pagination" name="pagination_works"/>
    <testcase time="0.232" classname="pagination" name="pagination_works"/>
    <testcase time="0.442" classname="pagination" name="pagination_works"/>
    <testcase time="0.161" classname="pagination" name="pagination_works"/>
    <testcase time="0.00600000000000023" classname="pagination" name="page_to_lcpp_stuff_works"/>
    <testcase time="0.00300000000000011" classname="pagination" name="page_to_lcpp_stuff_works"/>
    <testcase time="0.0279999999999996" classname="pagination" name="non_monospaced_fonts_are_caught"/>
    <testcase time="0.00400000000000045" classname="pagination" name="non_monospaced_fonts_are_caught"/>
    <testcase time="0.106999999999999" classname="pagination" name="spans_and_string_matrix_match_after_pagination_when_table_has_single_column"/>
  </testsuite>
  <testsuite name="table_inset and titles and footers word wrapping" timestamp="2023-11-21T05:26:39Z" hostname="1d76c06af740" tests="22" skipped="0" failures="0" errors="0" time="0.685">
    <testcase time="0.0180000000000007" classname="table_inset_and_titles_and_footers_word_wrapping" name="tf_wordwrap_and_table_inset_work_including_together_"/>
    <testcase time="0.00299999999999923" classname="table_inset_and_titles_and_footers_word_wrapping" name="tf_wordwrap_and_table_inset_work_including_together_"/>
    <testcase time="0.00400000000000045" classname="table_inset_and_titles_and_footers_word_wrapping" name="tf_wordwrap_and_table_inset_work_including_together_"/>
    <testcase time="0.00100000000000033" classname="table_inset_and_titles_and_footers_word_wrapping" name="tf_wordwrap_and_table_inset_work_including_together_"/>
    <testcase time="0.393999999999999" classname="table_inset_and_titles_and_footers_word_wrapping" name="toString_throws_a_warning_when_newline_is_in_string"/>
    <testcase time="0.149" classname="table_inset_and_titles_and_footers_word_wrapping" name="toString_throws_a_warning_when_newline_is_in_string"/>
    <testcase time="0.00200000000000067" classname="table_inset_and_titles_and_footers_word_wrapping" name="toString_throws_a_warning_when_newline_is_in_string"/>
    <testcase time="0.0179999999999998" classname="table_inset_and_titles_and_footers_word_wrapping" name="works_with_words_that_are_too_big_no_warning_"/>
    <testcase time="0.016" classname="table_inset_and_titles_and_footers_word_wrapping" name="auto_works_with_inset_and_col_gap"/>
    <testcase time="0.00399999999999956" classname="table_inset_and_titles_and_footers_word_wrapping" name="regression_tests_for_rtables_empty_title_underlying_issue"/>
    <testcase time="0.00100000000000033" classname="table_inset_and_titles_and_footers_word_wrapping" name="regression_tests_for_rtables_empty_title_underlying_issue"/>
    <testcase time="0.016" classname="table_inset_and_titles_and_footers_word_wrapping" name="row_label_wrapping_has_identical_indentation"/>
    <testcase time="0.0110000000000001" classname="table_inset_and_titles_and_footers_word_wrapping" name="row_label_wrapping_has_identical_indentation"/>
    <testcase time="0.00499999999999989" classname="table_inset_and_titles_and_footers_word_wrapping" name="wrap_strings_work"/>
    <testcase time="0.00300000000000011" classname="table_inset_and_titles_and_footers_word_wrapping" name="wrap_strings_work"/>
    <testcase time="0.00199999999999978" classname="table_inset_and_titles_and_footers_word_wrapping" name="wrap_strings_work"/>
    <testcase time="0.00199999999999978" classname="table_inset_and_titles_and_footers_word_wrapping" name="wrap_strings_work"/>
    <testcase time="0.00200000000000067" classname="table_inset_and_titles_and_footers_word_wrapping" name="wrap_strings_work"/>
    <testcase time="0.00399999999999956" classname="table_inset_and_titles_and_footers_word_wrapping" name="wrap_strings_work"/>
    <testcase time="0.016" classname="table_inset_and_titles_and_footers_word_wrapping" name="toString_wrapping_avoid_trimming_whitespaces"/>
    <testcase time="0.00699999999999967" classname="table_inset_and_titles_and_footers_word_wrapping" name="toString_wrapping_avoid_trimming_whitespaces"/>
    <testcase time="0.00700000000000056" classname="table_inset_and_titles_and_footers_word_wrapping" name="toString_wrapping_avoid_trimming_whitespaces"/>
  </testsuite>
</testsuites>
